 3:36:32 BattlEye Server: Initialized (v1.217)
 3:36:32 Game Port: 2302, Steam Query Port: 2303
 3:36:32 Mission Exile.Taviana read from directory.
 3:36:32 Host identity created.
 3:36:33 Roles assigned.
 3:36:33 Reading mission ...
 3:36:43 Mission read.
 3:36:43 Game started.
 3:36:43 Successfull attempt to execute serverCommand '#exec users' by server.
 3:36:43 Successfull attempt to execute serverCommand '#exec users' by server.
 3:36:47 Thomas Cale uses modified data file
 3:36:53 BattlEye Server: Player #0 Thomas Cale (192.168.137.1:2304) connected
 3:36:53 Player Thomas Cale connecting.
 3:36:55 BattlEye Server: Connected to BE Master
 3:36:55 BattlEye Server: Player #0 Thomas Cale - BE GUID: 309448eed56a92d91bd96a533d6ad38d
 3:37:56 Player Thomas Cale connected (id=76561198073016657).
 3:37:56 BattlEye Server: Verified GUID (309448eed56a92d91bd96a533d6ad38d) of player #0 Thomas Cale
 3:38:31 Admin logged in, player: Thomas Cale, playerUID: 76561198073016657, IP: 192.168.42.42:2304.
 3:39:08 Player Thomas Cale disconnected.
 3:39:08 BattlEye Server: Player #0 Thomas Cale disconnected
 3:39:08 Admin logged out, player: Thomas Cale, playerUID: 76561198073016657, IP: 192.168.42.42:2304.
 3:39:11 Thomas Cale uses modified data file
 3:39:14 BattlEye Server: Player #0 Thomas Cale (192.168.137.1:2304) connected
 3:39:14 Player Thomas Cale connecting.
 3:39:15 BattlEye Server: Player #0 Thomas Cale - BE GUID: 309448eed56a92d91bd96a533d6ad38d
 3:40:17 Player Thomas Cale connected (id=76561198073016657).
 3:40:17 BattlEye Server: Verified GUID (309448eed56a92d91bd96a533d6ad38d) of player #0 Thomas Cale
 3:43:05 Player Thomas Cale disconnected.
 3:43:05 BattlEye Server: Player #0 Thomas Cale disconnected
