16:52:36 BattlEye Server: Initialized (v1.217)
16:52:36 Game Port: 2302, Steam Query Port: 2303
16:52:36 Mission Exile.Taviana read from directory.
16:52:36 Host identity created.
16:52:36 Roles assigned.
16:52:36 Reading mission ...
16:52:44 Mission read.
16:52:44 Game started.
16:55:15 Thomas Cale uses modified data file
16:55:17 BattlEye Server: Player #0 Thomas Cale (192.168.137.1:2304) connected
16:55:17 Player Thomas Cale connecting.
16:55:18 BattlEye Server: Connected to BE Master
16:55:19 BattlEye Server: Player #0 Thomas Cale - BE GUID: 309448eed56a92d91bd96a533d6ad38d
16:55:25 Player Thomas Cale connected (id=76561198073016657).
16:55:25 BattlEye Server: Verified GUID (309448eed56a92d91bd96a533d6ad38d) of player #0 Thomas Cale
17:05:30 Player Thomas Cale disconnected.
17:05:30 BattlEye Server: Player #0 Thomas Cale disconnected
17:05:33 Thomas Cale uses modified data file
17:05:35 BattlEye Server: Player #0 Thomas Cale (192.168.137.1:2304) connected
17:05:35 Player Thomas Cale connecting.
17:05:36 BattlEye Server: Player #0 Thomas Cale - BE GUID: 309448eed56a92d91bd96a533d6ad38d
17:05:41 Player Thomas Cale connected (id=76561198073016657).
17:05:41 BattlEye Server: Verified GUID (309448eed56a92d91bd96a533d6ad38d) of player #0 Thomas Cale
17:07:25 Player Thomas Cale disconnected.
17:07:25 BattlEye Server: Player #0 Thomas Cale disconnected
