 3:21:48 BattlEye Server: Initialized (v1.217)
 3:21:48 Game Port: 2302, Steam Query Port: 2303
 3:21:48 Mission Exile.Taviana read from directory.
 3:21:48 Host identity created.
 3:21:49 Roles assigned.
 3:21:49 Reading mission ...
 3:21:59 Mission read.
 3:21:59 Game started.
 3:21:59 Successfull attempt to execute serverCommand '#exec users' by server.
 3:21:59 Successfull attempt to execute serverCommand '#exec users' by server.
 3:23:01 Thomas Cale uses modified data file
 3:23:04 BattlEye Server: Player #0 Thomas Cale (192.168.137.1:2304) connected
 3:23:04 Player Thomas Cale connecting.
 3:23:05 BattlEye Server: Connected to BE Master
 3:23:06 BattlEye Server: Player #0 Thomas Cale - BE GUID: 309448eed56a92d91bd96a533d6ad38d
 3:23:06 Player Thomas Cale connected (id=76561198073016657).
 3:23:06 BattlEye Server: Verified GUID (309448eed56a92d91bd96a533d6ad38d) of player #0 Thomas Cale
 3:23:51 Wrong admin password entered by player: Thomas Cale, playerUID: 76561198073016657, IP: 192.168.42.42:2304.
 3:26:11 Wrong admin password entered by player: Thomas Cale, playerUID: 76561198073016657, IP: 192.168.42.42:2304.
 3:32:22 Player Thomas Cale disconnected.
 3:32:22 BattlEye Server: Player #0 Thomas Cale disconnected
 3:32:30 Thomas Cale uses modified data file
 3:32:33 BattlEye Server: Player #0 Thomas Cale (192.168.137.1:2304) connected
 3:32:33 Player Thomas Cale connecting.
 3:32:34 BattlEye Server: Player #0 Thomas Cale - BE GUID: 309448eed56a92d91bd96a533d6ad38d
 3:33:32 Player Thomas Cale disconnected.
 3:33:32 BattlEye Server: Player #0 Thomas Cale disconnected
 3:33:35 Thomas Cale uses modified data file
 3:33:38 BattlEye Server: Player #0 Thomas Cale (192.168.137.1:2304) connected
 3:33:38 Player Thomas Cale connecting.
 3:33:39 BattlEye Server: Player #0 Thomas Cale - BE GUID: 309448eed56a92d91bd96a533d6ad38d
 3:34:01 Player Thomas Cale disconnected.
 3:34:01 BattlEye Server: Player #0 Thomas Cale disconnected
