extDB2: Version: 70
extDB2: https://github.com/Torndeco/extDB2
extDB2: Windows Version
Message: All development for extDB2 is done on a Linux Dedicated Server
Message: If you would like to Donate to extDB2 Development
Message: https://www.paypal.com/cgi-bin/webscr?cmd=_s-xclick&hosted_button_id=2SUEFTGABTAM2
Message: Also leave a message if there is any particular feature you would like to see added.
Message: Thanks for all the people that have donated.
Message: Torndeco: 20/02/15


extDB2: Found extdb-conf.ini
extDB2: Detected 8 Cores, Setting up 6 Worker Threads


[17:06:07:631746 +11:00] [Thread 1492] extDB2: Database Type: MySQL
[17:06:07:634477 +11:00] [Thread 1492] extDB2: Database Session Pool Started
[17:06:07:638604 +11:00] [Thread 1492] extDB2: SQL_CUSTOM_V2: Loading Template Filename: C:\Arma3TavianaExile\@ExileServer\extDB\sql_custom_v2\exile.ini
[17:06:07:638764 +11:00] [Thread 1492] extDB2: SQL_CUSTOM_V2: Version 12 Detected, Latest Version 12 Available
[17:06:07:695267 +11:00] [Thread 1492] extDB2: LOG: Error: Failed opening file C:\Arma3TavianaExile\@ExileServer\extDB\logs\2020\4\09\Exile_TradingLog.log for writing
[17:06:07:695303 +11:00] [Thread 1492] extDB2: Failed to Load Protocol: LOG
[17:06:07:749440 +11:00] [Thread 1492] extDB2: LOG: Error: Failed opening file C:\Arma3TavianaExile\@ExileServer\extDB\logs\2020\4\09\Exile_DeathLog.log for writing
[17:06:07:749525 +11:00] [Thread 1492] extDB2: Failed to Load Protocol: LOG
[17:06:07:802408 +11:00] [Thread 1492] extDB2: LOG: Error: Failed opening file C:\Arma3TavianaExile\@ExileServer\extDB\logs\2020\4\09\Exile_TerritoryLog.log for writing
[17:06:07:802449 +11:00] [Thread 1492] extDB2: Failed to Load Protocol: LOG
[17:06:10:759018 +11:00] [Thread 1492] extDB2: Stopping ...
