extDB2: Version: 70
extDB2: https://github.com/Torndeco/extDB2
extDB2: Windows Version
Message: All development for extDB2 is done on a Linux Dedicated Server
Message: If you would like to Donate to extDB2 Development
Message: https://www.paypal.com/cgi-bin/webscr?cmd=_s-xclick&hosted_button_id=2SUEFTGABTAM2
Message: Also leave a message if there is any particular feature you would like to see added.
Message: Thanks for all the people that have donated.
Message: Torndeco: 20/02/15


extDB2: Found extdb-conf.ini
extDB2: Detected 8 Cores, Setting up 6 Worker Threads


[04:29:45:838135 +11:00] [Thread 11976] extDB2: Database Type: MySQL
[04:29:45:841179 +11:00] [Thread 11976] extDB2: Database Session Pool Started
[04:29:45:842803 +11:00] [Thread 11976] extDB2: SQL_CUSTOM_V2: Loading Template Filename: C:\Arma3TavianaExile\@ExileServer\extDB\sql_custom_v2\exile.ini
[04:29:45:842960 +11:00] [Thread 11976] extDB2: SQL_CUSTOM_V2: Version 12 Detected, Latest Version 12 Available
[04:36:45:788049 +11:00] [Thread 10836] extDB2: SQL_CUSTOM_V2: Error No Custom Call Not Found: Input String addAccountZombieKill:76561198073016657
[04:36:45:788111 +11:00] [Thread 10836] extDB2: SQL_CUSTOM_V2: Error No Custom Call Not Found: Callname addAccountZombieKill
[04:36:59:452181 +11:00] [Thread 1680] extDB2: SQL_CUSTOM_V2: Error No Custom Call Not Found: Input String addAccountZombieKill:76561198073016657
[04:36:59:452237 +11:00] [Thread 1680] extDB2: SQL_CUSTOM_V2: Error No Custom Call Not Found: Callname addAccountZombieKill
[04:37:21:245627 +11:00] [Thread 10836] extDB2: SQL_CUSTOM_V2: Error No Custom Call Not Found: Input String addAccountZombieKill:76561198073016657
[04:37:21:245682 +11:00] [Thread 10836] extDB2: SQL_CUSTOM_V2: Error No Custom Call Not Found: Callname addAccountZombieKill
[04:38:26:171270 +11:00] [Thread 10836] extDB2: SQL_CUSTOM_V2: Incorrect Number of Inputs: Input String updateInfection:0:0
[04:38:26:171303 +11:00] [Thread 10836] extDB2: SQL_CUSTOM_V2: Incorrect Number of Inputs: Expected: 3 Got: 2
[04:40:24:977500 +11:00] [Thread 11104] extDB2: SQL_CUSTOM_V2: Error No Custom Call Not Found: Input String addAccountZombieKill:76561198073016657
[04:40:24:977570 +11:00] [Thread 11104] extDB2: SQL_CUSTOM_V2: Error No Custom Call Not Found: Callname addAccountZombieKill
