13.04.2020 01:08:43: _fnc_server_handle_mpmessage: n47p8u6y677g127r3e2y3d8r057p3_8s7t1w6zc
13.04.2020 01:08:43: _fnc_AdminReqReal: oh71167681cz3m8r9r3f3j3p7r1_8o769e351v7i3
13.04.2020 01:08:43: _playerObjCheckLoop: wm8wc9c0a8eq8h5ka4653n3q3i97ck3e1u6
13.04.2020 01:08:43: _token_by_uid: z11ie78v7g7p131m716
13.04.2020 01:08:43: _uid_by_token: i86l7o6u79827r107t2
13.04.2020 01:08:43: _name_by_uid: s56p7q3zcweh8t1t77528j8b656s5o14c
13.04.2020 01:08:43: _owner_by_uid: hf8l31cn2p587m577i6_9ac0ey7m7a5t9
13.04.2020 01:08:43: _uid_by_owner: ey2h7i7g7e3m34525h865c3zc_7j1h5c7251at3
13.04.2020 01:08:43: _fn_playerConnected: zn301y298g1j7l5e8e8z8j7c9s3dcd1t6m7l5v7
13.04.2020 01:08:43: _server_setTokenR: ey7b77a8a72v6r688u8e7wa73k3n697l1
13.04.2020 01:08:43: _FN_INJECT_ON_CLIENT: ho9378968v76a5032i5bca7j1o6j9m703i7
13.04.2020 01:08:43: _fnc_l_on_c: ku8n637q8o3s7_187m9u1l31123k8k7l1
13.04.2020 01:08:43: _adminStartupCode: oeey849v3l2ycn1v1c747
13.04.2020 01:08:43: _AHKickOFF: dt371h6g9_843t8s806
13.04.2020 01:08:43: _AHKickLog: or8vc_3p5yataa157g84503w37ez8x8h200g1
13.04.2020 01:08:43: _AH_RunCheckENDVAR: rlev3q197o1b8m17a13y6m651g7p811f7o3
13.04.2020 01:08:43: _AH_RunCheck: s91uazcd525k7ca38_c93a3p7
13.04.2020 01:08:43: _AH_HackLogArrayRND: id7z1ucn5a7a24040e5f708j5_ao718t0e5z7
13.04.2020 01:08:43: _AH_SurvLogArrayRND: t4801p7u73a46c713x2f5i2r3n571qai6ie
13.04.2020 01:08:43: _AH_AdmiLogArrayRND: si77em82cxag6s5q37c83jes7x5z30777
13.04.2020 01:08:43: _TMPBAN: pz3aai7w3v3s798o233_84ej0
13.04.2020 01:08:43: _fn_getTempBans: kf8c793t32a1a7710l6p3
13.04.2020 01:08:43: _fnc_addTempBan: ru5072305p138lcf8h8
13.04.2020 01:08:43: _fnc_removeTempBan: g25sam9p5i8l9i5h0e3
13.04.2020 01:08:43: _AHpos: bg1i1k716y6_c_7m1t3qce1y10148h0y1l30719le
13.04.2020 01:08:43: _adminsA: gz3z873276cp7e1y122y8ka93z5w7s782b0c731l7z5
13.04.2020 01:08:43: _vehicle_needs_check: hx6z3w63383e3t141p120p67076n1p1a8t713j3x6
13.04.2020 01:08:43: _fnc_infiSTAR_PlayerLog: ot8j3m1fcre27l5x7cca5o7pa07
13.04.2020 01:08:43: _antidupePVResVar: mv3oaf3wab7k3l7w3b7o0m7
13.04.2020 01:08:43: _runcheck_thread: i02xagch7t1v3j8z7dcz8m8s5q7
13.04.2020 01:08:43: _livestarted: ub1y2h8c6f85593z6h2t8r1
13.04.2020 01:08:43: _fnc_check_type_allowed: ik1r6t8d8y3h7d9t5r3
13.04.2020 01:08:43: _fnc_server_handle_mpmessage: n47p8u6y677g127r3e2y3d8r057p3_8s7t1w6zc
13.04.2020 01:08:43: _fnc_AdminReqReal: oh71167681cz3m8r9r3f3j3p7r1_8o769e351v7i3
13.04.2020 01:08:43: _playerObjCheckLoop: wm8wc9c0a8eq8h5ka4653n3q3i97ck3e1u6
13.04.2020 01:08:43: _token_by_uid: z11ie78v7g7p131m716
13.04.2020 01:08:43: _uid_by_token: i86l7o6u79827r107t2
13.04.2020 01:08:43: _name_by_uid: s56p7q3zcweh8t1t77528j8b656s5o14c
13.04.2020 01:08:43: _owner_by_uid: hf8l31cn2p587m577i6_9ac0ey7m7a5t9
13.04.2020 01:08:43: _uid_by_owner: ey2h7i7g7e3m34525h865c3zc_7j1h5c7251at3
13.04.2020 01:08:44: _fn_playerConnected: zn301y298g1j7l5e8e8z8j7c9s3dcd1t6m7l5v7
13.04.2020 01:08:44: _server_setTokenR: ey7b77a8a72v6r688u8e7wa73k3n697l1
13.04.2020 01:08:44: _FN_INJECT_ON_CLIENT: ho9378968v76a5032i5bca7j1o6j9m703i7
13.04.2020 01:08:44: _fnc_l_on_c: ku8n637q8o3s7_187m9u1l31123k8k7l1
13.04.2020 01:08:44: _adminStartupCode: oeey849v3l2ycn1v1c747
13.04.2020 01:08:44: _AHKickOFF: dt371h6g9_843t8s806
13.04.2020 01:08:44: _AHKickLog: or8vc_3p5yataa157g84503w37ez8x8h200g1
13.04.2020 01:08:44: _AH_RunCheckENDVAR: rlev3q197o1b8m17a13y6m651g7p811f7o3
13.04.2020 01:08:44: _AH_RunCheck: s91uazcd525k7ca38_c93a3p7
13.04.2020 01:08:44: _AH_HackLogArrayRND: id7z1ucn5a7a24040e5f708j5_ao718t0e5z7
13.04.2020 01:08:44: _AH_SurvLogArrayRND: t4801p7u73a46c713x2f5i2r3n571qai6ie
13.04.2020 01:08:44: _AH_AdmiLogArrayRND: si77em82cxag6s5q37c83jes7x5z30777
13.04.2020 01:08:44: _TMPBAN: pz3aai7w3v3s798o233_84ej0
13.04.2020 01:08:44: _fn_getTempBans: kf8c793t32a1a7710l6p3
13.04.2020 01:08:44: _fnc_addTempBan: ru5072305p138lcf8h8
13.04.2020 01:08:44: _fnc_removeTempBan: g25sam9p5i8l9i5h0e3
13.04.2020 01:08:44: _AHpos: bg1i1k716y6_c_7m1t3qce1y10148h0y1l30719le
13.04.2020 01:08:44: _adminsA: gz3z873276cp7e1y122y8ka93z5w7s782b0c731l7z5
13.04.2020 01:08:44: _vehicle_needs_check: hx6z3w63383e3t141p120p67076n1p1a8t713j3x6
13.04.2020 01:08:44: _fnc_infiSTAR_PlayerLog: ot8j3m1fcre27l5x7cca5o7pa07
13.04.2020 01:08:44: _antidupePVResVar: mv3oaf3wab7k3l7w3b7o0m7
13.04.2020 01:08:44: _runcheck_thread: i02xagch7t1v3j8z7dcz8m8s5q7
13.04.2020 01:08:44: _livestarted: ub1y2h8c6f85593z6h2t8r1
13.04.2020 01:08:44: _fnc_check_type_allowed: ik1r6t8d8y3h7d9t5r3
13.04.2020 01:08:44: _fnc_vehicle_check: cu7e8e183s3n5074905f1f8h7q3raz3l5
13.04.2020 01:08:44: _rcheckclient: ybci173q5ien738h053i596z7v78cc0l1s3
13.04.2020 01:08:44: _rcheckserver: vo3d12878q706v337w2
13.04.2020 01:08:44: _waste_btn_thread: z9343h1h105j7n501g3s793t5c6_ej578l7xaccac7c37u835
13.04.2020 01:12:11: _fnc_server_handle_mpmessage: kpc_7m731e7x8f0w109o7h7q7h0k7
13.04.2020 01:12:11: _fnc_AdminReqReal: rn3k0hccep6a3z3p1kc386301z023b0c8
13.04.2020 01:12:11: _playerObjCheckLoop: h_8437aecq1n1a9z19182
13.04.2020 01:12:11: _token_by_uid: nfab6510105s7p65af6
13.04.2020 01:12:11: _uid_by_token: uv1i6q0y713_aw8icq7w5h707s1
13.04.2020 01:12:11: _name_by_uid: km7rex3w7867753kcq6a7p64cb2k7z1t7x8p7v0i1d078g3
13.04.2020 01:12:11: _owner_by_uid: g1173l38898b1x9n36071p323
13.04.2020 01:12:11: _uid_by_owner: qr6u053s3c7da5cn9j74333w1u7
13.04.2020 01:12:11: _fn_playerConnected: xq3q3r5c8k787n788o3
13.04.2020 01:12:11: _server_setTokenR: j_6i838j7q7rclcy1l353d621u3q761k3e840
13.04.2020 01:12:11: _FN_INJECT_ON_CLIENT: cb8232ce3b34371fcs3r1r848i6m1s1e6
13.04.2020 01:12:11: _fnc_l_on_c: of10e53l7s7c626q896s5a5i22cw1x1665cm2
13.04.2020 01:12:11: _adminStartupCode: ts59568d5o76cl708e7k96533y3v7laz2i7b123974a7cg1
13.04.2020 01:12:11: _AHKickOFF: mcej1y7b391k6b8je93t636m3d5a78a4788_1o8f7
13.04.2020 01:12:11: _AHKickLog: crclac6n6t5e8x773q1
13.04.2020 01:12:11: _AH_RunCheckENDVAR: s33z5q1a50cu6p2p3b262u7
13.04.2020 01:12:11: _AH_RunCheck: sr1sal6d8qa90q6k1n3u3e7
13.04.2020 01:12:11: _AH_HackLogArrayRND: nq1x1x8u8b131r2l1v5y6o9k6j1x5j7l1dc
13.04.2020 01:12:11: _AH_SurvLogArrayRND: vy0u1peo738a676m3s7
13.04.2020 01:12:11: _AH_AdmiLogArrayRND: jmcy387y3l7z101r1ccs8z7
13.04.2020 01:12:11: _TMPBAN: q_1l7k6b2y0m541sah888r981v7y5r216
13.04.2020 01:12:11: _fn_getTempBans: ah1a2x3x3iaf6qa930e
13.04.2020 01:12:11: _fnc_addTempBan: oj788u7a770f6a3f7y6
13.04.2020 01:12:11: _fnc_removeTempBan: x87a3r6v938a757c7v7g35cn5z3z6j1n7h9o0vev828
13.04.2020 01:12:11: _AHpos: di0n8x5v3n7l76c12n1m6j9qcteaa
13.04.2020 01:12:11: _adminsA: br5f1d7l6b1n3f8q35207u501n9o7t733
13.04.2020 01:12:11: _vehicle_needs_check: tj7e5r261a8g3q1u9y7ser6_7o7ee
13.04.2020 01:12:11: _fnc_infiSTAR_PlayerLog: rc1536335ncj3k7e5e7t3
13.04.2020 01:12:11: _antidupePVResVar: ff9o7ua4at5l3k3s7b7m2v301s7f918m3eaiazc
13.04.2020 01:12:11: _fnc_server_handle_mpmessage: kpc_7m731e7x8f0w109o7h7q7h0k7
13.04.2020 01:12:11: _fnc_AdminReqReal: rn3k0hccep6a3z3p1kc386301z023b0c8
13.04.2020 01:12:11: _playerObjCheckLoop: h_8437aecq1n1a9z19182
13.04.2020 01:12:11: _token_by_uid: nfab6510105s7p65af6
13.04.2020 01:12:11: _uid_by_token: uv1i6q0y713_aw8icq7w5h707s1
13.04.2020 01:12:11: _name_by_uid: km7rex3w7867753kcq6a7p64cb2k7z1t7x8p7v0i1d078g3
13.04.2020 01:12:11: _owner_by_uid: g1173l38898b1x9n36071p323
13.04.2020 01:12:11: _uid_by_owner: qr6u053s3c7da5cn9j74333w1u7
13.04.2020 01:12:11: _fn_playerConnected: xq3q3r5c8k787n788o3
13.04.2020 01:12:11: _server_setTokenR: j_6i838j7q7rclcy1l353d621u3q761k3e840
13.04.2020 01:12:11: _FN_INJECT_ON_CLIENT: cb8232ce3b34371fcs3r1r848i6m1s1e6
13.04.2020 01:12:11: _fnc_l_on_c: of10e53l7s7c626q896s5a5i22cw1x1665cm2
13.04.2020 01:12:11: _adminStartupCode: ts59568d5o76cl708e7k96533y3v7laz2i7b123974a7cg1
13.04.2020 01:12:11: _AHKickOFF: mcej1y7b391k6b8je93t636m3d5a78a4788_1o8f7
13.04.2020 01:12:11: _AHKickLog: crclac6n6t5e8x773q1
13.04.2020 01:12:11: _AH_RunCheckENDVAR: s33z5q1a50cu6p2p3b262u7
13.04.2020 01:12:11: _AH_RunCheck: sr1sal6d8qa90q6k1n3u3e7
13.04.2020 01:12:11: _AH_HackLogArrayRND: nq1x1x8u8b131r2l1v5y6o9k6j1x5j7l1dc
13.04.2020 01:12:11: _AH_SurvLogArrayRND: vy0u1peo738a676m3s7
13.04.2020 01:12:11: _AH_AdmiLogArrayRND: jmcy387y3l7z101r1ccs8z7
13.04.2020 01:12:11: _TMPBAN: q_1l7k6b2y0m541sah888r981v7y5r216
13.04.2020 01:12:11: _fn_getTempBans: ah1a2x3x3iaf6qa930e
13.04.2020 01:12:11: _fnc_addTempBan: oj788u7a770f6a3f7y6
13.04.2020 01:12:11: _fnc_removeTempBan: x87a3r6v938a757c7v7g35cn5z3z6j1n7h9o0vev828
13.04.2020 01:12:11: _AHpos: di0n8x5v3n7l76c12n1m6j9qcteaa
13.04.2020 01:12:11: _adminsA: br5f1d7l6b1n3f8q35207u501n9o7t733
13.04.2020 01:12:11: _vehicle_needs_check: tj7e5r261a8g3q1u9y7ser6_7o7ee
13.04.2020 01:12:11: _fnc_infiSTAR_PlayerLog: rc1536335ncj3k7e5e7t3
13.04.2020 01:12:11: _antidupePVResVar: ff9o7ua4at5l3k3s7b7m2v301s7f918m3eaiazc
13.04.2020 01:12:11: _runcheck_thread: fuey62181b8l2b7r1q7735707i607scg7m7_95c
13.04.2020 01:12:11: _livestarted: sd2e0734a37x677g5y313
13.04.2020 01:12:11: _fnc_check_type_allowed: t5aa3s756v0g8g318b181ia2766t5a8x7l6m3
13.04.2020 01:12:11: _fnc_vehicle_check: vx3t3j5mau703p1m5_5l1e6_c15n701b865u7yc
13.04.2020 01:12:11: _rcheckclient: it6n7v3z366f8g1o5_a
13.04.2020 01:12:11: _rcheckserver: ie3n8p3a287o0y737v34cn3
13.04.2020 01:12:11: _waste_btn_thread: lm5f3oa2787n1ias5t3a2tah5aci3t5h7fam7j1
13.04.2020 02:28:55: _fnc_server_handle_mpmessage: rd2y773za53f7zef8t7iay1n7790e
13.04.2020 02:28:56: _fnc_AdminReqReal: w76kc15p399k5rc91_7l7wce55a3cg1j8
13.04.2020 02:28:56: _playerObjCheckLoop: gh8c5e7c6v1j1e6ea98
13.04.2020 02:28:56: _token_by_uid: y07a1c6v1y87ac5pcu1o73e9cy6eekc47
13.04.2020 02:28:56: _uid_by_token: ss1s3c1a5g8r1e6974c4cea27z7_3p3ue
13.04.2020 02:28:56: _name_by_uid: lr6laget515v8o1u862
13.04.2020 02:28:56: _owner_by_uid: ta9d8p9c1i7c0j6j8z39aw770aa48k8s1_7w5
13.04.2020 02:28:56: _uid_by_owner: co0t7u5h28393j66505gcxch81c
13.04.2020 02:28:56: _fn_playerConnected: wq605y6x7h749l133c343a1laj8a146l561
13.04.2020 02:28:56: _server_setTokenR: we7k8m8m127s738j2s7w7h3g641x3z2y6
13.04.2020 02:28:56: _FN_INJECT_ON_CLIENT: hw9n8e139n6ecca48d1
13.04.2020 02:28:56: _fnc_l_on_c: jh7d3tai1d611eae967o3h7996115
13.04.2020 02:28:56: _adminStartupCode: mcci5s7m827x617i720l80626_1
13.04.2020 02:28:56: _AHKickOFF: kccf1t3wcd6r3o8m9r1v8y1o3ta
13.04.2020 02:28:56: _AHKickLog: n08l3g376v6f1p5ya77
13.04.2020 02:28:56: _AH_RunCheckENDVAR: k47n1pefcs8i1i3u8k7
13.04.2020 02:28:56: _AH_RunCheck: vhas7i3910ad3sck9n5f387i827i1
13.04.2020 02:28:56: _AH_HackLogArrayRND: j29y5a225h5k7t726l7p642_7l3
13.04.2020 02:28:56: _AH_SurvLogArrayRND: au7a1u0q5v0ia87k7l7q837e1m8v6k8
13.04.2020 02:28:56: _AH_AdmiLogArrayRND: lb5d6a1m8g3p8k7k1y3j74696b8
13.04.2020 02:28:56: _TMPBAN: mpaz873qcx1f94113n1k7
13.04.2020 02:28:56: _fn_getTempBans: qb2s361r7y1r5n3u3pcb0o1g6
13.04.2020 02:28:56: _fnc_addTempBan: mdeo3j3a1635c4377v6scz3o6ca01n8ka13f2b5
13.04.2020 02:28:56: _fnc_removeTempBan: o_603f7d0paq7c6i7e1
13.04.2020 02:28:56: _AHpos: yl06121h3me_a78qcka
13.04.2020 02:28:56: _adminsA: a81t948y3n85cq9m0y7
13.04.2020 02:28:56: _vehicle_needs_check: fn6f826n5t3e5web3g1
13.04.2020 02:28:56: _fnc_infiSTAR_PlayerLog: dd3d3v167r357l7q7o7
13.04.2020 02:28:56: _antidupePVResVar: sfa7ae3b7j310a557xex3h6m7n7n1
13.04.2020 02:28:56: _runcheck_thread: vj6n9z3x8o6979347e1
13.04.2020 02:28:56: _livestarted: ti8p3ea912c43c50ah266x081l8y7ycl651238c
13.04.2020 02:28:56: _fnc_check_type_allowed: gj7d3uaxeq585u8p796q6x8a347j7hcqc
13.04.2020 02:28:56: _fnc_server_handle_mpmessage: rd2y773za53f7zef8t7iay1n7790e
13.04.2020 02:28:56: _fnc_AdminReqReal: w76kc15p399k5rc91_7l7wce55a3cg1j8
13.04.2020 02:28:56: _playerObjCheckLoop: gh8c5e7c6v1j1e6ea98
13.04.2020 02:28:56: _token_by_uid: y07a1c6v1y87ac5pcu1o73e9cy6eekc47
13.04.2020 02:28:56: _uid_by_token: ss1s3c1a5g8r1e6974c4cea27z7_3p3ue
13.04.2020 02:28:56: _name_by_uid: lr6laget515v8o1u862
13.04.2020 02:28:56: _owner_by_uid: ta9d8p9c1i7c0j6j8z39aw770aa48k8s1_7w5
13.04.2020 02:28:56: _uid_by_owner: co0t7u5h28393j66505gcxch81c
13.04.2020 02:28:56: _fn_playerConnected: wq605y6x7h749l133c343a1laj8a146l561
13.04.2020 02:28:56: _server_setTokenR: we7k8m8m127s738j2s7w7h3g641x3z2y6
13.04.2020 02:28:56: _FN_INJECT_ON_CLIENT: hw9n8e139n6ecca48d1
13.04.2020 02:28:56: _fnc_l_on_c: jh7d3tai1d611eae967o3h7996115
13.04.2020 02:28:56: _adminStartupCode: mcci5s7m827x617i720l80626_1
13.04.2020 02:28:56: _AHKickOFF: kccf1t3wcd6r3o8m9r1v8y1o3ta
13.04.2020 02:28:56: _AHKickLog: n08l3g376v6f1p5ya77
13.04.2020 02:28:56: _AH_RunCheckENDVAR: k47n1pefcs8i1i3u8k7
13.04.2020 02:28:56: _AH_RunCheck: vhas7i3910ad3sck9n5f387i827i1
13.04.2020 02:28:56: _AH_HackLogArrayRND: j29y5a225h5k7t726l7p642_7l3
13.04.2020 02:28:56: _AH_SurvLogArrayRND: au7a1u0q5v0ia87k7l7q837e1m8v6k8
13.04.2020 02:28:56: _AH_AdmiLogArrayRND: lb5d6a1m8g3p8k7k1y3j74696b8
13.04.2020 02:28:56: _TMPBAN: mpaz873qcx1f94113n1k7
13.04.2020 02:28:56: _fn_getTempBans: qb2s361r7y1r5n3u3pcb0o1g6
13.04.2020 02:28:56: _fnc_addTempBan: mdeo3j3a1635c4377v6scz3o6ca01n8ka13f2b5
13.04.2020 02:28:56: _fnc_removeTempBan: o_603f7d0paq7c6i7e1
13.04.2020 02:28:56: _AHpos: yl06121h3me_a78qcka
13.04.2020 02:28:56: _adminsA: a81t948y3n85cq9m0y7
13.04.2020 02:28:56: _vehicle_needs_check: fn6f826n5t3e5web3g1
13.04.2020 02:28:56: _fnc_infiSTAR_PlayerLog: dd3d3v167r357l7q7o7
13.04.2020 02:28:56: _antidupePVResVar: sfa7ae3b7j310a557xex3h6m7n7n1
13.04.2020 02:28:56: _runcheck_thread: vj6n9z3x8o6979347e1
13.04.2020 02:28:56: _livestarted: ti8p3ea912c43c50ah266x081l8y7ycl651238c
13.04.2020 02:28:56: _fnc_check_type_allowed: gj7d3uaxeq585u8p796q6x8a347j7hcqc
13.04.2020 02:28:56: _fnc_vehicle_check: xs1vc08x3f18al2l7q30ev6d3v5l2
13.04.2020 02:28:56: _rcheckclient: t48r1639133c1j0sc28
13.04.2020 02:28:56: _rcheckserver: rb6o3a6x7x338w9b3h7
13.04.2020 02:28:56: _waste_btn_thread: sb70c_5u551m5o9v5z2uam6c808d1vahah3w705
13.04.2020 03:13:50: _fnc_server_handle_mpmessage: xc7d5g733z6b1a9_6f2
13.04.2020 03:13:50: _fnc_AdminReqReal: am1yaf2x755h692t3r8wcd8v8w38733o63049e6wco8
13.04.2020 03:13:50: _playerObjCheckLoop: ehcy7k1m0a6l1i7r1jc
13.04.2020 03:13:51: _token_by_uid: q4cgep7i33aj303k768tav7c3q753i3i7q1s7ici5
13.04.2020 03:13:51: _uid_by_token: vk8o7z3x1r7l1y3qcz7
13.04.2020 03:13:51: _name_by_uid: is3a8y3tc19w3y9ae215ca6c8f7b157f62aq232r6
13.04.2020 03:13:51: _owner_by_uid: o41x7s3x1t3r7s0l123
13.04.2020 03:13:51: _uid_by_owner: l53f7eaw6_c59m3_3f8lctcn169f51a
13.04.2020 03:13:51: _fn_playerConnected: am7sa2e96f8y1g3z3a95c20p387z87788a3j1
13.04.2020 03:13:51: _server_setTokenR: bb7k7e7d7s137h7j767o8
13.04.2020 03:13:51: _FN_INJECT_ON_CLIENT: ts223n1h7eej5i1l83051o1w3y7tena67r249ac
13.04.2020 03:13:51: _fnc_l_on_c: l587cz7y0y5tcx1s2a7
13.04.2020 03:13:51: _adminStartupCode: e13c7f32145x8c0r536
13.04.2020 03:13:51: _AHKickOFF: x82h1gav30190h0e8_9
13.04.2020 03:13:51: _AHKickLog: df768u7lcx6_35829p5
13.04.2020 03:13:51: _AH_RunCheckENDVAR: tc703o8y0e5079cu7o7
13.04.2020 03:13:51: _AH_RunCheck: j5an7p3i1seq9_1l6ac_1
13.04.2020 03:13:51: _AH_HackLogArrayRND: j85q2o5a3s7z74827u2a7u7k3s1r0p8_8k77601
13.04.2020 03:13:51: _AH_SurvLogArrayRND: l11q336s70509085381
13.04.2020 03:13:51: _AH_AdmiLogArrayRND: br3v6yan1_1q1gci033
13.04.2020 03:13:51: _TMPBAN: q51ua80t7s17av8y317n843t9iet748
13.04.2020 03:13:51: _fn_getTempBans: a5a17q782i5j35as7413938i36cl8c1s7x178
13.04.2020 03:13:51: _fnc_addTempBan: zc391q5y2z577rc76l6ze71
13.04.2020 03:13:51: _fnc_removeTempBan: h52t7qed6x5g7b7m163
13.04.2020 03:13:51: _AHpos: m45_7i58737r7sc5ag7
13.04.2020 03:13:51: _adminsA: ye6q6l8cce5k2t73622t7f7k5g2f7bce7d3h3a8j2z6v6
13.04.2020 03:13:51: _vehicle_needs_check: ab9c1w6e503_c6026o8xci8y339g2g1k6q8u11157k5
13.04.2020 03:13:51: _fnc_infiSTAR_PlayerLog: jy38cq7270aeca6m5g8
13.04.2020 03:13:51: _antidupePVResVar: dk3a8g3r806h75crcd6e3a7
13.04.2020 03:13:51: _runcheck_thread: na7x2r7s6t8s9h7mam1pa15e8xa_3e3s3a2r2cal7r7v1
13.04.2020 03:13:51: _livestarted: vncucganao3g8k1e2g8rcg717c8j1men8p8
13.04.2020 03:13:51: _fnc_check_type_allowed: v30u7l2t3r7aea8n0meq3v38193o0_16c6168
13.04.2020 03:13:51: _fnc_server_handle_mpmessage: xc7d5g733z6b1a9_6f2
13.04.2020 03:13:51: _fnc_AdminReqReal: am1yaf2x755h692t3r8wcd8v8w38733o63049e6wco8
13.04.2020 03:13:51: _playerObjCheckLoop: ehcy7k1m0a6l1i7r1jc
13.04.2020 03:13:51: _token_by_uid: q4cgep7i33aj303k768tav7c3q753i3i7q1s7ici5
13.04.2020 03:13:51: _uid_by_token: vk8o7z3x1r7l1y3qcz7
13.04.2020 03:13:51: _name_by_uid: is3a8y3tc19w3y9ae215ca6c8f7b157f62aq232r6
13.04.2020 03:13:51: _owner_by_uid: o41x7s3x1t3r7s0l123
13.04.2020 03:13:51: _uid_by_owner: l53f7eaw6_c59m3_3f8lctcn169f51a
13.04.2020 03:13:51: _fn_playerConnected: am7sa2e96f8y1g3z3a95c20p387z87788a3j1
13.04.2020 03:13:51: _server_setTokenR: bb7k7e7d7s137h7j767o8
13.04.2020 03:13:51: _FN_INJECT_ON_CLIENT: ts223n1h7eej5i1l83051o1w3y7tena67r249ac
13.04.2020 03:13:51: _fnc_l_on_c: l587cz7y0y5tcx1s2a7
13.04.2020 03:13:51: _adminStartupCode: e13c7f32145x8c0r536
13.04.2020 03:13:51: _AHKickOFF: x82h1gav30190h0e8_9
13.04.2020 03:13:51: _AHKickLog: df768u7lcx6_35829p5
13.04.2020 03:13:51: _AH_RunCheckENDVAR: tc703o8y0e5079cu7o7
13.04.2020 03:13:51: _AH_RunCheck: j5an7p3i1seq9_1l6ac_1
13.04.2020 03:13:51: _AH_HackLogArrayRND: j85q2o5a3s7z74827u2a7u7k3s1r0p8_8k77601
13.04.2020 03:13:51: _AH_SurvLogArrayRND: l11q336s70509085381
13.04.2020 03:13:51: _AH_AdmiLogArrayRND: br3v6yan1_1q1gci033
13.04.2020 03:13:51: _TMPBAN: q51ua80t7s17av8y317n843t9iet748
13.04.2020 03:13:51: _fn_getTempBans: a5a17q782i5j35as7413938i36cl8c1s7x178
13.04.2020 03:13:51: _fnc_addTempBan: zc391q5y2z577rc76l6ze71
13.04.2020 03:13:51: _fnc_removeTempBan: h52t7qed6x5g7b7m163
13.04.2020 03:13:51: _AHpos: m45_7i58737r7sc5ag7
13.04.2020 03:13:51: _adminsA: ye6q6l8cce5k2t73622t7f7k5g2f7bce7d3h3a8j2z6v6
13.04.2020 03:13:51: _vehicle_needs_check: ab9c1w6e503_c6026o8xci8y339g2g1k6q8u11157k5
13.04.2020 03:13:51: _fnc_infiSTAR_PlayerLog: jy38cq7270aeca6m5g8
13.04.2020 03:13:51: _antidupePVResVar: dk3a8g3r806h75crcd6e3a7
13.04.2020 03:13:51: _runcheck_thread: na7x2r7s6t8s9h7mam1pa15e8xa_3e3s3a2r2cal7r7v1
13.04.2020 03:13:51: _livestarted: vncucganao3g8k1e2g8rcg717c8j1men8p8
13.04.2020 03:13:51: _fnc_check_type_allowed: v30u7l2t3r7aea8n0meq3v38193o0_16c6168
13.04.2020 03:13:51: _fnc_vehicle_check: b965ad1j7j3x353z5l6
13.04.2020 03:13:51: _rcheckclient: dcau165w717p8479ai7f703j3w3
13.04.2020 03:13:51: _rcheckserver: pw6s3t3e6r7l50373d2
13.04.2020 03:13:51: _waste_btn_thread: f4ek1r8c7_3a1m7d8k2
13.04.2020 03:47:34: _fnc_server_handle_mpmessage: do1y3o19es8acs55epe98t6y3ba_3p7
13.04.2020 03:47:34: _fnc_AdminReqReal: lfcw2t8m727k651ocg8
13.04.2020 03:47:34: _playerObjCheckLoop: hf6762356n6xaj8i74cy769866al0n2t7v1n7s7e5c6s7
13.04.2020 03:47:34: _token_by_uid: juae81c4767_1c3qcu3p6d7i3v1c897u91e
13.04.2020 03:47:34: _uid_by_token: sb5g1b0p6d5o3z7z3vab031t7tep3ta15i586q6
13.04.2020 03:47:34: _name_by_uid: hn6ncx7j1e7r1v3q623p7q0f5b12763taf70798
13.04.2020 03:47:34: _owner_by_uid: io386f043p8tc49n50ac7p6_6oae860red2k7j531fc
13.04.2020 03:47:34: _uid_by_owner: pocm0aaa6b2a5h175_6q8v3f8ae
13.04.2020 03:47:34: _fn_playerConnected: is7m313q7q0j798s3j7
13.04.2020 03:47:34: _server_setTokenR: ql6x3b3g88593j1vcsc
13.04.2020 03:47:34: _FN_INJECT_ON_CLIENT: b4773y6z7u3baba9eg0r7y8ya
13.04.2020 03:47:34: _fnc_l_on_c: bt3ycm357la07h7o3r3fej1s0
13.04.2020 03:47:34: _adminStartupCode: cxeb7scf2m6c8cc83ya
13.04.2020 03:47:34: _AHKickOFF: m3330q8n1l8ua6c42w6d51127e77663w3n3
13.04.2020 03:47:34: _AHKickLog: nz8b843w1d8_3e3h3i6gar5
13.04.2020 03:47:34: _AH_RunCheckENDVAR: v5aq8a7l3y717uak1hea7b3s8n1s7d63ajay7fayce039
13.04.2020 03:47:34: _AH_RunCheck: ni8t757s7u1q581z307y1s3s1m813a7
13.04.2020 03:47:34: _AH_HackLogArrayRND: ya1a7q1h1x8y1a8n915v650d3t1022a91s7l340uac51896r3
13.04.2020 03:47:34: _AH_SurvLogArrayRND: tl736_7s7r8wad7r3_et7a8
13.04.2020 03:47:34: _AH_AdmiLogArrayRND: nt8v18328w7oe91s0p7
13.04.2020 03:47:34: _TMPBAN: at6s5oaa36cj167i6ec
13.04.2020 03:47:34: _fn_getTempBans: g06l6t723x1n3r39577
13.04.2020 03:47:34: _fnc_addTempBan: jm6b6n3c8v8e3m3yct7
13.04.2020 03:47:34: _fnc_removeTempBan: x_coeue93e3aag8w3o7u7i305
13.04.2020 03:47:34: _AHpos: kp8t6s8w1n7g3n3o6x358v8vcs1m5u9
13.04.2020 03:47:34: _adminsA: y33618a009c73l6y3s5v3d149k7n870u8w9w320m8n17amal1
13.04.2020 03:47:34: _vehicle_needs_check: nn7l6j0u743h8p7q3a7hef9s2r50345x5
13.04.2020 03:47:34: _fnc_infiSTAR_PlayerLog: nz1z6l0v7r7w7q8u9j1a3
13.04.2020 03:47:34: _antidupePVResVar: j_3k3f3o9q87ac89357b98338r0u7w6w0
13.04.2020 03:47:34: _runcheck_thread: wj5mca3z5t1o1s3m7v7
13.04.2020 03:47:34: _livestarted: pf1f958h3514am663x186xek503i6
13.04.2020 03:47:34: _fnc_check_type_allowed: n7523d1u1b397s9a1_e
13.04.2020 03:47:34: _fnc_server_handle_mpmessage: do1y3o19es8acs55epe98t6y3ba_3p7
13.04.2020 03:47:34: _fnc_AdminReqReal: lfcw2t8m727k651ocg8
13.04.2020 03:47:34: _playerObjCheckLoop: hf6762356n6xaj8i74cy769866al0n2t7v1n7s7e5c6s7
13.04.2020 03:47:34: _token_by_uid: juae81c4767_1c3qcu3p6d7i3v1c897u91e
13.04.2020 03:47:34: _uid_by_token: sb5g1b0p6d5o3z7z3vab031t7tep3ta15i586q6
13.04.2020 03:47:34: _name_by_uid: hn6ncx7j1e7r1v3q623p7q0f5b12763taf70798
13.04.2020 03:47:34: _owner_by_uid: io386f043p8tc49n50ac7p6_6oae860red2k7j531fc
13.04.2020 03:47:34: _uid_by_owner: pocm0aaa6b2a5h175_6q8v3f8ae
13.04.2020 03:47:34: _fn_playerConnected: is7m313q7q0j798s3j7
13.04.2020 03:47:34: _server_setTokenR: ql6x3b3g88593j1vcsc
13.04.2020 03:47:34: _FN_INJECT_ON_CLIENT: b4773y6z7u3baba9eg0r7y8ya
13.04.2020 03:47:34: _fnc_l_on_c: bt3ycm357la07h7o3r3fej1s0
13.04.2020 03:47:34: _adminStartupCode: cxeb7scf2m6c8cc83ya
13.04.2020 03:47:34: _AHKickOFF: m3330q8n1l8ua6c42w6d51127e77663w3n3
13.04.2020 03:47:34: _AHKickLog: nz8b843w1d8_3e3h3i6gar5
13.04.2020 03:47:34: _AH_RunCheckENDVAR: v5aq8a7l3y717uak1hea7b3s8n1s7d63ajay7fayce039
13.04.2020 03:47:34: _AH_RunCheck: ni8t757s7u1q581z307y1s3s1m813a7
13.04.2020 03:47:34: _AH_HackLogArrayRND: ya1a7q1h1x8y1a8n915v650d3t1022a91s7l340uac51896r3
13.04.2020 03:47:34: _AH_SurvLogArrayRND: tl736_7s7r8wad7r3_et7a8
13.04.2020 03:47:34: _AH_AdmiLogArrayRND: nt8v18328w7oe91s0p7
13.04.2020 03:47:34: _TMPBAN: at6s5oaa36cj167i6ec
13.04.2020 03:47:34: _fn_getTempBans: g06l6t723x1n3r39577
13.04.2020 03:47:34: _fnc_addTempBan: jm6b6n3c8v8e3m3yct7
13.04.2020 03:47:34: _fnc_removeTempBan: x_coeue93e3aag8w3o7u7i305
13.04.2020 03:47:34: _adminsA: y33618a009c73l6y3s5v3d149k7n870u8w9w320m8n17amal1
13.04.2020 03:47:35: _adminsA: y33618a009c73l6y3s5v3d149k7n870u8w9w320m8n17amal1
13.04.2020 03:47:35: _vehicle_needs_check: nn7l6j0u743h8p7q3a7hef9s2r50345x5
13.04.2020 03:47:35: _fnc_infiSTAR_PlayerLog: nz1z6l0v7r7w7q8u9j1a3
13.04.2020 03:47:35: _antidupePVResVar: j_3k3f3o9q87ac89357b98338r0u7w6w0
13.04.2020 03:47:35: _runcheck_thread: wj5mca3z5t1o1s3m7v7
13.04.2020 03:47:35: _livestarted: pf1f958h3514am663x186xek503i6
13.04.2020 03:47:35: _fnc_check_type_allowed: n7523d1u1b397s9a1_e
13.04.2020 03:47:35: _fnc_vehicle_check: aw7a3j3yc8677k326_74740o75ep0ban7s723q6
13.04.2020 03:47:35: _rcheckclient: nz6dct1i1j5_6b0b8l3y3eco6e3x111031517
13.04.2020 03:47:35: _rcheckserver: ws1g771o7y7j7l516p8z3
13.04.2020 03:47:35: _waste_btn_thread: ab1y3j322mcb368jca7r8f880d7u5r6r097
