13.04.2020 01:16:29: Thomas Cale(76561198073016657) | is an admin again.
13.04.2020 01:17:12: Thomas Cale(76561198073016657) | God Mode - ON
13.04.2020 01:17:12: Thomas Cale(76561198073016657) | noRecoil - ON
13.04.2020 01:17:12: Thomas Cale(76561198073016657) | FastFire - ON
13.04.2020 01:17:12: Thomas Cale(76561198073016657) | UnlimAmmo - ON
13.04.2020 01:17:12: Thomas Cale(76561198073016657) | Vehboost - ON
13.04.2020 01:17:12: Thomas Cale(76561198073016657) | Vehicle God Mode - ON
13.04.2020 01:17:58: Thomas Cale(76561198073016657) | Spawning M107 (Woodland) (rhs_weap_M107_w) on Thomas Cale!
13.04.2020 01:18:10: Thomas Cale(76561198073016657) | Spawning 10rnd M107 Mk211 (rhsusf_mag_10Rnd_STD_50BMG_mk211) on Thomas Cale!
13.04.2020 01:18:11: Thomas Cale(76561198073016657) | Spawning 10rnd M107 M33 (rhsusf_mag_10Rnd_STD_50BMG_M33) on Thomas Cale!
13.04.2020 01:18:12: Thomas Cale(76561198073016657) | Spawning 10rnd M107 Mk211 (rhsusf_mag_10Rnd_STD_50BMG_mk211) on Thomas Cale!
13.04.2020 01:18:13: Thomas Cale(76561198073016657) | Spawning 10rnd M107 M33 (rhsusf_mag_10Rnd_STD_50BMG_M33) on Thomas Cale!
13.04.2020 01:18:38: Thomas Cale(76561198073016657) | noRecoil - OFF
13.04.2020 01:18:39: Thomas Cale(76561198073016657) | FastFire - OFF
13.04.2020 01:20:50: Thomas Cale(76561198073016657) | spawning Hunter (Exile_Car_Hunter) (NonPersistent)
13.04.2020 01:22:35: Thomas Cale(76561198073016657) | Restored Near Thomas Cale(76561198073016657)
13.04.2020 01:23:40: Thomas Cale(76561198073016657) | Lightning Exile_Car_Hunter @[5400.08,8484.53,-0.139111] 054171
13.04.2020 01:23:58: Thomas Cale(76561198073016657) | Lightning RyanZombie20slow @[5367.21,8634.22,0.00112534] 053169
13.04.2020 01:24:00: Thomas Cale(76561198073016657) | Lightning @[5387.64,8523.99,0] 053170
13.04.2020 01:24:01: Thomas Cale(76561198073016657) | Lightning RyanZombieSpider13 @[5370.37,8637.25,-0.0320206] 053169
13.04.2020 01:24:52: Thomas Cale(76561198073016657) | spawning Offroad (Exile_Car_Offroad_Blue) (NonPersistent)
13.04.2020 01:26:13: Thomas Cale(76561198073016657) | Teleport to [7709.2,7901.54,0](GPS: 077176)
13.04.2020 01:26:14: Thomas Cale(76561198073016657) | Teleport to [7707.63,7892.68,0](GPS: 077177)
13.04.2020 01:38:31: Thomas Cale(76561198073016657) | Lightning RyanZombie25slow @[7604.71,7900.01,0.0319519] 076176
13.04.2020 01:38:32: Thomas Cale(76561198073016657) | Lightning @[7602.86,7900.32,0] 076176
13.04.2020 01:38:32: Thomas Cale(76561198073016657) | Lightning @[7601.63,7899.3,0] 076177
13.04.2020 01:38:32: Thomas Cale(76561198073016657) | Lightning @[7601.82,7899.76,0] 076177
13.04.2020 01:38:33: Thomas Cale(76561198073016657) | Lightning RyanZombie21slow @[7602.19,7898.01,0.0300903] 076177
13.04.2020 01:39:14: Thomas Cale(76561198073016657) | spawning Offroad (Armed) (Exile_Car_Offroad_Armed_Guerilla04) (NonPersistent)
13.04.2020 01:42:24: Thomas Cale(76561198073016657) | Lightning RyanZombieC_man_polo_6_Fslow @[7606.01,7904.47,0.00119781] 076176
13.04.2020 01:42:25: Thomas Cale(76561198073016657) | Lightning @[7613.42,7917.9,0] 076176
13.04.2020 01:42:25: Thomas Cale(76561198073016657) | Lightning @[7611.66,7918.16,0] 076176
13.04.2020 01:42:26: Thomas Cale(76561198073016657) | Lightning @[7609.81,7918.47,0] 076176
13.04.2020 01:42:26: Thomas Cale(76561198073016657) | Lightning @[7609.79,7917.36,0] 076176
13.04.2020 01:42:26: Thomas Cale(76561198073016657) | Lightning @[7610.82,7916.92,0] 076176
13.04.2020 01:42:27: Thomas Cale(76561198073016657) | Lightning @[7614.35,7914.63,0] 076176
13.04.2020 01:42:27: Thomas Cale(76561198073016657) | Lightning @[7617.26,7911.51,0] 076176
13.04.2020 01:42:28: Thomas Cale(76561198073016657) | Lightning @[7618.86,7909.7,0] 076176
13.04.2020 01:42:28: Thomas Cale(76561198073016657) | Lightning @[7618.66,7909.96,0] 076176
13.04.2020 01:42:28: Thomas Cale(76561198073016657) | Lightning @[7618.46,7910.29,0] 076176
13.04.2020 01:42:28: Thomas Cale(76561198073016657) | Lightning @[7620.88,7916.4,0] 076176
13.04.2020 01:48:57: Thomas Cale(76561198073016657) | spawning IFV-6a Cheetah (B_APC_Tracked_01_AA_F) (NonPersistent)
13.04.2020 01:52:49: Thomas Cale(76561198073016657) | Vehicle God Mode - OFF
13.04.2020 01:53:07: Thomas Cale(76561198073016657) | UnlimAmmo - OFF
13.04.2020 01:54:35: Thomas Cale(76561198073016657) | Lightning B_APC_Tracked_01_AA_F @[7603.73,7906.2,-0.0937424] 076176
13.04.2020 01:54:38: Thomas Cale(76561198073016657) | Lightning B_APC_Tracked_01_AA_F @[7603.73,7906.2,-0.0975037] 076176
13.04.2020 01:54:40: Thomas Cale(76561198073016657) | Lightning B_APC_Tracked_01_AA_F @[7603.75,7906.24,-0.291962] 076176
13.04.2020 01:54:40: Thomas Cale(76561198073016657) | Lightning B_APC_Tracked_01_AA_F @[7603.75,7906.24,-0.291962] 076176
13.04.2020 01:54:40: Thomas Cale(76561198073016657) | Lightning B_APC_Tracked_01_AA_F @[7603.75,7906.24,-0.291962] 076176
13.04.2020 01:54:41: Thomas Cale(76561198073016657) | Lightning B_APC_Tracked_01_AA_F @[7603.75,7906.24,-0.291962] 076176
13.04.2020 01:54:41: Thomas Cale(76561198073016657) | Lightning B_APC_Tracked_01_AA_F @[7603.75,7906.24,-0.291962] 076176
13.04.2020 01:54:41: Thomas Cale(76561198073016657) | Lightning B_APC_Tracked_01_AA_F @[7603.75,7906.24,-0.291962] 076176
13.04.2020 01:54:41: Thomas Cale(76561198073016657) | Lightning B_APC_Tracked_01_AA_F @[7603.75,7906.24,-0.291954] 076176
13.04.2020 01:54:41: Thomas Cale(76561198073016657) | Lightning B_APC_Tracked_01_AA_F @[7603.75,7906.24,-0.291954] 076176
13.04.2020 01:54:42: Thomas Cale(76561198073016657) | Lightning RyanZombie23slow @[7606.1,7906.03,0.00121307] 076176
13.04.2020 01:54:42: Thomas Cale(76561198073016657) | Lightning B_APC_Tracked_01_AA_F @[7603.75,7906.24,-0.291962] 076176
13.04.2020 01:54:42: Thomas Cale(76561198073016657) | Lightning B_APC_Tracked_01_AA_F @[7603.75,7906.24,-0.291962] 076176
13.04.2020 01:54:42: Thomas Cale(76561198073016657) | Lightning B_APC_Tracked_01_AA_F @[7603.75,7906.24,-0.291962] 076176
13.04.2020 01:54:43: Thomas Cale(76561198073016657) | Lightning B_APC_Tracked_01_AA_F @[7603.75,7906.24,-0.291962] 076176
13.04.2020 01:54:43: Thomas Cale(76561198073016657) | Lightning B_APC_Tracked_01_AA_F @[7603.75,7906.24,-0.291962] 076176
13.04.2020 01:54:43: Thomas Cale(76561198073016657) | Lightning B_APC_Tracked_01_AA_F @[7603.75,7906.24,-0.291962] 076176
13.04.2020 01:54:43: Thomas Cale(76561198073016657) | Lightning Land_Ss_hangar @[7699.08,7955.17,0] 076176
13.04.2020 01:54:44: Thomas Cale(76561198073016657) | Lightning Land_Ss_hangar @[7699.08,7955.17,0] 076176
13.04.2020 01:54:44: Thomas Cale(76561198073016657) | Lightning Land_Ss_hangar @[7699.08,7955.17,-0.104538] 076176
13.04.2020 01:54:44: Thomas Cale(76561198073016657) | Lightning Land_Ss_hangar @[7699.08,7955.17,-0.104538] 076176
13.04.2020 01:54:44: Thomas Cale(76561198073016657) | Lightning Land_Ss_hangar @[7699.08,7955.17,-0.104538] 076176
13.04.2020 01:54:44: Thomas Cale(76561198073016657) | Lightning Land_Ss_hangar @[7699.08,7955.17,-0.104538] 076176
13.04.2020 01:54:45: Thomas Cale(76561198073016657) | Lightning Land_Ss_hangar @[7699.08,7955.17,-0.104538] 076176
13.04.2020 01:54:45: Thomas Cale(76561198073016657) | Lightning @[7613.46,7921.26,0] 076176
13.04.2020 01:54:45: Thomas Cale(76561198073016657) | Lightning @[7606.35,7919.04,0] 076176
13.04.2020 01:54:45: Thomas Cale(76561198073016657) | Lightning @[7596.1,7915.71,0] 075176
13.04.2020 01:54:46: Thomas Cale(76561198073016657) | Lightning @[7612.92,7921.91,0] 076176
13.04.2020 01:54:46: Thomas Cale(76561198073016657) | Lightning Land_Ss_hangar @[7699.08,7955.17,-0.104538] 076176
13.04.2020 01:54:46: Thomas Cale(76561198073016657) | Lightning Land_Ss_hangar @[7699.08,7955.17,-0.104538] 076176
13.04.2020 01:54:46: Thomas Cale(76561198073016657) | Lightning Land_Ss_hangar @[7699.08,7955.17,-0.104538] 076176
13.04.2020 01:54:47: Thomas Cale(76561198073016657) | Lightning Land_Ss_hangar @[7699.08,7955.17,-0.104538] 076176
13.04.2020 01:54:47: Thomas Cale(76561198073016657) | Lightning Land_Ss_hangar @[7699.08,7955.17,-0.104538] 076176
13.04.2020 01:54:47: Thomas Cale(76561198073016657) | Lightning Land_SS_hangarD_ruins @[7699.08,7955.17,-0.080719] 076176
13.04.2020 01:54:47: Thomas Cale(76561198073016657) | Lightning Land_SS_hangarD_ruins @[7699.08,7955.17,-0.080719] 076176
13.04.2020 01:54:48: Thomas Cale(76561198073016657) | Lightning @[7671.36,7941.23,0] 076176
13.04.2020 01:54:48: Thomas Cale(76561198073016657) | Lightning @[7668.74,7940.5,0] 076176
13.04.2020 01:57:16: Thomas Cale(76561198073016657) | Lightning I_G_Offroad_01_armed_F @[7548.57,7948.95,-0.137497] 075176
13.04.2020 01:57:29: Thomas Cale(76561198073016657) | Teleport to [6312.6,7449.95,0](GPS: 063181)
13.04.2020 02:14:49: Thomas Cale(76561198073016657) | Teleport to [6148.12,7446.49,0](GPS: 061181)
13.04.2020 02:15:00: Thomas Cale(76561198073016657) | Teleport to [13221.1,16605.9,0](GPS: 132089)
13.04.2020 02:15:10: Thomas Cale(76561198073016657) | UnlimAmmo - ON
13.04.2020 02:15:11: Thomas Cale(76561198073016657) | noRecoil - ON
13.04.2020 02:15:11: Thomas Cale(76561198073016657) | FastFire - ON
13.04.2020 02:15:27: Thomas Cale(76561198073016657) | Spawning 10rnd M107 Mk211 (rhsusf_mag_10Rnd_STD_50BMG_mk211) on Thomas Cale!
13.04.2020 02:15:56: Thomas Cale(76561198073016657) | Spawning Antivirus Injector (rzinfection_antivirus_injector) on Thomas Cale!
13.04.2020 02:16:09: Thomas Cale(76561198073016657) | Teleport to [15274.8,16920.1,0](GPS: 152086)
13.04.2020 03:15:51: Thomas Cale(76561198073016657) | is an admin again.
13.04.2020 03:17:26: Thomas Cale(76561198073016657) | God Mode - ON
13.04.2020 03:17:26: Thomas Cale(76561198073016657) | noRecoil - ON
13.04.2020 03:17:26: Thomas Cale(76561198073016657) | FastFire - ON
13.04.2020 03:17:26: Thomas Cale(76561198073016657) | UnlimAmmo - ON
13.04.2020 03:17:26: Thomas Cale(76561198073016657) | Vehboost - ON
13.04.2020 03:17:26: Thomas Cale(76561198073016657) | Vehicle God Mode - ON
13.04.2020 03:19:01: Thomas Cale(76561198073016657) | spawning Hunter (Exile_Car_Hunter) (Persistent)
13.04.2020 03:21:34: Thomas Cale(76561198073016657) | Deleting Exile_Car_Hunter @152086..
13.04.2020 03:22:40: Thomas Cale(76561198073016657) | Spawning M590A1 (Long) (rhs_weap_M590_8RD) on Thomas Cale!
13.04.2020 03:22:52: Thomas Cale(76561198073016657) | Spawning 8Rnd .00 Buckshot (rhsusf_8Rnd_00Buck) on Thomas Cale!
13.04.2020 03:22:52: Thomas Cale(76561198073016657) | Spawning 8Rnd .00 Buckshot (rhsusf_8Rnd_00Buck) on Thomas Cale!
13.04.2020 03:22:55: Thomas Cale(76561198073016657) | Spawning 8rnd. 12g Doosmday Buckshot (rhsusf_8Rnd_doomsday_Buck) on Thomas Cale!
13.04.2020 03:23:05: Thomas Cale(76561198073016657) | Spawning 8Rnd 12g Slug (rhsusf_8Rnd_Slug) on Thomas Cale!
13.04.2020 03:23:06: Thomas Cale(76561198073016657) | Spawning 8Rnd 12g HE-EP (rhsusf_8Rnd_HE) on Thomas Cale!
13.04.2020 03:23:07: Thomas Cale(76561198073016657) | Spawning 8Rnd 12g FRAG (rhsusf_8Rnd_FRAG) on Thomas Cale!
13.04.2020 03:23:13: Thomas Cale(76561198073016657) | Teleport to [11370.4,15346.9,0](GPS: 113102)
13.04.2020 03:23:16: Thomas Cale(76561198073016657) | Teleport to [11260.6,15637.8,0](GPS: 112099)
13.04.2020 03:24:24: Thomas Cale(76561198073016657) | noRecoil - OFF
13.04.2020 03:26:46: Thomas Cale(76561198073016657) | UnlimAmmo - OFF
13.04.2020 03:26:47: Thomas Cale(76561198073016657) | FastFire - OFF
13.04.2020 03:27:29: Thomas Cale(76561198073016657) | UnlimAmmo - ON
13.04.2020 03:30:26: Thomas Cale(76561198073016657) | Spawning M576 Buckshot Round (rhs_mag_m576) on Thomas Cale!
13.04.2020 03:30:38: Thomas Cale(76561198073016657) | Spawning M4 (M203) (rhs_weap_m4_m203) on Thomas Cale!
13.04.2020 03:30:53: Thomas Cale(76561198073016657) | Spawning M576 Buckshot Round (rhs_mag_m576) on Thomas Cale!
13.04.2020 03:30:54: Thomas Cale(76561198073016657) | Spawning M576 Buckshot Round (rhs_mag_m576) on Thomas Cale!
13.04.2020 03:30:54: Thomas Cale(76561198073016657) | Spawning M576 Buckshot Round (rhs_mag_m576) on Thomas Cale!
13.04.2020 03:30:54: Thomas Cale(76561198073016657) | Spawning M576 Buckshot Round (rhs_mag_m576) on Thomas Cale!
13.04.2020 03:30:55: Thomas Cale(76561198073016657) | Spawning M576 Buckshot Round (rhs_mag_m576) on Thomas Cale!
13.04.2020 03:30:55: Thomas Cale(76561198073016657) | Spawning M576 Buckshot Round (rhs_mag_m576) on Thomas Cale!
13.04.2020 03:30:55: Thomas Cale(76561198073016657) | Spawning M576 Buckshot Round (rhs_mag_m576) on Thomas Cale!
13.04.2020 03:31:57: Thomas Cale(76561198073016657) | Spawning M590A1 (Long) (rhs_weap_M590_8RD) on Thomas Cale!
13.04.2020 03:35:27: Thomas Cale(76561198073016657) | Spawning 8Rnd .00 Buckshot (rhsusf_8Rnd_00Buck) on Thomas Cale!
13.04.2020 03:35:27: Thomas Cale(76561198073016657) | Spawning 8Rnd .00 Buckshot (rhsusf_8Rnd_00Buck) on Thomas Cale!
13.04.2020 03:35:28: Thomas Cale(76561198073016657) | Spawning 8Rnd .00 Buckshot (rhsusf_8Rnd_00Buck) on Thomas Cale!
13.04.2020 03:35:28: Thomas Cale(76561198073016657) | Spawning 8Rnd .00 Buckshot (rhsusf_8Rnd_00Buck) on Thomas Cale!
13.04.2020 03:35:28: Thomas Cale(76561198073016657) | Spawning 8Rnd .00 Buckshot (rhsusf_8Rnd_00Buck) on Thomas Cale!
13.04.2020 03:35:29: Thomas Cale(76561198073016657) | Spawning 8Rnd .00 Buckshot (rhsusf_8Rnd_00Buck) on Thomas Cale!
13.04.2020 03:35:29: Thomas Cale(76561198073016657) | Spawning 8Rnd .00 Buckshot (rhsusf_8Rnd_00Buck) on Thomas Cale!
13.04.2020 03:35:29: Thomas Cale(76561198073016657) | Spawning 8Rnd .00 Buckshot (rhsusf_8Rnd_00Buck) on Thomas Cale!
13.04.2020 03:35:33: Thomas Cale(76561198073016657) | UnlimAmmo - OFF
13.04.2020 03:35:35: Thomas Cale(76561198073016657) | God Mode - OFF
13.04.2020 03:37:37: Thomas Cale(76561198073016657) | is a normal player now.
13.04.2020 03:53:05: Thomas Cale(76561198073016657) | God Mode - ON
13.04.2020 03:53:05: Thomas Cale(76561198073016657) | noRecoil - ON
13.04.2020 03:53:05: Thomas Cale(76561198073016657) | FastFire - ON
13.04.2020 03:53:05: Thomas Cale(76561198073016657) | UnlimAmmo - ON
13.04.2020 03:53:05: Thomas Cale(76561198073016657) | Vehboost - ON
13.04.2020 03:53:05: Thomas Cale(76561198073016657) | Vehicle God Mode - ON
13.04.2020 03:53:13: Thomas Cale(76561198073016657) | noRecoil - OFF
13.04.2020 03:53:16: Thomas Cale(76561198073016657) | FastFire - OFF
13.04.2020 03:53:41: Thomas Cale(76561198073016657) | UnlimAmmo - OFF
13.04.2020 03:56:25: Thomas Cale(76561198073016657) | UnlimAmmo - ON
13.04.2020 03:56:46: Thomas Cale(76561198073016657) | noRecoil - ON
13.04.2020 03:56:47: Thomas Cale(76561198073016657) | FastFire - ON
13.04.2020 03:57:38: Thomas Cale(76561198073016657) | Teleport to [15261.2,16941.6,0](GPS: 152086)
13.04.2020 04:09:16: Thomas Cale(76561198073016657) | Spawning Glock 17 (rhsusf_weap_glock17g4) on Thomas Cale!
13.04.2020 04:09:20: Thomas Cale(76561198073016657) | Spawning 17rnd Glock M882 FMJ (rhsusf_mag_17Rnd_9x19_FMJ) on Thomas Cale!
13.04.2020 04:09:24: Thomas Cale(76561198073016657) | Spawning 17rnd Glock M882 FMJ (rhsusf_mag_17Rnd_9x19_FMJ) on Thomas Cale!
13.04.2020 04:09:38: Thomas Cale(76561198073016657) | Spawning Sound Suppressor (9 mm) (muzzle_snds_L) on Thomas Cale!
13.04.2020 04:10:03: Thomas Cale(76561198073016657) | noRecoil - OFF
13.04.2020 04:10:07: Thomas Cale(76561198073016657) | FastFire - OFF
13.04.2020 04:10:54: Thomas Cale(76561198073016657) | Spawning M1911A1 (rhsusf_weap_m1911a1) on Thomas Cale!
13.04.2020 04:11:05: Thomas Cale(76561198073016657) | Spawning Rifle (Rifle) on Thomas Cale!
13.04.2020 04:11:38: Thomas Cale(76561198073016657) | Spawning M2010 ESR (Semi-arid) (rhs_weap_XM2010_sa) on Thomas Cale!
13.04.2020 04:11:48: Thomas Cale(76561198073016657) | Spawning 5rnd .300WM Mk248 MOD 1 (rhsusf_5Rnd_300winmag_xm2010) on Thomas Cale!
13.04.2020 04:12:07: Thomas Cale(76561198073016657) | Spawning 5rnd .300WM Mk248 MOD 1 (rhsusf_5Rnd_300winmag_xm2010) on Thomas Cale!
13.04.2020 04:12:32: Thomas Cale(76561198073016657) | Spawning T-5000 (rhs_weap_t5000) on Thomas Cale!
13.04.2020 04:12:33: Thomas Cale(76561198073016657) | Spawning 5rnd T-5000 .338 (rhs_5Rnd_338lapua_t5000) on Thomas Cale!
13.04.2020 04:12:35: Thomas Cale(76561198073016657) | Spawning 5rnd T-5000 .338 (rhs_5Rnd_338lapua_t5000) on Thomas Cale!
13.04.2020 04:12:45: Thomas Cale(76561198073016657) | Spawning Sound Suppressor (.338, Black) (muzzle_snds_338_black) on Thomas Cale!
13.04.2020 04:13:03: Thomas Cale(76561198073016657) | Spawning SILENCERCO OMEGA 9K (rhsusf_acc_omega9k) on Thomas Cale!
13.04.2020 04:13:48: Thomas Cale(76561198073016657) | Spawning 7Rnd_45ACP_1911 (7Rnd_45ACP_1911) on Thomas Cale!
13.04.2020 04:14:01: Thomas Cale(76561198073016657) | Spawning 7rnd M1911 HP (rhsusf_mag_7x45acp_MHP) on Thomas Cale!
13.04.2020 04:14:09: Thomas Cale(76561198073016657) | Spawning 7rnd M1911 HP (rhsusf_mag_7x45acp_MHP) on Thomas Cale!
13.04.2020 04:14:18: Thomas Cale(76561198073016657) | UnlimAmmo - OFF
13.04.2020 04:14:21: Thomas Cale(76561198073016657) | Teleport to [11753.1,15223.6,0](GPS: 117103)
13.04.2020 04:14:42: Thomas Cale(76561198073016657) | Spawning Glock 17 (rhsusf_weap_glock17g4) on Thomas Cale!
13.04.2020 04:14:44: Thomas Cale(76561198073016657) | Spawning 17rnd Glock Mk243 JHP (rhsusf_mag_17Rnd_9x19_JHP) on Thomas Cale!
13.04.2020 04:14:45: Thomas Cale(76561198073016657) | Spawning 17rnd Glock Mk243 JHP (rhsusf_mag_17Rnd_9x19_JHP) on Thomas Cale!
13.04.2020 04:15:31: Thomas Cale(76561198073016657) | Spawning M150 RCO (ARD) (rhsusf_acc_ACOG2) on Thomas Cale!
13.04.2020 04:17:07: Thomas Cale(76561198073016657) | Teleport to [15272.3,16896,0](GPS: 152087)
13.04.2020 04:17:15: Thomas Cale(76561198073016657) | is a normal player now.
