12.04.2020 02:25:29: Thomas Cale(76561198073016657) | is an admin again.
12.04.2020 02:27:15: Thomas Cale(76561198073016657) | AdminConsole
12.04.2020 02:27:30: Thomas Cale(76561198073016657) | God Mode - ON
12.04.2020 02:28:19: Thomas Cale(76561198073016657) | Lightning Land_volcano @[13265.9,16650.3,21.3049] 132089
12.04.2020 02:28:20: Thomas Cale(76561198073016657) | Lightning Land_volcano @[13265.9,16650.3,21.3049] 132089
12.04.2020 02:28:21: Thomas Cale(76561198073016657) | Lightning Land_volcano @[13265.9,16650.3,21.3049] 132089
12.04.2020 02:28:28: Thomas Cale(76561198073016657) | Lightning Land_volcano @[13265.2,16652.5,32.5749] 132089
12.04.2020 02:28:29: Thomas Cale(76561198073016657) | Lightning Land_volcano @[13265.2,16652.5,32.5749] 132089
12.04.2020 02:28:30: Thomas Cale(76561198073016657) | Lightning Land_volcano @[13265.2,16652.5,32.5749] 132089
12.04.2020 02:28:30: Thomas Cale(76561198073016657) | Lightning Land_volcano @[13265.2,16652.5,32.5749] 132089
12.04.2020 02:28:30: Thomas Cale(76561198073016657) | Lightning Land_volcano @[13265.2,16652.5,32.5048] 132089
12.04.2020 02:28:30: Thomas Cale(76561198073016657) | Lightning Land_volcano @[13265.2,16652.5,32.2943] 132089
12.04.2020 02:28:34: Thomas Cale(76561198073016657) | Lightning Land_volcano @[13265,16731.5,10.2609] 132088
12.04.2020 02:28:34: Thomas Cale(76561198073016657) | Lightning Land_volcano @[13265,16731.5,10.2609] 132088
12.04.2020 02:28:35: Thomas Cale(76561198073016657) | Lightning Land_volcano @[13265.8,16729.3,6.32294] 132088
12.04.2020 02:28:35: Thomas Cale(76561198073016657) | Lightning Land_volcano @[13265.8,16729.3,6.32294] 132088
12.04.2020 02:28:35: Thomas Cale(76561198073016657) | Lightning Land_volcano @[13265.8,16729.3,6.30884] 132088
12.04.2020 02:28:41: Thomas Cale(76561198073016657) | Lightning Land_volcano @[13265.1,16731.6,16.7222] 132088
12.04.2020 02:28:41: Thomas Cale(76561198073016657) | Lightning Land_volcano @[13265.1,16731.6,16.7222] 132088
12.04.2020 02:28:41: Thomas Cale(76561198073016657) | Lightning Land_volcano @[13265.1,16731.6,16.7067] 132088
12.04.2020 02:28:42: Thomas Cale(76561198073016657) | Lightning Land_volcano @[13265.1,16731.6,16.5831] 132088
12.04.2020 02:28:42: Thomas Cale(76561198073016657) | Lightning Land_volcano @[13265.1,16731.6,16.166] 132088
12.04.2020 02:28:42: Thomas Cale(76561198073016657) | Lightning @[13095.8,16794.8,0] 130088
12.04.2020 02:28:42: Thomas Cale(76561198073016657) | Lightning @[13096.6,16794.8,0] 130088
12.04.2020 02:28:43: Thomas Cale(76561198073016657) | Lightning Land_volcano @[13185.9,16652.5,10.1732] 131089
12.04.2020 02:28:43: Thomas Cale(76561198073016657) | Lightning Land_volcano @[13185.9,16652.5,10.1732] 131089
12.04.2020 02:28:43: Thomas Cale(76561198073016657) | Lightning @[13054.4,16722.1,0] 130088
12.04.2020 02:28:44: Thomas Cale(76561198073016657) | Lightning @[13042.4,16717.2,0] 130088
12.04.2020 02:28:44: Thomas Cale(76561198073016657) | Lightning @[13037.1,16730.2,0] 130088
12.04.2020 02:28:44: Thomas Cale(76561198073016657) | Lightning @[13038.2,16730.7,0] 130088
12.04.2020 02:28:44: Thomas Cale(76561198073016657) | Lightning @[13035.5,16726,0] 130088
12.04.2020 02:28:45: Thomas Cale(76561198073016657) | Lightning Land_volcano @[13185.9,16652.5,10.1732] 131089
12.04.2020 02:28:45: Thomas Cale(76561198073016657) | Lightning Land_volcano @[13185.9,16652.5,10.1732] 131089
12.04.2020 02:28:45: Thomas Cale(76561198073016657) | Lightning Land_volcano @[13185.9,16652.5,10.1732] 131089
12.04.2020 02:28:45: Thomas Cale(76561198073016657) | Lightning Land_volcano @[13185.9,16652.5,10.1916] 131089
12.04.2020 02:28:45: Thomas Cale(76561198073016657) | Lightning Land_volcano @[13185.9,16652.5,10.3394] 131089
12.04.2020 02:28:46: Thomas Cale(76561198073016657) | Lightning Land_volcano @[13185.9,16652.5,10.8382] 131089
12.04.2020 02:28:46: Thomas Cale(76561198073016657) | Lightning Land_volcano @[13185.9,16652.5,11.3555] 131089
12.04.2020 02:28:46: Thomas Cale(76561198073016657) | Lightning @[13067.3,16718,0] 130088
12.04.2020 02:28:46: Thomas Cale(76561198073016657) | Lightning @[13076.3,16735.6,0] 130088
12.04.2020 02:28:47: Thomas Cale(76561198073016657) | Lightning @[13078.6,16738.3,0] 130088
12.04.2020 02:28:47: Thomas Cale(76561198073016657) | Lightning @[13073.6,16739.1,0] 130088
12.04.2020 02:28:47: Thomas Cale(76561198073016657) | Lightning Land_volcano @[13185.9,16652.5,17.5623] 131089
12.04.2020 02:28:47: Thomas Cale(76561198073016657) | Lightning Land_volcano @[13185.9,16652.5,19.114] 131089
12.04.2020 02:28:48: Thomas Cale(76561198073016657) | Lightning Land_volcano @[13106.8,16652.6,10.2359] 131089
12.04.2020 02:28:48: Thomas Cale(76561198073016657) | Lightning Land_volcano @[13107.4,16650.3,10.3177] 131089
12.04.2020 02:28:48: Thomas Cale(76561198073016657) | Lightning @[13095.6,16634.1,0] 130089
12.04.2020 02:28:48: Thomas Cale(76561198073016657) | Lightning @[13090.8,16678.8,0] 130089
12.04.2020 02:28:48: Thomas Cale(76561198073016657) | Lightning @[13137.9,16734.2,0] 131088
12.04.2020 02:28:49: Thomas Cale(76561198073016657) | Lightning @[13140.4,16738.2,0] 131088
12.04.2020 02:28:49: Thomas Cale(76561198073016657) | Lightning @[13148.4,16743.8,0] 131088
12.04.2020 02:28:49: Thomas Cale(76561198073016657) | Lightning @[13170.5,16730.7,0] 131088
12.04.2020 02:28:49: Thomas Cale(76561198073016657) | Lightning @[13168.9,16729.1,0] 131088
12.04.2020 02:28:50: Thomas Cale(76561198073016657) | Lightning @[13142.8,16716.2,0] 131088
12.04.2020 02:28:50: Thomas Cale(76561198073016657) | Lightning @[13138.4,16703.2,0] 131088
12.04.2020 02:28:50: Thomas Cale(76561198073016657) | Lightning @[13146.5,16698.9,0] 131089
12.04.2020 02:28:50: Thomas Cale(76561198073016657) | Lightning @[13167.2,16729,0] 131088
12.04.2020 02:28:50: Thomas Cale(76561198073016657) | Lightning @[13169.1,16733.5,0] 131088
12.04.2020 02:28:51: Thomas Cale(76561198073016657) | Lightning @[13188.7,16736.8,0] 131088
12.04.2020 02:29:02: Thomas Cale(76561198073016657) | Lightning Land_volcano @[13185.9,16652.6,49.8099] 131089
12.04.2020 02:29:03: Thomas Cale(76561198073016657) | Lightning Land_volcano @[13106.7,16652.6,20.5782] 131089
12.04.2020 02:29:03: Thomas Cale(76561198073016657) | Lightning Land_volcano @[13185.9,16652.6,49.8099] 131089
12.04.2020 02:29:03: Thomas Cale(76561198073016657) | Lightning Land_volcano @[13185.9,16652.6,49.8099] 131089
12.04.2020 02:29:03: Thomas Cale(76561198073016657) | Lightning Land_volcano @[13185.9,16652.6,49.8099] 131089
12.04.2020 02:29:03: Thomas Cale(76561198073016657) | Lightning Land_volcano @[13185.9,16652.6,49.7901] 131089
12.04.2020 02:29:04: Thomas Cale(76561198073016657) | Lightning @[13114.8,16556.1,0] 131090
12.04.2020 02:29:04: Thomas Cale(76561198073016657) | Lightning @[13126.1,16549,0] 131090
12.04.2020 02:29:04: Thomas Cale(76561198073016657) | Lightning Land_volcano @[13265.3,16573.7,-13.2098] 132090
12.04.2020 02:29:04: Thomas Cale(76561198073016657) | Lightning Land_volcano @[13265.3,16573.7,-13.2098] 132090
12.04.2020 02:29:04: Thomas Cale(76561198073016657) | Lightning Land_volcano @[13186,16573.5,10.1663] 131090
12.04.2020 02:29:05: Thomas Cale(76561198073016657) | Lightning @[13192.3,16558.1,0] 131090
12.04.2020 02:29:05: Thomas Cale(76561198073016657) | Lightning @[13175.1,16566.8,0] 131090
12.04.2020 02:29:05: Thomas Cale(76561198073016657) | Lightning Land_volcano @[13186.7,16571,0.406494] 131090
12.04.2020 02:29:05: Thomas Cale(76561198073016657) | Lightning Land_volcano @[13185.9,16652.6,40.2234] 131089
12.04.2020 02:29:06: Thomas Cale(76561198073016657) | Lightning Land_volcano @[13185.9,16652.6,38.4012] 131089
12.04.2020 02:29:06: Thomas Cale(76561198073016657) | Lightning @[13101.4,16707.7,0] 131088
12.04.2020 02:29:06: Thomas Cale(76561198073016657) | Lightning @[13108.5,16718.8,0] 131088
12.04.2020 02:29:06: Thomas Cale(76561198073016657) | Lightning @[13123.6,16734.1,0] 131088
12.04.2020 02:29:07: Thomas Cale(76561198073016657) | Lightning @[13127,16742.4,0] 131088
12.04.2020 02:29:07: Thomas Cale(76561198073016657) | Lightning Land_volcano @[13185.8,16731.6,29.7029] 131088
12.04.2020 02:29:07: Thomas Cale(76561198073016657) | Lightning Land_volcano @[13185.8,16731.6,29.7029] 131088
12.04.2020 02:29:07: Thomas Cale(76561198073016657) | Lightning @[13183,16729.3,0] 131088
12.04.2020 02:29:07: Thomas Cale(76561198073016657) | Lightning @[13184,16728.7,0] 131088
12.04.2020 02:29:08: Thomas Cale(76561198073016657) | Lightning @[13184,16728.7,0] 131088
12.04.2020 02:29:08: Thomas Cale(76561198073016657) | Lightning @[13193.7,16724.3,0] 131088
12.04.2020 02:29:08: Thomas Cale(76561198073016657) | Lightning @[13205.7,16730.9,0] 132088
12.04.2020 02:29:08: Thomas Cale(76561198073016657) | Lightning @[13236.4,16717.4,0] 132088
12.04.2020 02:29:09: Thomas Cale(76561198073016657) | Lightning @[13235.3,16717,0] 132088
12.04.2020 02:29:09: Thomas Cale(76561198073016657) | Lightning @[13243.2,16709.6,0] 132088
12.04.2020 02:29:17: Thomas Cale(76561198073016657) | Lightning Land_volcano @[13185.9,16573.3,13.1409] 131090
12.04.2020 02:29:17: Thomas Cale(76561198073016657) | Lightning Land_volcano @[13265.3,16573.7,-13.2098] 132090
12.04.2020 02:29:17: Thomas Cale(76561198073016657) | Lightning Land_volcano @[13265.3,16573.7,-13.2098] 132090
12.04.2020 02:29:18: Thomas Cale(76561198073016657) | Lightning Land_volcano @[13265.3,16573.7,-13.2098] 132090
12.04.2020 02:29:18: Thomas Cale(76561198073016657) | Lightning Land_volcano @[13265.3,16573.7,-13.2214] 132090
12.04.2020 02:29:18: Thomas Cale(76561198073016657) | Lightning Land_volcano @[13265.3,16573.7,-13.394] 132090
12.04.2020 02:29:33: Thomas Cale(76561198073016657) | Lightning @[13234.5,16592.5,0] 132090
12.04.2020 02:29:33: Thomas Cale(76561198073016657) | Lightning @[13233.6,16588.6,0] 132090
12.04.2020 02:29:34: Thomas Cale(76561198073016657) | Lightning @[13231,16589.6,0] 132090
12.04.2020 02:29:34: Thomas Cale(76561198073016657) | Lightning @[13242.7,16589.1,0] 132090
12.04.2020 02:29:34: Thomas Cale(76561198073016657) | Lightning Land_volcano @[13266.1,16571.4,-26.9702] 132090
12.04.2020 02:29:34: Thomas Cale(76561198073016657) | Lightning Land_volcano @[13266.1,16571.4,-26.9702] 132090
12.04.2020 02:29:34: Thomas Cale(76561198073016657) | Lightning Land_volcano @[13266.1,16571.4,-26.9702] 132090
12.04.2020 02:29:35: Thomas Cale(76561198073016657) | Lightning @[13257.3,16596.3,0] 132090
12.04.2020 02:29:35: Thomas Cale(76561198073016657) | Lightning @[13250.8,16593.2,0] 132090
12.04.2020 02:29:40: Thomas Cale(76561198073016657) | Lightning @[13126.1,16592,0] 131090
12.04.2020 02:29:40: Thomas Cale(76561198073016657) | Lightning @[13118.7,16589.1,0] 131090
12.04.2020 02:29:40: Thomas Cale(76561198073016657) | Lightning Land_volcano @[13107.4,16571,-32.3616] 131090
12.04.2020 02:29:40: Thomas Cale(76561198073016657) | Lightning Land_volcano @[13107.4,16571,-32.3616] 131090
12.04.2020 02:29:41: Thomas Cale(76561198073016657) | Lightning @[13125,16597.3,0] 131090
12.04.2020 02:29:41: Thomas Cale(76561198073016657) | Lightning @[13126.5,16598,0] 131090
12.04.2020 02:29:41: Thomas Cale(76561198073016657) | Lightning @[13128.1,16599.3,0] 131090
12.04.2020 02:29:41: Thomas Cale(76561198073016657) | Lightning @[13127.8,16600.5,0] 131089
12.04.2020 02:29:41: Thomas Cale(76561198073016657) | Lightning @[13128.4,16596.3,0] 131090
12.04.2020 02:29:42: Thomas Cale(76561198073016657) | Lightning @[13136.8,16613.2,0] 131089
12.04.2020 02:29:42: Thomas Cale(76561198073016657) | Lightning @[13142.8,16614.5,0] 131089
12.04.2020 02:29:42: Thomas Cale(76561198073016657) | Lightning @[13146.2,16613.2,0] 131089
12.04.2020 02:29:42: Thomas Cale(76561198073016657) | Lightning @[13135.2,16584.3,0] 131090
12.04.2020 02:29:43: Thomas Cale(76561198073016657) | Lightning @[13133.4,16584.3,0] 131090
12.04.2020 02:29:43: Thomas Cale(76561198073016657) | Lightning @[13134.5,16590.4,0] 131090
12.04.2020 02:29:43: Thomas Cale(76561198073016657) | Lightning Land_volcano @[13107.4,16571,-36.7119] 131090
12.04.2020 02:29:43: Thomas Cale(76561198073016657) | Lightning @[13128.7,16587,0] 131090
12.04.2020 02:30:04: Thomas Cale(76561198073016657) | Teleport to [13202.8,16643.3,0](GPS: 132089)
12.04.2020 02:30:20: Thomas Cale(76561198073016657) | Teleport to [15087.9,15123.4,0](GPS: 150104)
12.04.2020 02:30:55: Thomas Cale(76561198073016657) | Lightning O_Soldier_unarmed_F @[15083.1,15060.7,0.00143814] 150105
12.04.2020 02:33:41: Thomas Cale(76561198073016657) | AdminConsole
12.04.2020 02:33:57: Thomas Cale(76561198073016657) | UnlimAmmo - ON
12.04.2020 02:34:09: Thomas Cale(76561198073016657) | Night
12.04.2020 02:34:23: Thomas Cale(76561198073016657) | noRecoil - ON
12.04.2020 02:34:23: Thomas Cale(76561198073016657) | FastFire - ON
12.04.2020 02:35:43: Thomas Cale(76561198073016657) | Spawn Zombie on Target Location! - Thomas Cale(76561198073016657)
12.04.2020 02:37:14: Thomas Cale(76561198073016657) | Teleport to [15276.9,16914.4,0](GPS: 152086)
12.04.2020 02:39:50: Thomas Cale(76561198073016657) | AdminConsole
12.04.2020 02:40:57: Thomas Cale(76561198073016657) | Heal - Thomas Cale(76561198073016657)
12.04.2020 02:41:02: Thomas Cale(76561198073016657) | Restore - Thomas Cale(76561198073016657)
12.04.2020 02:41:32: Thomas Cale(76561198073016657) | Teleport to [8977.07,12966.2,0](GPS: 089126)
12.04.2020 02:41:39: Thomas Cale(76561198073016657) | Teleport to [8945.59,12951.2,0](GPS: 089126)
12.04.2020 02:41:58: Thomas Cale(76561198073016657) | Teleport to [5215.1,6214.61,0](GPS: 052193)
12.04.2020 02:42:13: Thomas Cale(76561198073016657) | Teleport to [5240.98,6223.39,0](GPS: 052193)
12.04.2020 02:42:26: Thomas Cale(76561198073016657) | Teleport to [5441.5,6847.26,0](GPS: 054187)
12.04.2020 02:43:21: Thomas Cale(76561198073016657) | Teleport to [5227.45,6234.36,0](GPS: 052193)
12.04.2020 02:43:46: Thomas Cale(76561198073016657) | is a normal player now.
12.04.2020 02:44:28: Thomas Cale(76561198073016657) | is an admin again.
12.04.2020 02:45:08: Thomas Cale(76561198073016657) | Teleport to [679.486,782.408,0](GPS: 006248)
12.04.2020 02:46:06: Thomas Cale(76561198073016657) | Heal - Thomas Cale(76561198073016657)
12.04.2020 02:46:14: Thomas Cale(76561198073016657) | God Mode - ON
12.04.2020 02:46:15: Thomas Cale(76561198073016657) | noRecoil - ON
12.04.2020 02:46:16: Thomas Cale(76561198073016657) | FastFire - ON
12.04.2020 02:46:16: Thomas Cale(76561198073016657) | UnlimAmmo - ON
12.04.2020 02:46:28: Thomas Cale(76561198073016657) | Restored Near Thomas Cale(76561198073016657)
12.04.2020 02:46:42: Thomas Cale(76561198073016657) | Vehboost - ON
12.04.2020 02:46:58: Thomas Cale(76561198073016657) | Teleport to [3088.4,2467.65,0](GPS: 030231)
12.04.2020 02:47:08: Thomas Cale(76561198073016657) | Teleport to [18924,3008.43,0](GPS: 189225)
12.04.2020 02:47:24: Thomas Cale(76561198073016657) | Teleport to [1371.39,19824.4,0](GPS: 013057)
12.04.2020 02:47:31: Thomas Cale(76561198073016657) | Teleport to [22712.2,19604,0](GPS: 227059)
12.04.2020 02:48:34: Thomas Cale(76561198073016657) | spawning An-2 (Exile_Plane_AN2_White) (NonPersistent)
12.04.2020 02:49:23: Thomas Cale(76561198073016657) | Vehicle God Mode - ON
12.04.2020 02:50:11: Thomas Cale(76561198073016657) | Teleported Thomas Cale(76561198073016657) from [15781.3,19909.6,-47.6865](157056) to [11952.9,21028.4,4.8664](119045)  (3989m)
12.04.2020 02:50:11: Thomas Cale(76561198073016657) | Teleport to [11952.9,21028.4,4.5664](GPS: 119045)
12.04.2020 02:50:28: Thomas Cale(76561198073016657) | Eject - Thomas Cale(76561198073016657)
12.04.2020 02:50:34: Thomas Cale(76561198073016657) | AdminConsole
12.04.2020 02:50:36: Thomas Cale(76561198073016657) | Lightning Exile_Plane_AN2_White @[11952.7,21031,-0.199897] 119045
12.04.2020 02:50:52: Thomas Cale(76561198073016657) | Teleport to [11908,20951.6,0](GPS: 119046)
12.04.2020 02:51:10: Thomas Cale(76561198073016657) | Teleport to [11888.8,21013.3,0](GPS: 118045)
12.04.2020 02:51:44: Thomas Cale(76561198073016657) | Lightning @[11952.2,21050.2,0] 119045
12.04.2020 02:51:45: Thomas Cale(76561198073016657) | Lightning  @[11947.9,21054.9,-1.20887] 119045
12.04.2020 02:51:46: Thomas Cale(76561198073016657) | Lightning @[11953.6,21050.2,0] 119045
12.04.2020 02:51:46: Thomas Cale(76561198073016657) | Lightning @[11943.6,21047.5,0] 119045
12.04.2020 02:51:46: Thomas Cale(76561198073016657) | Lightning  @[11904.6,21055.2,28.0494] 119045
12.04.2020 02:51:46: Thomas Cale(76561198073016657) | Lightning  @[11899.6,21055.2,27.2914] 118045
12.04.2020 02:51:48: Thomas Cale(76561198073016657) | Lightning @[11987.3,21005.7,0] 119045
12.04.2020 02:51:48: Thomas Cale(76561198073016657) | Lightning Land_water_tank @[11889.3,21013.9,-1.90735e-006] 118045
12.04.2020 02:51:49: Thomas Cale(76561198073016657) | Lightning  @[11895,21019.8,9.65209] 118045
12.04.2020 02:51:49: Thomas Cale(76561198073016657) | Lightning  @[11895,21019.8,9.65209] 118045
12.04.2020 02:51:50: Thomas Cale(76561198073016657) | Lightning Land_water_tank @[11885,21013.9,-5.37689] 118045
12.04.2020 02:51:50: Thomas Cale(76561198073016657) | Lightning  @[11895,21019.8,9.65209] 118045
12.04.2020 02:51:50: Thomas Cale(76561198073016657) | Lightning  @[11895,21019.8,9.65209] 118045
12.04.2020 02:51:51: Thomas Cale(76561198073016657) | Lightning @[12524.5,19877.2,0] 125057
12.04.2020 02:52:02: Thomas Cale(76561198073016657) | Day
12.04.2020 02:52:14: Thomas Cale(76561198073016657) | AI ESP - ON
12.04.2020 02:52:31: Thomas Cale(76561198073016657) | Teleport to [9661.91,23856.3,0](GPS: 096017)
12.04.2020 02:52:48: Thomas Cale(76561198073016657) | Teleport to [954.993,25010.5,0](GPS: 009005)
12.04.2020 02:52:52: Thomas Cale(76561198073016657) | Lightning Exile_Car_UAZ_Open_Green @[930.705,25022,0.00453305] 009005
12.04.2020 02:52:54: Thomas Cale(76561198073016657) | Lightning Exile_Car_Octavius_White @[911.173,25037.4,-0.00941968] 009005
12.04.2020 02:52:55: Thomas Cale(76561198073016657) | Lightning Exile_Car_Octavius_White @[911.181,25037.4,-0.210123] 009005
12.04.2020 02:53:01: Thomas Cale(76561198073016657) | Lightning Exile_Bike_QuadBike_Fia @[936.863,24960.8,-0.0525084] 009006
12.04.2020 02:53:05: Thomas Cale(76561198073016657) | Lightning Exile_Bike_QuadBike_Guerilla02 @[917.756,25095.2,-0.0524619] 009005
12.04.2020 02:53:17: Thomas Cale(76561198073016657) | Teleport to [1138.22,13880.6,0](GPS: 011117)
12.04.2020 02:53:34: Thomas Cale(76561198073016657) | Teleport to [944.817,13898.3,0](GPS: 009117)
12.04.2020 02:53:44: Thomas Cale(76561198073016657) | Teleport to [6059.3,1412.29,0](GPS: 060241)
12.04.2020 02:53:55: Thomas Cale(76561198073016657) | Teleport to [24422.1,1374.75,0](GPS: 244242)
12.04.2020 02:54:01: Thomas Cale(76561198073016657) | Lightning Exile_Car_SUV_Red @[24369.7,1380.53,-0.0236359] 243242
12.04.2020 02:54:08: Thomas Cale(76561198073016657) | Killing Land_A_Castle_Wall1_20 @243241
12.04.2020 02:54:10: Thomas Cale(76561198073016657) | Killing Land_A_Castle_Wall1_20 @244241
12.04.2020 02:54:11: Thomas Cale(76561198073016657) | Killing Land_A_Castle_Wall1_20 @243241
12.04.2020 02:54:18: Thomas Cale(76561198073016657) | Lightning Land_A_Castle_Donjon @[24357.2,1441.35,0.000671387] 243241
12.04.2020 02:54:30: Thomas Cale(76561198073016657) | Teleport to [15172.8,9669.34,0](GPS: 151159)
12.04.2020 02:55:11: Thomas Cale(76561198073016657) | Teleport to [15290.7,9825.04,0](GPS: 152157)
12.04.2020 02:55:30: Thomas Cale(76561198073016657) | Teleport to [15283.5,9880.94,0](GPS: 152157)
12.04.2020 02:56:01: Thomas Cale(76561198073016657) | Teleport to [14843,9880.49,0](GPS: 148157)
12.04.2020 02:56:47: Thomas Cale(76561198073016657) | Teleport to [15166.4,10043.4,0](GPS: 151155)
12.04.2020 02:58:04: Thomas Cale(76561198073016657) | spawning HMMWV (Civil) (HMMWV_civil) (NonPersistent)
12.04.2020 02:58:34: Thomas Cale(76561198073016657) | spawning T-100 Varsuk (O_MBT_02_cannon_F) (NonPersistent)
12.04.2020 02:59:29: Thomas Cale(76561198073016657) | Lightning O_MBT_02_cannon_F @[15130.1,10068.4,-0.0794621] 151155
12.04.2020 02:59:37: Thomas Cale(76561198073016657) | Lightning O_MBT_02_cannon_F @[15130.1,10068.4,-0.0795345] 151155
12.04.2020 03:00:36: Thomas Cale(76561198073016657) | Teleport to [8929.48,12941.7,0](GPS: 089126)
12.04.2020 03:00:50: Thomas Cale(76561198073016657) | Billoard Doggy created!
12.04.2020 03:01:53: Thomas Cale(76561198073016657) | Deleting Exile_Sign_TraderCity @089126..
12.04.2020 03:02:01: Thomas Cale(76561198073016657) | Deleting Exile_Sign_TraderCity @089126..
12.04.2020 03:03:31: Thomas Cale(76561198073016657) | Lower Terrain - ON
12.04.2020 03:03:39: Thomas Cale(76561198073016657) | Lower Terrain - OFF
12.04.2020 03:04:29: Thomas Cale(76561198073016657) | AdminConsole
12.04.2020 03:04:34: Thomas Cale(76561198073016657) | AI ESP - OFF
12.04.2020 03:13:07: Thomas Cale(76561198073016657) | is an admin again.
12.04.2020 03:15:26: Thomas Cale(76561198073016657) | God Mode - ON
12.04.2020 03:15:26: Thomas Cale(76561198073016657) | noRecoil - ON
12.04.2020 03:15:26: Thomas Cale(76561198073016657) | FastFire - ON
12.04.2020 03:15:26: Thomas Cale(76561198073016657) | UnlimAmmo - ON
12.04.2020 03:15:26: Thomas Cale(76561198073016657) | Vehboost - ON
12.04.2020 03:15:26: Thomas Cale(76561198073016657) | Vehicle God Mode - ON
12.04.2020 03:17:07: Thomas Cale(76561198073016657) | is a normal player now.
12.04.2020 03:23:50: Thomas Cale(76561198073016657) | is an admin again.
12.04.2020 03:25:23: Thomas Cale(76561198073016657) | God Mode - ON
12.04.2020 03:25:23: Thomas Cale(76561198073016657) | noRecoil - ON
12.04.2020 03:25:23: Thomas Cale(76561198073016657) | FastFire - ON
12.04.2020 03:25:23: Thomas Cale(76561198073016657) | UnlimAmmo - ON
12.04.2020 03:25:23: Thomas Cale(76561198073016657) | Vehboost - ON
12.04.2020 03:25:23: Thomas Cale(76561198073016657) | Vehicle God Mode - ON
12.04.2020 03:29:14: Thomas Cale(76561198073016657) | Teleport to [8851.53,13104.9,0](GPS: 088124)
12.04.2020 03:31:17: Thomas Cale(76561198073016657) | Revive - Thomas Cale(76561198073016657)
12.04.2020 03:32:00: Thomas Cale(76561198073016657) | Revive - Thomas Cale(76561198073016657)
12.04.2020 03:32:05: Thomas Cale(76561198073016657) | Lightning @[8915.23,12973.2,0] 089126
12.04.2020 03:32:07: Thomas Cale(76561198073016657) | Lightning RyanZombieboss11Opfor @[8913.21,12976.4,0.00133133] 089126
12.04.2020 03:32:07: Thomas Cale(76561198073016657) | Lightning @[8911.61,12982.4,0] 089126
12.04.2020 03:32:07: Thomas Cale(76561198073016657) | Lightning @[8911.05,12981,0] 089126
12.04.2020 03:32:07: Thomas Cale(76561198073016657) | Lightning RyanZombieboss11Opfor @[8913.15,12976.4,0.0440779] 089126
12.04.2020 03:32:08: Thomas Cale(76561198073016657) | Lightning RyanZombieboss11Opfor @[8913.13,12976.4,0.113657] 089126
12.04.2020 03:32:08: Thomas Cale(76561198073016657) | Lightning RyanZombieboss32Opfor @[8914.28,12972.1,-0.00762939] 089126
12.04.2020 03:32:08: Thomas Cale(76561198073016657) | Lightning RyanZombieboss11Opfor @[8913.02,12976.4,-0.0161448] 089126
12.04.2020 03:32:08: Thomas Cale(76561198073016657) | Lightning RyanZombieboss32Opfor @[8914.28,12972.1,-0.00837612] 089126
12.04.2020 03:32:08: Thomas Cale(76561198073016657) | Lightning RyanZombieboss32Opfor @[8914.28,12972.1,-0.00833035] 089126
12.04.2020 03:32:09: Thomas Cale(76561198073016657) | Lightning RyanZombieboss32Opfor @[8914.28,12972.1,-0.00903797] 089126
12.04.2020 03:32:09: Thomas Cale(76561198073016657) | Lightning RyanZombieboss32Opfor @[8914.28,12972.1,-0.0103235] 089126
12.04.2020 03:32:09: Thomas Cale(76561198073016657) | Lightning RyanZombieboss18Opfor @[8912.3,12974.4,0.0568151] 089126
12.04.2020 03:32:14: Thomas Cale(76561198073016657) | Lightning  @[8909.58,12964.2,2.13073] 089126
12.04.2020 03:32:14: Thomas Cale(76561198073016657) | Lightning @[8917.32,12964.1,0] 089126
12.04.2020 03:32:16: Thomas Cale(76561198073016657) | Lightning @[8917.6,12964.6,0] 089126
12.04.2020 03:33:10: Thomas Cale(76561198073016657) | Revive - Thomas Cale(76561198073016657)
12.04.2020 03:33:18: Thomas Cale(76561198073016657) | Teleport to [8853.01,13103.8,0](GPS: 088124)
12.04.2020 03:36:39: Thomas Cale(76561198073016657) | is a normal player now.
12.04.2020 04:31:51: Thomas Cale(76561198073016657) | is an admin again.
12.04.2020 04:33:21: Thomas Cale(76561198073016657) | God Mode - ON
12.04.2020 04:33:21: Thomas Cale(76561198073016657) | noRecoil - ON
12.04.2020 04:33:21: Thomas Cale(76561198073016657) | FastFire - ON
12.04.2020 04:33:21: Thomas Cale(76561198073016657) | UnlimAmmo - ON
12.04.2020 04:33:21: Thomas Cale(76561198073016657) | Vehboost - ON
12.04.2020 04:33:21: Thomas Cale(76561198073016657) | Vehicle God Mode - ON
12.04.2020 04:33:43: Thomas Cale(76561198073016657) | Teleport to [9475.69,4472.13,0](GPS: 094211)
12.04.2020 04:33:57: Thomas Cale(76561198073016657) | Teleport to [2132.54,7245.84,0](GPS: 021183)
12.04.2020 04:34:11: Thomas Cale(76561198073016657) | Teleport to [7558.22,7970.39,0](GPS: 075176)
12.04.2020 04:35:29: Thomas Cale(76561198073016657) | Spawn Zombie on Target Location! - Thomas Cale(76561198073016657)
12.04.2020 04:35:30: Thomas Cale(76561198073016657) | Spawn Zombie on Target Location! - Thomas Cale(76561198073016657)
12.04.2020 04:35:30: Thomas Cale(76561198073016657) | Spawn Zombie on Target Location! - Thomas Cale(76561198073016657)
12.04.2020 04:35:31: Thomas Cale(76561198073016657) | Spawn Zombie on Target Location! - Thomas Cale(76561198073016657)
12.04.2020 04:35:31: Thomas Cale(76561198073016657) | Spawn Zombie on Target Location! - Thomas Cale(76561198073016657)
12.04.2020 04:35:31: Thomas Cale(76561198073016657) | Spawn Zombie on Target Location! - Thomas Cale(76561198073016657)
12.04.2020 04:35:33: Thomas Cale(76561198073016657) | Spawn Zombie on Target Location! - Thomas Cale(76561198073016657)
12.04.2020 04:35:34: Thomas Cale(76561198073016657) | Spawn Zombie on Target Location! - Thomas Cale(76561198073016657)
12.04.2020 04:35:34: Thomas Cale(76561198073016657) | Spawn Zombie on Target Location! - Thomas Cale(76561198073016657)
12.04.2020 04:35:34: Thomas Cale(76561198073016657) | Spawn Zombie on Target Location! - Thomas Cale(76561198073016657)
12.04.2020 04:35:34: Thomas Cale(76561198073016657) | Spawn Zombie on Target Location! - Thomas Cale(76561198073016657)
12.04.2020 04:35:35: Thomas Cale(76561198073016657) | Spawn Zombie on Target Location! - Thomas Cale(76561198073016657)
12.04.2020 04:35:35: Thomas Cale(76561198073016657) | Spawn Zombie on Target Location! - Thomas Cale(76561198073016657)
12.04.2020 04:35:35: Thomas Cale(76561198073016657) | Spawn Zombie on Target Location! - Thomas Cale(76561198073016657)
12.04.2020 04:35:36: Thomas Cale(76561198073016657) | Spawn Zombie on Target Location! - Thomas Cale(76561198073016657)
12.04.2020 04:35:36: Thomas Cale(76561198073016657) | Spawn Zombie on Target Location! - Thomas Cale(76561198073016657)
12.04.2020 04:35:36: Thomas Cale(76561198073016657) | Spawn Zombie on Target Location! - Thomas Cale(76561198073016657)
12.04.2020 04:36:14: Thomas Cale(76561198073016657) | Lightning RyanZombieC_man_polo_1_F @[7566.01,7967.81,-0.00274658] 075176
12.04.2020 04:36:17: Thomas Cale(76561198073016657) | Lightning @[7564.63,7968.51,0] 075176
12.04.2020 04:36:19: Thomas Cale(76561198073016657) | Lightning @[7560.77,7966.76,0] 075176
12.04.2020 04:36:23: Thomas Cale(76561198073016657) | Lightning @[7562.46,7959.2,0] 075176
12.04.2020 04:36:25: Thomas Cale(76561198073016657) | Lightning @[7561.84,7959.29,0] 075176
12.04.2020 04:36:28: Thomas Cale(76561198073016657) | Killing RyanZombieB_Soldier_04_f_1_1mediumOpfor @075176
12.04.2020 04:37:07: Thomas Cale(76561198073016657) | Spawn Zombie on Target Location! - Thomas Cale(76561198073016657)
12.04.2020 04:37:48: Thomas Cale(76561198073016657) | Spawn Zombie on Target Location! - Thomas Cale(76561198073016657)
12.04.2020 04:37:49: Thomas Cale(76561198073016657) | Spawn Zombie on Target Location! - Thomas Cale(76561198073016657)
12.04.2020 04:37:49: Thomas Cale(76561198073016657) | Spawn Zombie on Target Location! - Thomas Cale(76561198073016657)
12.04.2020 04:37:49: Thomas Cale(76561198073016657) | Spawn Zombie on Target Location! - Thomas Cale(76561198073016657)
12.04.2020 04:37:51: Thomas Cale(76561198073016657) | Spawn Zombie on Target Location! - Thomas Cale(76561198073016657)
12.04.2020 04:37:51: Thomas Cale(76561198073016657) | Spawn Zombie on Target Location! - Thomas Cale(76561198073016657)
12.04.2020 04:37:52: Thomas Cale(76561198073016657) | Spawn Zombie on Target Location! - Thomas Cale(76561198073016657)
12.04.2020 04:37:52: Thomas Cale(76561198073016657) | Spawn Zombie on Target Location! - Thomas Cale(76561198073016657)
12.04.2020 04:37:53: Thomas Cale(76561198073016657) | Spawn Zombie on Target Location! - Thomas Cale(76561198073016657)
12.04.2020 04:37:53: Thomas Cale(76561198073016657) | Spawn Zombie on Target Location! - Thomas Cale(76561198073016657)
12.04.2020 04:37:54: Thomas Cale(76561198073016657) | Spawn Zombie on Target Location! - Thomas Cale(76561198073016657)
12.04.2020 04:37:54: Thomas Cale(76561198073016657) | Spawn Zombie on Target Location! - Thomas Cale(76561198073016657)
12.04.2020 04:37:54: Thomas Cale(76561198073016657) | Spawn Zombie on Target Location! - Thomas Cale(76561198073016657)
12.04.2020 04:37:55: Thomas Cale(76561198073016657) | Spawn Zombie on Target Location! - Thomas Cale(76561198073016657)
12.04.2020 04:37:55: Thomas Cale(76561198073016657) | Spawn Zombie on Target Location! - Thomas Cale(76561198073016657)
12.04.2020 04:37:55: Thomas Cale(76561198073016657) | Spawn Zombie on Target Location! - Thomas Cale(76561198073016657)
12.04.2020 04:37:56: Thomas Cale(76561198073016657) | Spawn Zombie on Target Location! - Thomas Cale(76561198073016657)
12.04.2020 04:37:56: Thomas Cale(76561198073016657) | Spawn Zombie on Target Location! - Thomas Cale(76561198073016657)
12.04.2020 04:37:57: Thomas Cale(76561198073016657) | Spawn Zombie on Target Location! - Thomas Cale(76561198073016657)
12.04.2020 04:37:57: Thomas Cale(76561198073016657) | Spawn Zombie on Target Location! - Thomas Cale(76561198073016657)
12.04.2020 04:38:31: Thomas Cale(76561198073016657) | Revive - Thomas Cale(76561198073016657)
12.04.2020 04:38:51: Thomas Cale(76561198073016657) | Lightning @[7502.26,8009.38,0] 075175
12.04.2020 04:38:52: Thomas Cale(76561198073016657) | Lightning @[7502.8,8010.54,0] 075175
12.04.2020 04:38:52: Thomas Cale(76561198073016657) | Lightning @[7502.87,8012.5,0] 075175
12.04.2020 04:38:52: Thomas Cale(76561198073016657) | Lightning @[7502.01,8013.36,0] 075175
12.04.2020 04:38:53: Thomas Cale(76561198073016657) | Lightning @[7502.72,8013.27,0] 075175
12.04.2020 04:38:53: Thomas Cale(76561198073016657) | Lightning @[7503.52,8013.54,0] 075175
12.04.2020 04:38:53: Thomas Cale(76561198073016657) | Lightning RyanZombieboss13Opfor @[7503.92,8014.17,0.0213089] 075175
12.04.2020 04:38:53: Thomas Cale(76561198073016657) | Lightning @[7504.37,8013.38,0] 075175
12.04.2020 04:38:53: Thomas Cale(76561198073016657) | Lightning @[7503.46,8011.68,0] 075175
12.04.2020 04:40:18: Thomas Cale(76561198073016657) | Lightning @[7504.91,8019.43,0] 075175
12.04.2020 04:40:18: Thomas Cale(76561198073016657) | Lightning @[7504.86,8019.26,0] 075175
12.04.2020 04:40:18: Thomas Cale(76561198073016657) | Lightning @[7504.86,8019.06,0] 075175
12.04.2020 04:40:18: Thomas Cale(76561198073016657) | Lightning @[7504.78,8018.56,0] 075175
12.04.2020 04:40:19: Thomas Cale(76561198073016657) | Lightning RyanZombieB_Soldier_03_f_1Opfor @[7503.48,8019.88,0.0496292] 075175
12.04.2020 04:40:19: Thomas Cale(76561198073016657) | Lightning RyanZombieC_man_polo_2_Fmedium @[7504.67,8019.87,0.0246964] 075175
12.04.2020 04:40:19: Thomas Cale(76561198073016657) | Lightning RyanZombieB_Soldier_04_f_1walkerOpfor @[7505.31,8017.89,0.0367661] 075175
12.04.2020 04:40:19: Thomas Cale(76561198073016657) | Lightning RyanZombieB_Soldier_04_f_1walkerOpfor @[7504.99,8017.94,0.101547] 075175
12.04.2020 04:40:19: Thomas Cale(76561198073016657) | Lightning RyanZombieB_Soldier_04_f_1walkerOpfor @[7504.61,8017.84,0.0149002] 075175
12.04.2020 04:40:20: Thomas Cale(76561198073016657) | Lightning RyanZombieC_man_polo_2_FmediumOpfor @[7504.83,8016.87,0.0464401] 075175
12.04.2020 04:40:20: Thomas Cale(76561198073016657) | Lightning RyanZombieSpider29Opfor @[7504.25,8016.69,-0.0208511] 075175
12.04.2020 04:40:20: Thomas Cale(76561198073016657) | Lightning RyanZombieB_Soldier_04_f_1walkerOpfor @[7504.31,8017.53,-0.0220261] 075175
12.04.2020 04:40:20: Thomas Cale(76561198073016657) | Lightning RyanZombieB_Soldier_04_f_1walkerOpfor @[7504.29,8017.49,-0.0174103] 075175
12.04.2020 04:40:20: Thomas Cale(76561198073016657) | Lightning @[7503.21,8017.66,0] 075175
12.04.2020 04:40:21: Thomas Cale(76561198073016657) | Lightning @[7502.67,8015.81,0] 075175
12.04.2020 04:41:40: Thomas Cale(76561198073016657) | Spawning Antivirus Injector (rzinfection_antivirus_injector) on the ground infront of Thomas Cale!
12.04.2020 04:41:43: Thomas Cale(76561198073016657) | Spawning Antiviral Pills (rzinfection_antivirus_pills) on the ground infront of Thomas Cale!
12.04.2020 04:43:42: Thomas Cale(76561198073016657) | God Mode - ON
12.04.2020 04:43:42: Thomas Cale(76561198073016657) | noRecoil - ON
12.04.2020 04:43:42: Thomas Cale(76561198073016657) | FastFire - ON
12.04.2020 04:43:42: Thomas Cale(76561198073016657) | UnlimAmmo - ON
12.04.2020 04:43:42: Thomas Cale(76561198073016657) | Vehboost - ON
12.04.2020 04:43:42: Thomas Cale(76561198073016657) | Vehicle God Mode - ON
12.04.2020 04:45:20: Thomas Cale(76561198073016657) | Teleport to [4981.75,8392.33,0](GPS: 049172)
