14.04.2020 00:58:16: Connected (UID?): __SERVER__() Owner: 2
14.04.2020 01:01:58: Connected (UID?): __SERVER__() Owner: 2
14.04.2020 01:07:03: Connected (UID?): __SERVER__() Owner: 2
14.04.2020 01:07:59: Connected: Thomas Cale(76561198073016657) Owner: 4
14.04.2020 01:08:03: Connected (CLIENT_PING): Thomas Cale(76561198073016657) Owner: 4, SteamName: |Ⓐ| Thomas Cale   [UpTime: 0h 0min 53s - ServerFPS: 47.3373]
14.04.2020 01:11:13: Disconnected: Thomas Cale(76561198073016657) Owner: 4, SteamName: |Ⓐ| Thomas Cale
14.04.2020 01:16:43: Connected (UID?): __SERVER__() Owner: 2
14.04.2020 01:22:22: Connected (UID?): __SERVER__() Owner: 2
14.04.2020 01:26:47: Connected (UID?): __SERVER__() Owner: 2
14.04.2020 01:31:12: Connected (UID?): __SERVER__() Owner: 2
14.04.2020 01:34:51: Connected (UID?): __SERVER__() Owner: 2
14.04.2020 01:55:10: Connected (UID?): __SERVER__() Owner: 2
14.04.2020 01:58:15: Connected: Thomas Cale(76561198073016657) Owner: 4
14.04.2020 01:58:18: Connected (CLIENT_PING): Thomas Cale(76561198073016657) Owner: 4, SteamName: |Ⓐ| Thomas Cale   [UpTime: 0h 3min 0s - ServerFPS: 47.1976]
14.04.2020 02:07:08: Disconnected: Thomas Cale(76561198073016657) Owner: 4, SteamName: |Ⓐ| Thomas Cale
14.04.2020 03:59:45: Connected (UID?): __SERVER__() Owner: 2
14.04.2020 04:01:16: Connected: Thomas Cale(76561198073016657) Owner: 4
14.04.2020 04:01:21: Connected (CLIENT_PING): Thomas Cale(76561198073016657) Owner: 4, SteamName: |Ⓐ| Thomas Cale   [UpTime: 0h 1min 29s - ServerFPS: 47.4777]
14.04.2020 04:04:40: Disconnected: Thomas Cale(76561198073016657) Owner: 4, SteamName: |Ⓐ| Thomas Cale
14.04.2020 04:08:14: Connected (UID?): __SERVER__() Owner: 2
14.04.2020 04:09:46: Connected: Thomas Cale(76561198073016657) Owner: 4
14.04.2020 04:09:52: Connected (CLIENT_PING): Thomas Cale(76561198073016657) Owner: 4, SteamName: |Ⓐ| Thomas Cale   [UpTime: 0h 1min 31s - ServerFPS: 47.1976]
14.04.2020 04:13:00: Connected (UID?): __SERVER__() Owner: 2
14.04.2020 04:15:12: Connected (UID?): __SERVER__() Owner: 2
14.04.2020 04:16:44: Connected: Thomas Cale(76561198073016657) Owner: 4
14.04.2020 04:16:47: Connected (CLIENT_PING): Thomas Cale(76561198073016657) Owner: 4, SteamName: |Ⓐ| Thomas Cale   [UpTime: 0h 1min 28s - ServerFPS: 47.0588]
14.04.2020 04:38:26: Disconnected: Thomas Cale(76561198073016657) Owner: 4, SteamName: |Ⓐ| Thomas Cale
14.04.2020 04:48:17: Connected (UID?): __SERVER__() Owner: 2
14.04.2020 04:49:59: Connected: Thomas Cale(76561198073016657) Owner: 4
14.04.2020 04:50:04: Connected (CLIENT_PING): Thomas Cale(76561198073016657) Owner: 4, SteamName: |Ⓐ| Thomas Cale   [UpTime: 0h 1min 41s - ServerFPS: 47.1976]
14.04.2020 04:54:38: Connected (UID?): __SERVER__() Owner: 2
14.04.2020 04:55:58: Connected: Thomas Cale(76561198073016657) Owner: 4
14.04.2020 04:56:03: Connected (CLIENT_PING): Thomas Cale(76561198073016657) Owner: 4, SteamName: |Ⓐ| Thomas Cale   [UpTime: 0h 1min 17s - ServerFPS: 43.4783]
14.04.2020 04:59:12: Connected (UID?): __SERVER__() Owner: 2
14.04.2020 05:01:25: Connected (UID?): __SERVER__() Owner: 2
14.04.2020 05:02:44: Connected: Thomas Cale(76561198073016657) Owner: 4
14.04.2020 05:02:47: Connected (CLIENT_PING): Thomas Cale(76561198073016657) Owner: 4, SteamName: |Ⓐ| Thomas Cale   [UpTime: 0h 1min 14s - ServerFPS: 46.7836]
14.04.2020 05:05:15: Disconnected: Thomas Cale(76561198073016657) Owner: 4, SteamName: |Ⓐ| Thomas Cale
14.04.2020 05:09:30: Connected (UID?): __SERVER__() Owner: 2
14.04.2020 05:11:05: Connected: Thomas Cale(76561198073016657) Owner: 4
14.04.2020 05:11:12: Connected (CLIENT_PING): Thomas Cale(76561198073016657) Owner: 4, SteamName: |Ⓐ| Thomas Cale   [UpTime: 0h 1min 40s - ServerFPS: 45.7143]
14.04.2020 05:12:19: Disconnected: Thomas Cale(76561198073016657) Owner: 4, SteamName: |Ⓐ| Thomas Cale
14.04.2020 05:14:47: Connected (UID?): __SERVER__() Owner: 2
14.04.2020 05:16:28: Connected: Thomas Cale(76561198073016657) Owner: 4
14.04.2020 05:16:31: Connected (CLIENT_PING): Thomas Cale(76561198073016657) Owner: 4, SteamName: |Ⓐ| Thomas Cale   [UpTime: 0h 1min 37s - ServerFPS: 46.9208]
14.04.2020 06:01:51: Connected (UID?): __SERVER__() Owner: 2
14.04.2020 06:03:39: Connected: Thomas Cale(76561198073016657) Owner: 4
14.04.2020 06:03:44: Connected (CLIENT_PING): Thomas Cale(76561198073016657) Owner: 4, SteamName: |Ⓐ| Thomas Cale   [UpTime: 0h 1min 45s - ServerFPS: 46.6472]
14.04.2020 06:07:44: Disconnected: Thomas Cale(76561198073016657) Owner: 4, SteamName: |Ⓐ| Thomas Cale
14.04.2020 18:38:12: Connected (UID?): __SERVER__() Owner: 2
14.04.2020 18:54:20: Connected (UID?): __SERVER__() Owner: 2
14.04.2020 18:55:35: Connected: Thomas Cale(76561198073016657) Owner: 4
14.04.2020 18:55:40: Connected (CLIENT_PING): Thomas Cale(76561198073016657) Owner: 4, SteamName: |Ⓐ| Thomas Cale   [UpTime: 0h 1min 12s - ServerFPS: 48.3384]
14.04.2020 18:56:15: Disconnected: Thomas Cale(76561198073016657) Owner: 4, SteamName: |Ⓐ| Thomas Cale
14.04.2020 18:59:22: Connected (UID?): __SERVER__() Owner: 2
14.04.2020 19:00:42: Connected (UID?): __SERVER__() Owner: 2
14.04.2020 19:06:28: Connected (UID?): __SERVER__() Owner: 2
14.04.2020 19:09:34: Connected: Julian(76561198026088898) Owner: 4
14.04.2020 19:09:37: Connected (CLIENT_PING): Julian(76561198026088898) Owner: 4, SteamName: [VL] JMK9718   [UpTime: 0h 3min 1s - ServerFPS: 46.5116]
14.04.2020 19:13:28: Connected: mad max(76561198018530308) Owner: 5
14.04.2020 19:13:32: Connected (CLIENT_PING): mad max(76561198018530308) Owner: 5, SteamName: |Ⓐ| MAD MAX   [UpTime: 0h 6min 56s - ServerFPS: 47.1976]
14.04.2020 19:22:38: Connected (UID?): __SERVER__() Owner: 2
14.04.2020 19:27:00: Connected (UID?): __SERVER__() Owner: 2
14.04.2020 19:28:19: Connected (UID?): __SERVER__() Owner: 2
14.04.2020 19:28:52: Connected: mad max(76561198018530308) Owner: 4
14.04.2020 19:28:55: Connected (CLIENT_PING): mad max(76561198018530308) Owner: 4, SteamName: |Ⓐ| MAD MAX   [UpTime: 0h 0min 30s - ServerFPS: 40.404]
14.04.2020 19:30:12: Connected: Thomas Cale(76561198073016657) Owner: 5
14.04.2020 19:30:14: Connected (CLIENT_PING): Thomas Cale(76561198073016657) Owner: 5, SteamName: |Ⓐ| Thomas Cale   [UpTime: 0h 1min 48s - ServerFPS: 47.7612]
14.04.2020 19:51:13: Disconnected: Thomas Cale(76561198073016657) Owner: 5, SteamName: |Ⓐ| Thomas Cale
14.04.2020 19:53:47: Connected (UID?): __SERVER__() Owner: 2
14.04.2020 19:54:26: Connected: mad max(76561198018530308) Owner: 4
14.04.2020 19:54:29: Connected (CLIENT_PING): mad max(76561198018530308) Owner: 4, SteamName: |Ⓐ| MAD MAX   [UpTime: 0h 0min 34s - ServerFPS: 47.7612]
14.04.2020 19:56:29: Connected: Julian(76561198026088898) Owner: 5
14.04.2020 19:56:33: Connected (CLIENT_PING): Julian(76561198026088898) Owner: 5, SteamName: [VL] JMK9718   [UpTime: 0h 2min 39s - ServerFPS: 47.4777]
14.04.2020 20:00:46: Connected: Thomas Cale(76561198073016657) Owner: 6
14.04.2020 20:00:49: Connected (CLIENT_PING): Thomas Cale(76561198073016657) Owner: 6, SteamName: |Ⓐ| Thomas Cale   [UpTime: 0h 6min 54s - ServerFPS: 46.6472]
14.04.2020 21:27:52: Connected: Ethan(76561198504702925) Owner: 7
14.04.2020 21:27:55: Connected (CLIENT_PING): Ethan(76561198504702925) Owner: 7, SteamName: SANDO2709   [UpTime: 1h 34min 0s - ServerFPS: 46.6472]
14.04.2020 22:54:10: Disconnected: Julian(76561198026088898) Owner: 5, SteamName: [VL] JMK9718
14.04.2020 23:00:36: Disconnected: mad max(76561198018530308) Owner: 4, SteamName: |Ⓐ| MAD MAX
14.04.2020 23:00:40: Disconnected: Ethan(76561198504702925) Owner: 7, SteamName: SANDO2709
14.04.2020 23:00:47: Disconnected: Thomas Cale(76561198073016657) Owner: 6, SteamName: |Ⓐ| Thomas Cale
14.04.2020 23:43:28: Connected (UID?): __SERVER__() Owner: 2
14.04.2020 23:47:20: Connected: mad max(76561198018530308) Owner: 4
14.04.2020 23:47:24: Connected (CLIENT_PING): mad max(76561198018530308) Owner: 4, SteamName: |Ⓐ| MAD MAX   [UpTime: 0h 3min 48s - ServerFPS: 46.5116]
14.04.2020 23:54:46: Connected (UID?): __SERVER__() Owner: 2
14.04.2020 23:56:34: Connected: mad max(76561198018530308) Owner: 4
14.04.2020 23:56:36: Connected (CLIENT_PING): mad max(76561198018530308) Owner: 4, SteamName: |Ⓐ| MAD MAX   [UpTime: 0h 1min 43s - ServerFPS: 47.0588]
