12.04.2020 00:51:11: _fnc_server_handle_mpmessage: dz3q6r0e1sa6ep052d0g6i1x3x3b3n6v1k269h3l3i7
12.04.2020 00:51:11: _fnc_AdminReqReal: iu1k9z657d3_8xa_6q5g7i6n32e61
12.04.2020 00:51:11: _playerObjCheckLoop: kics1h6kan833h5c343
12.04.2020 00:51:11: _token_by_uid: zt957x8n186pcj2i7412213z3f7a6z1d0
12.04.2020 00:51:11: _uid_by_token: zzch1x6d6q5d8z1s7u7
12.04.2020 00:51:11: _name_by_uid: ej1w2a5f9b0064cl1s7
12.04.2020 00:51:11: _owner_by_uid: mr8m3fe57g2r7j1wa93x3x9s157d1
12.04.2020 00:51:11: _uid_by_owner: c66k9u3s5n64as5e58cf7b306oe7cb1_893s3e76c37m1
12.04.2020 00:51:11: _fn_playerConnected: yg8b6e788p0q5v8435833
12.04.2020 00:51:11: _server_setTokenR: wwag9w501m8y381w7r7t6o5bem6o396
12.04.2020 00:51:11: _FN_INJECT_ON_CLIENT: y_1v1u7a7s6f6k3x150q751d3w1o053v3x5r0la230950
12.04.2020 00:51:11: _fnc_l_on_c: gy72a27sem7q8pat166
12.04.2020 00:51:11: _adminStartupCode: bp9lam5r3g8c3v7y9a9qea3d131t5
12.04.2020 00:51:11: _AHKickOFF: cp738h86767m8ead6j3
12.04.2020 00:51:11: _AHKickLog: so168j0_8w6p3far148x7l597c6q777
12.04.2020 00:51:11: _AH_RunCheckENDVAR: k33a1r7t3s2777838_6o7geb3f85cs7a8
12.04.2020 00:51:11: _AH_RunCheck: xg6w2j7x6u8d3w84716u3e3y8w8x3
12.04.2020 00:51:11: _AH_HackLogArrayRND: h85j07177h37268t1o391a6013cv1o3
12.04.2020 00:51:11: _AH_SurvLogArrayRND: dw1r7x0t7_8ia8ax386
12.04.2020 00:51:11: _AH_AdmiLogArrayRND: bz5e6f771n51al3_even176yc
12.04.2020 00:51:11: _TMPBAN: dn71787o8_1d603n5g3
12.04.2020 00:51:11: _fn_getTempBans: f5cd733h3s8w6b9p3y7n1n2
12.04.2020 00:51:11: _fnc_addTempBan: vc1v611ma27j1m28ajaa15185g7ocs7p8r6c1bc_1ye
12.04.2020 00:51:11: _fnc_removeTempBan: ai7b3w7tad37eh5k1t8
12.04.2020 00:51:11: _AHpos: s3e32y075e6ba1733k8
12.04.2020 00:51:11: _adminsA: vd6c7c39373v6n1m3d8
12.04.2020 00:51:11: _vehicle_needs_check: f97f7k78a33_5d78615
12.04.2020 00:51:11: _fnc_infiSTAR_PlayerLog: dy7ba21i3ec_888n1v82700u7f911
12.04.2020 00:51:11: _antidupePVResVar: er27320v7x1_343i8q7
12.04.2020 00:51:11: _runcheck_thread: g0915w376ray5x5san6i6p3
12.04.2020 00:51:11: _livestarted: cv5d1nci8q5z3r7n895r3u0g6770a_1b6j8c3
12.04.2020 00:51:11: _fnc_check_type_allowed: vp3q178va9190i7m9tcs105r8u1s7_7oc
12.04.2020 00:51:11: _fnc_server_handle_mpmessage: dz3q6r0e1sa6ep052d0g6i1x3x3b3n6v1k269h3l3i7
12.04.2020 00:51:11: _fnc_AdminReqReal: iu1k9z657d3_8xa_6q5g7i6n32e61
12.04.2020 00:51:11: _playerObjCheckLoop: kics1h6kan833h5c343
12.04.2020 00:51:11: _token_by_uid: zt957x8n186pcj2i7412213z3f7a6z1d0
12.04.2020 00:51:11: _uid_by_token: zzch1x6d6q5d8z1s7u7
12.04.2020 00:51:11: _name_by_uid: ej1w2a5f9b0064cl1s7
12.04.2020 00:51:11: _owner_by_uid: mr8m3fe57g2r7j1wa93x3x9s157d1
12.04.2020 00:51:11: _uid_by_owner: c66k9u3s5n64as5e58cf7b306oe7cb1_893s3e76c37m1
12.04.2020 00:51:11: _fn_playerConnected: yg8b6e788p0q5v8435833
12.04.2020 00:51:11: _server_setTokenR: wwag9w501m8y381w7r7t6o5bem6o396
12.04.2020 00:51:11: _FN_INJECT_ON_CLIENT: y_1v1u7a7s6f6k3x150q751d3w1o053v3x5r0la230950
12.04.2020 00:51:11: _fnc_l_on_c: gy72a27sem7q8pat166
12.04.2020 00:51:11: _adminStartupCode: bp9lam5r3g8c3v7y9a9qea3d131t5
12.04.2020 00:51:11: _AHKickOFF: cp738h86767m8ead6j3
12.04.2020 00:51:11: _AHKickLog: so168j0_8w6p3far148x7l597c6q777
12.04.2020 00:51:11: _AH_RunCheckENDVAR: k33a1r7t3s2777838_6o7geb3f85cs7a8
12.04.2020 00:51:11: _AH_RunCheck: xg6w2j7x6u8d3w84716u3e3y8w8x3
12.04.2020 00:51:11: _AH_HackLogArrayRND: h85j07177h37268t1o391a6013cv1o3
12.04.2020 00:51:11: _AH_SurvLogArrayRND: dw1r7x0t7_8ia8ax386
12.04.2020 00:51:11: _AH_AdmiLogArrayRND: bz5e6f771n51al3_even176yc
12.04.2020 00:51:11: _TMPBAN: dn71787o8_1d603n5g3
12.04.2020 00:51:11: _fn_getTempBans: f5cd733h3s8w6b9p3y7n1n2
12.04.2020 00:51:11: _fnc_addTempBan: vc1v611ma27j1m28ajaa15185g7ocs7p8r6c1bc_1ye
12.04.2020 00:51:11: _fnc_removeTempBan: ai7b3w7tad37eh5k1t8
12.04.2020 00:51:11: _AHpos: s3e32y075e6ba1733k8
12.04.2020 00:51:11: _adminsA: vd6c7c39373v6n1m3d8
12.04.2020 00:51:11: _vehicle_needs_check: f97f7k78a33_5d78615
12.04.2020 00:51:11: _fnc_infiSTAR_PlayerLog: dy7ba21i3ec_888n1v82700u7f911
12.04.2020 00:51:11: _antidupePVResVar: er27320v7x1_343i8q7
12.04.2020 00:51:11: _runcheck_thread: g0915w376ray5x5san6i6p3
12.04.2020 00:51:11: _livestarted: cv5d1nci8q5z3r7n895r3u0g6770a_1b6j8c3
12.04.2020 00:51:11: _fnc_check_type_allowed: vp3q178va9190i7m9tcs105r8u1s7_7oc
12.04.2020 00:51:11: _fnc_vehicle_check: m8elag1f0z3f1y8m6j1s717
12.04.2020 00:51:11: _rcheckclient: juev887ych6e5mcm3u9k6
12.04.2020 00:51:11: _rcheckserver: fbe07g6f7p76875x7h3
12.04.2020 00:51:11: _waste_btn_thread: hv7e2f8bcg9ocx8l8b3_6
