15.04.2020 00:08:14: _fnc_server_handle_mpmessage: pu1tcxe87l7r695i582t3a7r7m3e701y31682v8z213
15.04.2020 00:08:15: _fnc_AdminReqReal: qz17at19771u2m84683
15.04.2020 00:08:15: _playerObjCheckLoop: wh1_7v1zep3ta8cr7l0
15.04.2020 00:08:15: _token_by_uid: fd3v8i666h6k3x1m0w7h7
15.04.2020 00:08:15: _uid_by_token: zpa18aae2i769n7zaaec66cw6o903i8g727n751j1fe
15.04.2020 00:08:15: _name_by_uid: mg145c56557n6tcc86ae8
15.04.2020 00:08:15: _owner_by_uid: lt79cse03iai6wc86bc26
15.04.2020 00:08:15: _uid_by_owner: ys3w7s861h1g126l3u8x7n8g70377
15.04.2020 00:08:15: _fn_playerConnected: uw3e1s7q0_3k8f7y5gc
15.04.2020 00:08:15: _server_setTokenR: yz65152n7_353_3z1025798o613z1y8b3t702
15.04.2020 00:08:15: _FN_INJECT_ON_CLIENT: jg2u2i2q1r6v7r1r6z621b7o1x3h7o5_aocr6_7852307
15.04.2020 00:08:15: _fnc_l_on_c: xma4er1e3n752n6h7x143t1
15.04.2020 00:08:15: _adminStartupCode: bv6d7r55caal3x101i7h701
15.04.2020 00:08:15: _AHKickOFF: it3nch7ace3j3j2b1b0
15.04.2020 00:08:15: _AHKickLog: cuc51e7m0e3m12af9p5b36167u5c6o7q381
15.04.2020 00:08:15: _AH_RunCheckENDVAR: ph7o3fczcq3l398x5l2b3
15.04.2020 00:08:15: _AH_RunCheck: ru5v5l358r7f6y1g3c7k0
15.04.2020 00:08:15: _AH_HackLogArrayRND: cm1t3g0t1h181a329i7q383_3g7b3r80ee66681n6
15.04.2020 00:08:15: _AH_SurvLogArrayRND: wg766m3sc4al6e8x7vcr6v1f2w8
15.04.2020 00:08:15: _AH_AdmiLogArrayRND: ib2z7t1h7v9f1k7a62159d1iah798g7tab5z6
15.04.2020 00:08:15: _TMPBAN: h4ce8j3naj6x617u6yc
15.04.2020 00:08:15: _fn_getTempBans: vr9x386n7a9i0f608t1lct863
15.04.2020 00:08:15: _fnc_addTempBan: p21v3zeo56as1v8l5c768a0zce7za5755e7mc
15.04.2020 00:08:15: _fnc_removeTempBan: e6eu313_7b332e1e8u9k6418ak7h6ra03b3q7z786
15.04.2020 00:08:15: _AHpos: xz1a3v735b8w9611a73a05ca8z8_cc3
15.04.2020 00:08:15: _adminsA: tk2c187h84er22795uaye
15.04.2020 00:08:15: _vehicle_needs_check: td8o7e5bae63c865cm5g1w617n6r7d6g1d6t3u3
15.04.2020 00:08:15: _fnc_infiSTAR_PlayerLog: xw643_8_1p3g24741q0h55876x5oae1u371n8280e_7
15.04.2020 00:08:15: _antidupePVResVar: d71f5i3gcx1oed2g1m77a
15.04.2020 00:08:15: _runcheck_thread: ga8435698a3_3x8raz5
15.04.2020 00:08:15: _livestarted: m73rek5h39ey24a0698a7q8e2g9l6o7y1g0m7
15.04.2020 00:08:15: _fnc_check_type_allowed: mf8f8w7o6w7g3s5d6jc46d3
15.04.2020 00:08:15: _fnc_server_handle_mpmessage: pu1tcxe87l7r695i582t3a7r7m3e701y31682v8z213
15.04.2020 00:08:15: _fnc_AdminReqReal: qz17at19771u2m84683
15.04.2020 00:08:15: _playerObjCheckLoop: wh1_7v1zep3ta8cr7l0
15.04.2020 00:08:15: _token_by_uid: fd3v8i666h6k3x1m0w7h7
15.04.2020 00:08:15: _uid_by_token: zpa18aae2i769n7zaaec66cw6o903i8g727n751j1fe
15.04.2020 00:08:15: _name_by_uid: mg145c56557n6tcc86ae8
15.04.2020 00:08:15: _owner_by_uid: lt79cse03iai6wc86bc26
15.04.2020 00:08:15: _uid_by_owner: ys3w7s861h1g126l3u8x7n8g70377
15.04.2020 00:08:15: _fn_playerConnected: uw3e1s7q0_3k8f7y5gc
15.04.2020 00:08:15: _server_setTokenR: yz65152n7_353_3z1025798o613z1y8b3t702
15.04.2020 00:08:15: _FN_INJECT_ON_CLIENT: jg2u2i2q1r6v7r1r6z621b7o1x3h7o5_aocr6_7852307
15.04.2020 00:08:15: _fnc_l_on_c: xma4er1e3n752n6h7x143t1
15.04.2020 00:08:15: _adminStartupCode: bv6d7r55caal3x101i7h701
15.04.2020 00:08:15: _AHKickOFF: it3nch7ace3j3j2b1b0
15.04.2020 00:08:15: _AHKickLog: cuc51e7m0e3m12af9p5b36167u5c6o7q381
15.04.2020 00:08:15: _AH_RunCheckENDVAR: ph7o3fczcq3l398x5l2b3
15.04.2020 00:08:15: _AH_RunCheck: ru5v5l358r7f6y1g3c7k0
15.04.2020 00:08:15: _AH_HackLogArrayRND: cm1t3g0t1h181a329i7q383_3g7b3r80ee66681n6
15.04.2020 00:08:15: _AH_SurvLogArrayRND: wg766m3sc4al6e8x7vcr6v1f2w8
15.04.2020 00:08:15: _AH_AdmiLogArrayRND: ib2z7t1h7v9f1k7a62159d1iah798g7tab5z6
15.04.2020 00:08:15: _TMPBAN: h4ce8j3naj6x617u6yc
15.04.2020 00:08:15: _fn_getTempBans: vr9x386n7a9i0f608t1lct863
15.04.2020 00:08:15: _fnc_addTempBan: p21v3zeo56as1v8l5c768a0zce7za5755e7mc
15.04.2020 00:08:15: _fnc_removeTempBan: e6eu313_7b332e1e8u9k6418ak7h6ra03b3q7z786
15.04.2020 00:08:15: _AHpos: xz1a3v735b8w9611a73a05ca8z8_cc3
15.04.2020 00:08:15: _adminsA: tk2c187h84er22795uaye
15.04.2020 00:08:15: _vehicle_needs_check: td8o7e5bae63c865cm5g1w617n6r7d6g1d6t3u3
15.04.2020 00:08:15: _fnc_infiSTAR_PlayerLog: xw643_8_1p3g24741q0h55876x5oae1u371n8280e_7
15.04.2020 00:08:15: _antidupePVResVar: d71f5i3gcx1oed2g1m77a
15.04.2020 00:08:15: _runcheck_thread: ga8435698a3_3x8raz5
15.04.2020 00:08:15: _livestarted: m73rek5h39ey24a0698a7q8e2g9l6o7y1g0m7
15.04.2020 00:08:15: _fnc_check_type_allowed: mf8f8w7o6w7g3s5d6jc46d3
15.04.2020 00:08:15: _fnc_vehicle_check: ut1t3k7m337iao3f791g6g7y3x1fa57p6
15.04.2020 00:08:15: _rcheckclient: w4146g7hc8991866c73k368
15.04.2020 00:08:15: _rcheckserver: qh6s3m3ta73b1j1v3x8
15.04.2020 00:08:15: _waste_btn_thread: s_1t0s5v348z6fe2588_1u7fca6v1ec
15.04.2020 00:25:43: _fnc_server_handle_mpmessage: ni3v7e3u675h7h1x8w1_7s9g56cc163a6m8x8
15.04.2020 00:25:43: _fnc_AdminReqReal: f2529m81901_870o198r6o2i137s2l1pcs7_ca7
15.04.2020 00:25:43: _playerObjCheckLoop: kd71avcx543b2je76zc
15.04.2020 00:25:43: _token_by_uid: ox6k637u7kaf643x38cb6l9t7j267f9383981_687413205
15.04.2020 00:25:43: _uid_by_token: i4896k3d9w7_c47z2x7scf7l6w1_8i9oai7
15.04.2020 00:25:43: _name_by_uid: a4676m8i348_3ic7363
15.04.2020 00:25:43: _owner_by_uid: nvah0g3c3ver16733j3r7
15.04.2020 00:25:43: _uid_by_owner: yb6z3q1j3k5s85691c3o3j7
15.04.2020 00:25:43: _fn_playerConnected: psco2eci2r007b8s3ocr8z8k7
15.04.2020 00:25:43: _server_setTokenR: c93c361z5yc9ee7b693v3
15.04.2020 00:25:43: _FN_INJECT_ON_CLIENT: ty6x1j5wau335q6c0w8
15.04.2020 00:25:43: _fnc_l_on_c: u5ew3e273n8g3f7r7x8f3_8hca8qc6c
15.04.2020 00:25:43: _adminStartupCode: yr1z7l786c5u8z5l3h7
15.04.2020 00:25:43: _AHKickOFF: yn71aq3u5par3q623w7
15.04.2020 00:25:43: _AHKickLog: xz1acu61ct7t752y7j5
15.04.2020 00:25:43: _AH_RunCheckENDVAR: rf8t83189f1ved196w27e
15.04.2020 00:25:43: _AH_RunCheck: g674315x7oemca656h6u7g7515a_3
15.04.2020 00:25:43: _AH_HackLogArrayRND: zj7z3bcu56791d19753p1tc55g1yay383w2l6
15.04.2020 00:25:43: _AH_SurvLogArrayRND: m66j7d778u7p8n7q183s7b19330l7j788l7g848h3u6
15.04.2020 00:25:43: _AH_AdmiLogArrayRND: u76x8b7y090g623z7a2o5c3s5d6
15.04.2020 00:25:43: _TMPBAN: vn8w6b2_107i163k6xac1
15.04.2020 00:25:43: _fn_getTempBans: bo6c9l6_3x1ocv3dax3g7u8l7rc_7keway0m3
15.04.2020 00:25:43: _fnc_addTempBan: g97z6p308n7b0o71857j6ca25m9k1e9d6i3naa1x0g3
15.04.2020 00:25:43: _fnc_removeTempBan: e785cn8x0m7e6i6u9u7
15.04.2020 00:25:43: _AHpos: wv1q31735gc7ci64316n0beqc15
15.04.2020 00:25:43: _adminsA: di3k7w3e373f8s73623t7z793p631v3d0g3mew2k073
15.04.2020 00:25:43: _vehicle_needs_check: yt5weg3d6q597i9i0a117c2
15.04.2020 00:25:43: _fnc_infiSTAR_PlayerLog: mme7e5c92u3w6t1xep1
15.04.2020 00:25:44: _antidupePVResVar: fj3s0d333l5ncn7henc15
15.04.2020 00:25:44: _runcheck_thread: ef6z03022n1c7c378n8c3u77c57e7f5q0
15.04.2020 00:25:44: _livestarted: gz1den8i3b895y8_6c139j3z9k7i7o8i1x7xc
15.04.2020 00:25:44: _fnc_check_type_allowed: sb0ya53tat2h1a72ce5
15.04.2020 00:25:44: _fnc_server_handle_mpmessage: ni3v7e3u675h7h1x8w1_7s9g56cc163a6m8x8
15.04.2020 00:25:44: _fnc_AdminReqReal: f2529m81901_870o198r6o2i137s2l1pcs7_ca7
15.04.2020 00:25:44: _playerObjCheckLoop: kd71avcx543b2je76zc
15.04.2020 00:25:44: _token_by_uid: ox6k637u7kaf643x38cb6l9t7j267f9383981_687413205
15.04.2020 00:25:44: _uid_by_token: i4896k3d9w7_c47z2x7scf7l6w1_8i9oai7
15.04.2020 00:25:44: _name_by_uid: a4676m8i348_3ic7363
15.04.2020 00:25:44: _owner_by_uid: nvah0g3c3ver16733j3r7
15.04.2020 00:25:44: _uid_by_owner: yb6z3q1j3k5s85691c3o3j7
15.04.2020 00:25:44: _fn_playerConnected: psco2eci2r007b8s3ocr8z8k7
15.04.2020 00:25:44: _server_setTokenR: c93c361z5yc9ee7b693v3
15.04.2020 00:25:44: _FN_INJECT_ON_CLIENT: ty6x1j5wau335q6c0w8
15.04.2020 00:25:44: _fnc_l_on_c: u5ew3e273n8g3f7r7x8f3_8hca8qc6c
15.04.2020 00:25:44: _adminStartupCode: yr1z7l786c5u8z5l3h7
15.04.2020 00:25:44: _AHKickOFF: yn71aq3u5par3q623w7
15.04.2020 00:25:44: _AHKickLog: xz1acu61ct7t752y7j5
15.04.2020 00:25:44: _AH_RunCheckENDVAR: rf8t83189f1ved196w27e
15.04.2020 00:25:44: _AH_RunCheck: g674315x7oemca656h6u7g7515a_3
15.04.2020 00:25:44: _AH_HackLogArrayRND: zj7z3bcu56791d19753p1tc55g1yay383w2l6
15.04.2020 00:25:44: _AH_SurvLogArrayRND: m66j7d778u7p8n7q183s7b19330l7j788l7g848h3u6
15.04.2020 00:25:44: _AH_AdmiLogArrayRND: u76x8b7y090g623z7a2o5c3s5d6
15.04.2020 00:25:44: _TMPBAN: vn8w6b2_107i163k6xac1
15.04.2020 00:25:44: _fn_getTempBans: bo6c9l6_3x1ocv3dax3g7u8l7rc_7keway0m3
15.04.2020 00:25:44: _fnc_addTempBan: g97z6p308n7b0o71857j6ca25m9k1e9d6i3naa1x0g3
15.04.2020 00:25:44: _fnc_removeTempBan: e785cn8x0m7e6i6u9u7
15.04.2020 00:25:44: _AHpos: wv1q31735gc7ci64316n0beqc15
15.04.2020 00:25:44: _adminsA: di3k7w3e373f8s73623t7z793p631v3d0g3mew2k073
15.04.2020 00:25:44: _vehicle_needs_check: yt5weg3d6q597i9i0a117c2
15.04.2020 00:25:44: _fnc_infiSTAR_PlayerLog: mme7e5c92u3w6t1xep1
15.04.2020 00:25:44: _antidupePVResVar: fj3s0d333l5ncn7henc15
15.04.2020 00:25:44: _runcheck_thread: ef6z03022n1c7c378n8c3u77c57e7f5q0
15.04.2020 00:25:44: _livestarted: gz1den8i3b895y8_6c139j3z9k7i7o8i1x7xc
15.04.2020 00:25:44: _fnc_check_type_allowed: sb0ya53tat2h1a72ce5
15.04.2020 00:25:44: _fnc_vehicle_check: vk7z6l3n7u30cz7g697
15.04.2020 00:25:44: _rcheckclient: tu3s8e705j3c5z5w8fekaa397l1h8sa35g77627s8va
15.04.2020 00:25:44: _rcheckserver: bo8qcp0_18796y8e361
15.04.2020 00:25:44: _waste_btn_thread: ko74509x1y18723b6i62087t7y1baq101s0
15.04.2020 00:34:46: _fnc_server_handle_mpmessage: zr80c16l086q8ladcd5
15.04.2020 00:34:47: _fnc_AdminReqReal: nd6v7b7v3g3a6z7e7t8
15.04.2020 00:34:47: _playerObjCheckLoop: hk769z9r3o3v853ycf5981030z3i5
15.04.2020 00:34:47: _token_by_uid: o_8rafel067b6g7sao1l762f3
15.04.2020 00:34:47: _uid_by_token: fr2673695q5r8u775p2537av853i3dcq3
15.04.2020 00:34:47: _name_by_uid: t0841gce3n1f868oax8p7f7t355n6n7p3
15.04.2020 00:34:47: _owner_by_uid: bs7k8kavck7rc63n1m1s7a9
15.04.2020 00:34:47: _uid_by_owner: gr0k827y7i6l5n1z9r6
15.04.2020 00:34:47: _fn_playerConnected: td6x847v7uar3kan6z7
15.04.2020 00:34:47: _server_setTokenR: g0287hc3ah1r1z7kcl5e8
15.04.2020 00:34:47: _FN_INJECT_ON_CLIENT: jo6e8f78827f74c7313
15.04.2020 00:34:47: _fnc_l_on_c: uk1q6j6t7a8na08s6u7j6m377y7
15.04.2020 00:34:47: _adminStartupCode: zd7782685g736r1u1016a21t7u9d1o7ba73
15.04.2020 00:34:47: _AHKickOFF: e5311f1n3q036g7f3i7p1
15.04.2020 00:34:47: _AHKickLog: q6cr8ceu9x3g7i8h6n7
15.04.2020 00:34:47: _AH_RunCheckENDVAR: xl7w1p5o8na17be99d8s3fa01u308
15.04.2020 00:34:47: _AH_RunCheck: lx2va_1m1w3h6h1n7y727k8
15.04.2020 00:34:47: _AH_HackLogArrayRND: i73s1b1k863l9j6f896
15.04.2020 00:34:47: _AH_SurvLogArrayRND: yecq1zcm5r3q7k0b1o6
15.04.2020 00:34:47: _AH_AdmiLogArrayRND: tu0acq1k0k528h3gc66u1f5n5u7hag867
15.04.2020 00:34:47: _TMPBAN: u63a8y0nac8m8r7x6e3w8zcn1
15.04.2020 00:34:47: _fn_getTempBans: y1cl8s9ucy603ca3359
15.04.2020 00:34:47: _fnc_addTempBan: ff7xce853e3nef6d6l3p8053e8307a7
15.04.2020 00:34:47: _fnc_removeTempBan: bran3bc23v765j9m7y007_6870a111ah18933d1n0
15.04.2020 00:34:47: _AHpos: pt7ma1596i7bere21d6r9f8s0z3t1k7j3p7
15.04.2020 00:34:47: _adminsA: bt7d636u0i1_3wcd9s331y7f3o018o363
15.04.2020 00:34:47: _vehicle_needs_check: rk88ae7u3a11cu7o0me07
15.04.2020 00:34:47: _fnc_infiSTAR_PlayerLog: ii7c779u5sch935w8j752e1x187_6p37al5n1h9l5rc17i6
15.04.2020 00:34:47: _antidupePVResVar: hw8t0e156tc51f743124197_76a47t5
15.04.2020 00:34:47: _runcheck_thread: jpc27s8qe6567r725v62ca7iao7kc20c1
15.04.2020 00:34:47: _livestarted: lv7x7b7z35enacei0l6x0s7i7
15.04.2020 00:34:47: _fnc_check_type_allowed: m26a6936eh8u6u3t9b9
15.04.2020 00:34:47: _fnc_server_handle_mpmessage: zr80c16l086q8ladcd5
15.04.2020 00:34:47: _fnc_AdminReqReal: nd6v7b7v3g3a6z7e7t8
15.04.2020 00:34:47: _playerObjCheckLoop: hk769z9r3o3v853ycf5981030z3i5
15.04.2020 00:34:47: _token_by_uid: o_8rafel067b6g7sao1l762f3
15.04.2020 00:34:47: _uid_by_token: fr2673695q5r8u775p2537av853i3dcq3
15.04.2020 00:34:47: _name_by_uid: t0841gce3n1f868oax8p7f7t355n6n7p3
15.04.2020 00:34:47: _owner_by_uid: bs7k8kavck7rc63n1m1s7a9
15.04.2020 00:34:47: _uid_by_owner: gr0k827y7i6l5n1z9r6
15.04.2020 00:34:47: _fn_playerConnected: td6x847v7uar3kan6z7
15.04.2020 00:34:47: _server_setTokenR: g0287hc3ah1r1z7kcl5e8
15.04.2020 00:34:47: _FN_INJECT_ON_CLIENT: jo6e8f78827f74c7313
15.04.2020 00:34:47: _fnc_l_on_c: uk1q6j6t7a8na08s6u7j6m377y7
15.04.2020 00:34:47: _adminStartupCode: zd7782685g736r1u1016a21t7u9d1o7ba73
15.04.2020 00:34:47: _AHKickOFF: e5311f1n3q036g7f3i7p1
15.04.2020 00:34:47: _AHKickLog: q6cr8ceu9x3g7i8h6n7
15.04.2020 00:34:47: _AH_RunCheckENDVAR: xl7w1p5o8na17be99d8s3fa01u308
15.04.2020 00:34:47: _AH_RunCheck: lx2va_1m1w3h6h1n7y727k8
15.04.2020 00:34:47: _AH_HackLogArrayRND: i73s1b1k863l9j6f896
15.04.2020 00:34:47: _AH_SurvLogArrayRND: yecq1zcm5r3q7k0b1o6
15.04.2020 00:34:47: _AH_AdmiLogArrayRND: tu0acq1k0k528h3gc66u1f5n5u7hag867
15.04.2020 00:34:47: _TMPBAN: u63a8y0nac8m8r7x6e3w8zcn1
15.04.2020 00:34:47: _fn_getTempBans: y1cl8s9ucy603ca3359
15.04.2020 00:34:47: _fnc_addTempBan: ff7xce853e3nef6d6l3p8053e8307a7
15.04.2020 00:34:47: _fnc_removeTempBan: bran3bc23v765j9m7y007_6870a111ah18933d1n0
15.04.2020 00:34:47: _AHpos: pt7ma1596i7bere21d6r9f8s0z3t1k7j3p7
15.04.2020 00:34:47: _adminsA: bt7d636u0i1_3wcd9s331y7f3o018o363
15.04.2020 00:34:47: _vehicle_needs_check: rk88ae7u3a11cu7o0me07
15.04.2020 00:34:47: _fnc_infiSTAR_PlayerLog: ii7c779u5sch935w8j752e1x187_6p37al5n1h9l5rc17i6
15.04.2020 00:34:47: _antidupePVResVar: hw8t0e156tc51f743124197_76a47t5
15.04.2020 00:34:47: _runcheck_thread: jpc27s8qe6567r725v62ca7iao7kc20c1
15.04.2020 00:34:47: _livestarted: lv7x7b7z35enacei0l6x0s7i7
15.04.2020 00:34:47: _fnc_check_type_allowed: m26a6936eh8u6u3t9b9
15.04.2020 00:34:47: _fnc_vehicle_check: qk1z9vcd8q1u7t9x0j3
15.04.2020 00:34:47: _rcheckclient: nw5vcp3g6q0g79ee1e5a708z7z5fc
15.04.2020 00:34:47: _rcheckserver: x7av1o3jap13898c6w68147na01
15.04.2020 00:34:47: _waste_btn_thread: ad7f1s7a1r9y7f3n8w183m9
15.04.2020 00:53:48: _fnc_server_handle_mpmessage: et7ke83k173a7f9j1k1p3h3l257g1
15.04.2020 00:53:48: _fnc_AdminReqReal: cu1724aa3h82633t8s5eej7rc_a4516b3zcj71cn1
15.04.2020 00:53:48: _playerObjCheckLoop: rpc45m897f8i125d7b1ta91
15.04.2020 00:53:48: _token_by_uid: ss8g3e3o1d8q1s1x10aj1
15.04.2020 00:53:48: _uid_by_token: lhcccd1s7x9_3k3i3f5
15.04.2020 00:53:48: _name_by_uid: d252308k1kan7f7b62ch3f6l533e1
15.04.2020 00:53:48: _owner_by_uid: yd6a37a57x297d7x3m8u813t1vag3w3g3h7m1
15.04.2020 00:53:48: _uid_by_owner: kq7d37ak1_ed1h6k857
15.04.2020 00:53:48: _fn_playerConnected: yi8nat8vci9f7a7x7m83an8k6ia9a7753
15.04.2020 00:53:48: _server_setTokenR: ym1u1n33aa957d221o0
15.04.2020 00:53:48: _FN_INJECT_ON_CLIENT: rq3b337p383xez0f7p1
15.04.2020 00:53:48: _fnc_l_on_c: yxcicd8d7feg1n11531l1
15.04.2020 00:53:48: _adminStartupCode: mq5gama71jai203g7v7u393v32e23h368j3p1
15.04.2020 00:53:48: _AHKickOFF: pw3m666a5g3v7w676fe
15.04.2020 00:53:49: _AHKickLog: xl647g3y75a41t11565633646p3c7q75e6a
15.04.2020 00:53:49: _AH_RunCheckENDVAR: q_5o8d8dco1f3g1v833j7daz7h1_73cf0j8f8uc
15.04.2020 00:53:49: _AH_RunCheck: te78171x1j7x2b7b3r0a313z7p76a93a74a17r7s328a7
15.04.2020 00:53:49: _AH_HackLogArrayRND: zm7i8s000t54cc6p0u742q9nc01za07f02678j7l8g666x7
15.04.2020 00:53:49: _AH_SurvLogArrayRND: exah7j59381x3q777p6
15.04.2020 00:53:49: _AH_AdmiLogArrayRND: jlcn367m8o61at3m1i1_6iej6l3_8y7ue
15.04.2020 00:53:49: _TMPBAN: lg7s8dcx0pe8ai361y7hcl7na_8g7k1_7
15.04.2020 00:53:49: _fn_getTempBans: ud9q151x3g7la27o636
15.04.2020 00:53:49: _fnc_addTempBan: b6383x773b6n9ya_6k6o7
15.04.2020 00:53:49: _fnc_removeTempBan: lp76357e5s2_1z3u3q6m7s3
15.04.2020 00:53:49: _AHpos: ed1fepao7r7lc_1y8m80a71uc
15.04.2020 00:53:49: _adminsA: j33m8825ex6da472cz1
15.04.2020 00:53:49: _vehicle_needs_check: kuar6t5n0j6z1170971b797a7_197_2z71801r5
15.04.2020 00:53:49: _fnc_infiSTAR_PlayerLog: nm35aj758x7t997vah7q196p6e8yev3
15.04.2020 00:53:49: _antidupePVResVar: ql1n1_3o7p707t9i5j3i7q113d6
15.04.2020 00:53:49: _runcheck_thread: ur948q7m7x18ao7j0raa1n3g8_233x246z751s7_7
15.04.2020 00:53:49: _livestarted: ge1wch5q6v736x5w9b2
15.04.2020 00:53:49: _fnc_check_type_allowed: ot1heca816738m5v6z7r3k7z696j8c3b623t3a1v1
15.04.2020 00:53:49: _fnc_server_handle_mpmessage: et7ke83k173a7f9j1k1p3h3l257g1
15.04.2020 00:53:49: _fnc_AdminReqReal: cu1724aa3h82633t8s5eej7rc_a4516b3zcj71cn1
15.04.2020 00:53:49: _playerObjCheckLoop: rpc45m897f8i125d7b1ta91
15.04.2020 00:53:49: _token_by_uid: ss8g3e3o1d8q1s1x10aj1
15.04.2020 00:53:49: _uid_by_token: lhcccd1s7x9_3k3i3f5
15.04.2020 00:53:49: _name_by_uid: d252308k1kan7f7b62ch3f6l533e1
15.04.2020 00:53:49: _owner_by_uid: yd6a37a57x297d7x3m8u813t1vag3w3g3h7m1
15.04.2020 00:53:49: _uid_by_owner: kq7d37ak1_ed1h6k857
15.04.2020 00:53:49: _fn_playerConnected: yi8nat8vci9f7a7x7m83an8k6ia9a7753
15.04.2020 00:53:49: _server_setTokenR: ym1u1n33aa957d221o0
15.04.2020 00:53:49: _FN_INJECT_ON_CLIENT: rq3b337p383xez0f7p1
15.04.2020 00:53:49: _fnc_l_on_c: yxcicd8d7feg1n11531l1
15.04.2020 00:53:49: _adminStartupCode: mq5gama71jai203g7v7u393v32e23h368j3p1
15.04.2020 00:53:49: _AHKickOFF: pw3m666a5g3v7w676fe
15.04.2020 00:53:49: _AHKickLog: xl647g3y75a41t11565633646p3c7q75e6a
15.04.2020 00:53:49: _AH_RunCheckENDVAR: q_5o8d8dco1f3g1v833j7daz7h1_73cf0j8f8uc
15.04.2020 00:53:49: _AH_RunCheck: te78171x1j7x2b7b3r0a313z7p76a93a74a17r7s328a7
15.04.2020 00:53:49: _AH_HackLogArrayRND: zm7i8s000t54cc6p0u742q9nc01za07f02678j7l8g666x7
15.04.2020 00:53:49: _AH_SurvLogArrayRND: exah7j59381x3q777p6
15.04.2020 00:53:49: _AH_AdmiLogArrayRND: jlcn367m8o61at3m1i1_6iej6l3_8y7ue
15.04.2020 00:53:49: _TMPBAN: lg7s8dcx0pe8ai361y7hcl7na_8g7k1_7
15.04.2020 00:53:49: _fn_getTempBans: ud9q151x3g7la27o636
15.04.2020 00:53:49: _fnc_addTempBan: b6383x773b6n9ya_6k6o7
15.04.2020 00:53:49: _fnc_removeTempBan: lp76357e5s2_1z3u3q6m7s3
15.04.2020 00:53:49: _AHpos: ed1fepao7r7lc_1y8m80a71uc
15.04.2020 00:53:49: _adminsA: j33m8825ex6da472cz1
15.04.2020 00:53:49: _vehicle_needs_check: kuar6t5n0j6z1170971b797a7_197_2z71801r5
15.04.2020 00:53:49: _fnc_infiSTAR_PlayerLog: nm35aj758x7t997vah7q196p6e8yev3
15.04.2020 00:53:49: _antidupePVResVar: ql1n1_3o7p707t9i5j3i7q113d6
15.04.2020 00:53:49: _runcheck_thread: ur948q7m7x18ao7j0raa1n3g8_233x246z751s7_7
15.04.2020 00:53:49: _livestarted: ge1wch5q6v736x5w9b2
15.04.2020 00:53:49: _fnc_check_type_allowed: ot1heca816738m5v6z7r3k7z696j8c3b623t3a1v1
15.04.2020 00:53:49: _fnc_vehicle_check: oq7ra61u6w1e3s7g3_813a6e8
15.04.2020 00:53:49: _rcheckclient: gy7s670985670o3q3v3zcx79117
15.04.2020 00:53:49: _rcheckserver: ix30af236h7z3z743w1n126z7v6v6d3t6q7y3
15.04.2020 00:53:49: _waste_btn_thread: vl0l6q3jcc1x0u3d8m7
15.04.2020 01:03:21: _fnc_server_handle_mpmessage: mw7o0i1j7k1c17818a393m34ce87c09r7
15.04.2020 01:03:21: _fnc_AdminReqReal: dz5c7z3cex01cq7a6z3j6_767
15.04.2020 01:03:21: _playerObjCheckLoop: fs128yek7987eq3d3r0
15.04.2020 01:03:21: _token_by_uid: b03x8_enc99tc0ci6fav5x698j52ao6v7k8v3ba
15.04.2020 01:03:21: _uid_by_token: b5eter6o2q6j05c98x7471390
15.04.2020 01:03:21: _name_by_uid: ep7r5k641e790l6j3j8
15.04.2020 01:03:21: _owner_by_uid: mx803e613q3e8p7i7c6b69323
15.04.2020 01:03:21: _uid_by_owner: b81d7682671f6c8q1z0
15.04.2020 01:03:21: _fn_playerConnected: xs6r0z6j353b7hac5d5w7o3p7ea63k7veb8z377l3j727
15.04.2020 01:03:21: _server_setTokenR: ww5k3kat3p3c1gal757v6w741
15.04.2020 01:03:21: _FN_INJECT_ON_CLIENT: rf141ccb9976168sab7
15.04.2020 01:03:21: _fnc_l_on_c: ayaw3s3l7i735p6g7o7
15.04.2020 01:03:21: _adminStartupCode: vv2j7_cg7mch3i1c1lar9
15.04.2020 01:03:21: _AHKickOFF: ofcb8v3ueq1lehcy6h8
15.04.2020 01:03:21: _AHKickLog: gv1uap7d8a1sar827t7
15.04.2020 01:03:21: _AH_RunCheckENDVAR: dacz20660q0s7r6j9n6g7w7
15.04.2020 01:03:21: _AH_RunCheck: sv3qejca7p703h5x1oa
15.04.2020 01:03:21: _AH_HackLogArrayRND: bt3scl7p1989703u641j1z8a1l7s6o307jca5s7
15.04.2020 01:03:21: _AH_SurvLogArrayRND: gy8g1w7l57auex5c9j5g6
15.04.2020 01:03:21: _AH_AdmiLogArrayRND: j6e_e9cf7xaz6p8ceoao7qe72s020
15.04.2020 01:03:21: _TMPBAN: p75c1r6n798icw1z5g7h6p8f8keq333
15.04.2020 01:03:21: _fn_getTempBans: ax1p8xa07r7l3kcq6j21647f1
15.04.2020 01:03:21: _fnc_addTempBan: ju7aeb6_6u3l1gea7g3m7w86c3ed3b7_3o0ga
15.04.2020 01:03:21: _fnc_removeTempBan: kk1o7zar1q7g6y9d3b2_2_5g1gap7h9iai7
15.04.2020 01:03:21: _AHpos: vh6p2y3x687d95cr1c6g5z026l3i761k5
15.04.2020 01:03:21: _adminsA: bh8h7h8d7z85ab78667q7k3d7k8a2t8c8h9
15.04.2020 01:03:21: _vehicle_needs_check: j5837o76cv7187981ycd9x7u3y3f7
15.04.2020 01:03:21: _fnc_infiSTAR_PlayerLog: t_a_6p7w5qc89x8i6o8
15.04.2020 01:03:21: _antidupePVResVar: bl1l1n3c3i3f5y1iex6kck396w1x6
15.04.2020 01:03:21: _fnc_server_handle_mpmessage: mw7o0i1j7k1c17818a393m34ce87c09r7
15.04.2020 01:03:21: _fnc_AdminReqReal: dz5c7z3cex01cq7a6z3j6_767
15.04.2020 01:03:21: _playerObjCheckLoop: fs128yek7987eq3d3r0
15.04.2020 01:03:21: _token_by_uid: b03x8_enc99tc0ci6fav5x698j52ao6v7k8v3ba
15.04.2020 01:03:21: _uid_by_token: b5eter6o2q6j05c98x7471390
15.04.2020 01:03:21: _name_by_uid: ep7r5k641e790l6j3j8
15.04.2020 01:03:21: _owner_by_uid: mx803e613q3e8p7i7c6b69323
15.04.2020 01:03:21: _uid_by_owner: b81d7682671f6c8q1z0
15.04.2020 01:03:21: _fn_playerConnected: xs6r0z6j353b7hac5d5w7o3p7ea63k7veb8z377l3j727
15.04.2020 01:03:21: _server_setTokenR: ww5k3kat3p3c1gal757v6w741
15.04.2020 01:03:21: _FN_INJECT_ON_CLIENT: rf141ccb9976168sab7
15.04.2020 01:03:21: _fnc_l_on_c: ayaw3s3l7i735p6g7o7
15.04.2020 01:03:21: _adminStartupCode: vv2j7_cg7mch3i1c1lar9
15.04.2020 01:03:21: _AHKickOFF: ofcb8v3ueq1lehcy6h8
15.04.2020 01:03:21: _AHKickLog: gv1uap7d8a1sar827t7
15.04.2020 01:03:21: _AH_RunCheckENDVAR: dacz20660q0s7r6j9n6g7w7
15.04.2020 01:03:21: _AH_RunCheck: sv3qejca7p703h5x1oa
15.04.2020 01:03:21: _AH_HackLogArrayRND: bt3scl7p1989703u641j1z8a1l7s6o307jca5s7
15.04.2020 01:03:21: _AH_SurvLogArrayRND: gy8g1w7l57auex5c9j5g6
15.04.2020 01:03:21: _AH_AdmiLogArrayRND: j6e_e9cf7xaz6p8ceoao7qe72s020
15.04.2020 01:03:21: _TMPBAN: p75c1r6n798icw1z5g7h6p8f8keq333
15.04.2020 01:03:21: _fn_getTempBans: ax1p8xa07r7l3kcq6j21647f1
15.04.2020 01:03:21: _fnc_addTempBan: ju7aeb6_6u3l1gea7g3m7w86c3ed3b7_3o0ga
15.04.2020 01:03:21: _fnc_removeTempBan: kk1o7zar1q7g6y9d3b2_2_5g1gap7h9iai7
15.04.2020 01:03:21: _AHpos: vh6p2y3x687d95cr1c6g5z026l3i761k5
15.04.2020 01:03:21: _adminsA: bh8h7h8d7z85ab78667q7k3d7k8a2t8c8h9
15.04.2020 01:03:21: _vehicle_needs_check: j5837o76cv7187981ycd9x7u3y3f7
15.04.2020 01:03:21: _fnc_infiSTAR_PlayerLog: t_a_6p7w5qc89x8i6o8
15.04.2020 01:03:21: _antidupePVResVar: bl1l1n3c3i3f5y1iex6kck396w1x6
15.04.2020 01:03:21: _runcheck_thread: dden1q097u6r5s783v7d970c8b7i3
15.04.2020 01:03:21: _livestarted: k07_6icz7w1pac1h1k8o8j3o3u6d3q3y1m250
15.04.2020 01:03:21: _fnc_check_type_allowed: aw861q6z7v097v3q32e
15.04.2020 01:03:21: _fnc_vehicle_check: q78z3t62756f8l73ac311j65785x76aaaj6d6x6
15.04.2020 01:03:21: _rcheckclient: t1595j707a0h5416058
15.04.2020 01:03:21: _rcheckserver: w71p3z117q02ec3bex831
15.04.2020 01:03:21: _waste_btn_thread: saep6s705j1i5nca7_7n5_703n6
