15.04.2020 00:02:03: mad max(76561198018530308) | Teleport to [12484.9,13761.7,0](GPS: 124118)
15.04.2020 00:02:31: mad max(76561198018530308) | Teleport to [12672.2,11812.1,0](GPS: 126137)
15.04.2020 00:02:40: mad max(76561198018530308) | Teleport to [11001.9,765.671,0](GPS: 110248)
15.04.2020 00:05:00: mad max(76561198018530308) | Teleport to [10438.6,843.126,0](GPS: 104247)
15.04.2020 00:07:09: mad max(76561198018530308) | Teleport to [10684.4,1817.13,0](GPS: 106237)
15.04.2020 00:27:49: mad max(76561198018530308) | Teleport to [11039.1,817.561,0](GPS: 110247)
15.04.2020 00:27:55: mad max(76561198018530308) | Teleport to [10977.7,745.506,0](GPS: 109248)
15.04.2020 00:28:05: mad max(76561198018530308) | Teleport to [10926.9,712.175,0](GPS: 109248)
15.04.2020 00:28:25: mad max(76561198018530308) | Teleport to [7430.33,4592.58,0](GPS: 074210)
15.04.2020 00:29:19: mad max(76561198018530308) | Show Server Information - ON
15.04.2020 00:31:21: mad max(76561198018530308) | Healed mad max(76561198018530308)
15.04.2020 00:56:59: mad max(76561198018530308) | Revive - mad max(76561198018530308)
15.04.2020 00:58:04: mad max(76561198018530308) | Teleport to [12455.9,16888,0](GPS: 124087)
15.04.2020 00:58:06: mad max(76561198018530308) | Teleport to [10627.2,17329.6,0](GPS: 106082)
15.04.2020 01:00:10: mad max(76561198018530308) | Show Server Information - ON
15.04.2020 01:00:45: mad max(76561198018530308) | Teleport to [9764.24,17182.7,0](GPS: 097084)
15.04.2020 01:01:40: mad max(76561198018530308) | Teleport to [10633.9,17326,0](GPS: 106082)
15.04.2020 01:06:03: mad max(76561198018530308) | Teleport to [11234.3,15658.5,0](GPS: 112099)
15.04.2020 01:08:09: mad max(76561198018530308) | Kick (Silent) - mad max(76561198018530308)
15.04.2020 01:10:52: mad max(76561198018530308) | Teleport to [12779.4,18083.5,0](GPS: 127075)
15.04.2020 01:10:55: mad max(76561198018530308) | Teleport to [13434.8,19609.1,0](GPS: 134059)
15.04.2020 01:11:44: mad max(76561198018530308) | Teleport to [10977.3,1574.47,0](GPS: 109240)
15.04.2020 01:12:24: mad max(76561198018530308) | Teleport to [11003.5,795.338,0](GPS: 110248)
15.04.2020 01:12:30: mad max(76561198018530308) | Show Server Information - ON
15.04.2020 01:12:36: mad max(76561198018530308) | Teleport to [10994.8,802.8,0](GPS: 109247)
15.04.2020 01:12:40: mad max(76561198018530308) | Teleport to [10998.5,813.437,0](GPS: 109247)
15.04.2020 01:12:52: mad max(76561198018530308) | Loot ESP - ON
15.04.2020 01:13:26: mad max(76561198018530308) | Lightning Land_domek05 @[11053.1,812.636,-0.186541] 110247
15.04.2020 01:13:47: mad max(76561198018530308) | Teleport to [7602.08,4308.66,0](GPS: 076212)
15.04.2020 01:16:56: mad max(76561198018530308) | Teleport to [7839.32,4371.68,0](GPS: 078212)
15.04.2020 01:17:18: mad max(76561198018530308) | Lightning  @[7900.08,4317.17,17.1814] 079212
15.04.2020 01:17:25: mad max(76561198018530308) | Revive - mad max(76561198018530308)
15.04.2020 01:17:40: mad max(76561198018530308) | Deleting  @078212..
15.04.2020 01:17:41: mad max(76561198018530308) | Deleting  @079212..
15.04.2020 01:18:12: mad max(76561198018530308) | Teleport to [7878.1,4479.99,0](GPS: 078211)
15.04.2020 01:18:14: mad max(76561198018530308) | Teleport to [7756.6,4582.9,0](GPS: 077210)
15.04.2020 01:19:19: mad max(76561198018530308) | Spawning Exile Gas Mask (Exile_Headgear_GasMask) on mad max!
15.04.2020 01:19:29: mad max(76561198018530308) | Teleport to [22887.4,19349.7,0](GPS: 228062)
15.04.2020 01:19:31: mad max(76561198018530308) | Teleport to [22464,19471.9,0](GPS: 224061)
15.04.2020 01:19:42: mad max(76561198018530308) | Teleport to [22516.6,20052.4,0](GPS: 225055)
15.04.2020 01:19:44: mad max(76561198018530308) | Teleport to [22255,19855.1,0](GPS: 222057)
15.04.2020 01:19:49: mad max(76561198018530308) | Teleport to [22226.2,19799.2,0](GPS: 222058)
15.04.2020 01:21:49: mad max(76561198018530308) | Teleport to [22566.3,19606.1,0](GPS: 225059)
15.04.2020 01:22:03: mad max(76561198018530308) | Teleport to [22559,19618.8,0](GPS: 225059)
15.04.2020 01:22:03: mad max(76561198018530308) | Teleport to [22553.9,19621.2,0](GPS: 225059)
15.04.2020 01:22:04: mad max(76561198018530308) | Teleport to [22508.1,19627.7,0](GPS: 225059)
15.04.2020 01:22:05: mad max(76561198018530308) | Teleport to [22531.2,19446.7,0](GPS: 225061)
15.04.2020 01:22:06: mad max(76561198018530308) | Teleport to [22571.1,19380.1,0](GPS: 225062)
15.04.2020 01:22:08: mad max(76561198018530308) | Teleport to [22916.4,19309.9,0](GPS: 229062)
15.04.2020 01:22:10: mad max(76561198018530308) | Teleport to [23042,19393.4,0](GPS: 230062)
15.04.2020 01:22:13: mad max(76561198018530308) | Teleport to [22219.7,19566.4,0](GPS: 222060)
15.04.2020 01:22:17: mad max(76561198018530308) | Teleport to [22356,19670.1,0](GPS: 223059)
15.04.2020 01:22:46: mad max(76561198018530308) | Teleport to [22176.6,19766.6,0](GPS: 221058)
15.04.2020 01:23:22: mad max(76561198018530308) | Teleport to [23051.8,19383.3,0](GPS: 230062)
15.04.2020 01:23:40: mad max(76561198018530308) | Teleport to [3883.95,7240.22,0](GPS: 038183)
15.04.2020 01:23:51: mad max(76561198018530308) | Teleport to [3820.7,7302.69,0](GPS: 038182)
15.04.2020 01:24:37: mad max(76561198018530308) | Healed mad max(76561198018530308)
15.04.2020 01:24:57: mad max(76561198018530308) | Deleting RyanZombie28 @037182..
15.04.2020 01:24:59: mad max(76561198018530308) | Deleting RyanZombie27 @037182..
15.04.2020 01:25:18: mad max(76561198018530308) | Stealth / Invisible - ON
15.04.2020 01:25:39: mad max(76561198018530308) | God Mode - ON
15.04.2020 01:25:40: mad max(76561198018530308) | Stealth / Invisible - OFF
15.04.2020 01:25:46: mad max(76561198018530308) | Deleting RyanZombie29slow @037182..
15.04.2020 01:25:47: mad max(76561198018530308) | Deleting RyanZombie21slow @037182..
15.04.2020 01:25:48: mad max(76561198018530308) | Deleting RyanZombie22slow @037182..
15.04.2020 01:25:49: mad max(76561198018530308) | Deleting  @037182..
15.04.2020 01:25:51: mad max(76561198018530308) | Deleting Land_big_panelak @038182..
15.04.2020 01:30:44: mad max(76561198018530308) | Teleport to [5409.32,7295.69,0](GPS: 054183)
