14.04.2020 01:08:09: Thomas Cale(76561198073016657) | God Mode - ON
14.04.2020 01:08:09: Thomas Cale(76561198073016657) | Vehboost - ON
14.04.2020 01:08:09: Thomas Cale(76561198073016657) | Vehicle God Mode - ON
14.04.2020 01:08:09: Thomas Cale(76561198073016657) | UnlimAmmo - ON
14.04.2020 01:08:15: Thomas Cale(76561198073016657) | Teleport to [22621,19647.9,0](GPS: 226059)
14.04.2020 01:08:35: Thomas Cale(76561198073016657) | God Mode - OFF
14.04.2020 01:08:47: Thomas Cale(76561198073016657) | Teleport to [12422.3,14507.2,0](GPS: 124110)
14.04.2020 01:08:58: Thomas Cale(76561198073016657) | Teleport to [13437.7,12865.2,0](GPS: 134127)
14.04.2020 01:09:40: Thomas Cale(76561198073016657) | Revive - Thomas Cale(76561198073016657)
14.04.2020 01:10:00: Thomas Cale(76561198073016657) | Teleport to [10402.1,10922.1,0](GPS: 104146)
14.04.2020 01:10:19: Thomas Cale(76561198073016657) | Teleport to [14457.2,6394.8,0](GPS: 144192)
14.04.2020 01:58:24: Thomas Cale(76561198073016657) | God Mode - ON
14.04.2020 01:58:24: Thomas Cale(76561198073016657) | Vehboost - ON
14.04.2020 01:58:24: Thomas Cale(76561198073016657) | Vehicle God Mode - ON
14.04.2020 01:58:24: Thomas Cale(76561198073016657) | UnlimAmmo - ON
14.04.2020 01:58:45: Thomas Cale(76561198073016657) | Teleport to [10559.5,17728.7,0](GPS: 105078)
14.04.2020 01:58:47: Thomas Cale(76561198073016657) | Teleport to [10575,17728.7,0](GPS: 105078)
14.04.2020 01:58:56: Thomas Cale(76561198073016657) | Teleport to [10484.1,17615.3,0](GPS: 104079)
14.04.2020 01:59:02: Thomas Cale(76561198073016657) | Teleport to [9953.92,18700.8,0](GPS: 099068)
14.04.2020 01:59:15: Thomas Cale(76561198073016657) | Teleport to [22621.8,19561.4,0](GPS: 226060)
14.04.2020 01:59:36: Thomas Cale(76561198073016657) | Teleport to [12721.8,13729.7,0](GPS: 127118)
14.04.2020 02:00:05: Thomas Cale(76561198073016657) | Teleport to [12910.6,12427.1,0](GPS: 129131)
14.04.2020 02:03:28: Thomas Cale(76561198073016657) | Teleport to [11127.9,11747,0](GPS: 111138)
14.04.2020 02:03:47: Thomas Cale(76561198073016657) | Teleport to [10243.2,10782.3,0](GPS: 102148)
14.04.2020 02:04:08: Thomas Cale(76561198073016657) | Spawning Antivirus Injector (rzinfection_antivirus_injector) on Thomas Cale!
14.04.2020 02:04:21: Thomas Cale(76561198073016657) | Teleport to [8647.3,10655.2,0](GPS: 086149)
14.04.2020 02:04:47: Thomas Cale(76561198073016657) | Vehicle Marker - ON
14.04.2020 02:04:58: Thomas Cale(76561198073016657) | Teleport to [14596.7,9686.77,0](GPS: 145159)
14.04.2020 02:05:07: Thomas Cale(76561198073016657) | Teleport to [14921.1,9667.65,0](GPS: 149159)
14.04.2020 02:05:36: Thomas Cale(76561198073016657) | Restore - Thomas Cale(76561198073016657)
14.04.2020 02:07:07: Thomas Cale(76561198073016657) | is a normal player now.
14.04.2020 04:01:42: Thomas Cale(76561198073016657) | God Mode - ON
14.04.2020 04:01:42: Thomas Cale(76561198073016657) | Vehboost - ON
14.04.2020 04:01:42: Thomas Cale(76561198073016657) | Vehicle God Mode - ON
14.04.2020 04:01:42: Thomas Cale(76561198073016657) | UnlimAmmo - ON
14.04.2020 04:01:57: Thomas Cale(76561198073016657) | Teleport to [22724.8,19493.8,0](GPS: 227061)
14.04.2020 04:02:20: Thomas Cale(76561198073016657) | Teleport to [22567.1,19604.7,0](GPS: 225059)
14.04.2020 04:02:28: Thomas Cale(76561198073016657) | Teleport to [21895.7,19309.8,0](GPS: 218062)
14.04.2020 04:02:39: Thomas Cale(76561198073016657) | Teleport to [22366.4,19667.8,0](GPS: 223059)
14.04.2020 04:09:58: Thomas Cale(76561198073016657) | God Mode - ON
14.04.2020 04:09:58: Thomas Cale(76561198073016657) | Vehboost - ON
14.04.2020 04:09:58: Thomas Cale(76561198073016657) | Vehicle God Mode - ON
14.04.2020 04:09:58: Thomas Cale(76561198073016657) | UnlimAmmo - ON
14.04.2020 04:10:07: Thomas Cale(76561198073016657) | God Mode - OFF
14.04.2020 04:10:17: Thomas Cale(76561198073016657) | God Mode - ON
14.04.2020 04:17:07: Thomas Cale(76561198073016657) | God Mode - ON
14.04.2020 04:17:07: Thomas Cale(76561198073016657) | Vehboost - ON
14.04.2020 04:17:07: Thomas Cale(76561198073016657) | Vehicle God Mode - ON
14.04.2020 04:17:07: Thomas Cale(76561198073016657) | UnlimAmmo - ON
14.04.2020 04:17:43: Thomas Cale(76561198073016657) | Spawning Exile Gas Mask (Exile_Headgear_GasMask) on Thomas Cale!
14.04.2020 04:18:39: Thomas Cale(76561198073016657) | God Mode - OFF
14.04.2020 04:18:40: Thomas Cale(76561198073016657) | God Mode (no stats change) - ON
14.04.2020 04:19:00: Thomas Cale(76561198073016657) | Spawning M590A1 (Long) (rhs_weap_M590_8RD) on Thomas Cale!
14.04.2020 04:19:05: Thomas Cale(76561198073016657) | Spawning 8Rnd .00 Buckshot (rhsusf_8Rnd_00Buck) on Thomas Cale!
14.04.2020 04:19:06: Thomas Cale(76561198073016657) | Spawning 8Rnd .00 Buckshot (rhsusf_8Rnd_00Buck) on Thomas Cale!
14.04.2020 04:19:33: Thomas Cale(76561198073016657) | God Mode (no stats change) - OFF
14.04.2020 04:19:34: Thomas Cale(76561198073016657) | God Mode (no stats change) - ON
14.04.2020 04:19:41: Thomas Cale(76561198073016657) | God Mode (no stats change) - OFF
14.04.2020 04:19:42: Thomas Cale(76561198073016657) | God Mode - ON
14.04.2020 04:20:16: Thomas Cale(76561198073016657) | Teleport to [19615.9,20911.7,0](GPS: 196046)
14.04.2020 04:21:23: Thomas Cale(76561198073016657) | Spawning 17rnd Glock Mk243 JHP (rhsusf_mag_17Rnd_9x19_JHP) on Thomas Cale!
14.04.2020 04:21:24: Thomas Cale(76561198073016657) | Spawning 17rnd Glock Mk243 JHP (rhsusf_mag_17Rnd_9x19_JHP) on Thomas Cale!
14.04.2020 04:21:25: Thomas Cale(76561198073016657) | Spawning 17rnd Glock Mk243 JHP (rhsusf_mag_17Rnd_9x19_JHP) on Thomas Cale!
14.04.2020 04:21:26: Thomas Cale(76561198073016657) | Spawning 17rnd Glock Mk243 JHP (rhsusf_mag_17Rnd_9x19_JHP) on Thomas Cale!
14.04.2020 04:21:32: Thomas Cale(76561198073016657) | Spawning 8Rnd .00 Buckshot (rhsusf_8Rnd_00Buck) on Thomas Cale!
14.04.2020 04:21:32: Thomas Cale(76561198073016657) | Spawning 8Rnd .00 Buckshot (rhsusf_8Rnd_00Buck) on Thomas Cale!
14.04.2020 04:21:33: Thomas Cale(76561198073016657) | Spawning 8Rnd .00 Buckshot (rhsusf_8Rnd_00Buck) on Thomas Cale!
14.04.2020 04:21:33: Thomas Cale(76561198073016657) | Spawning 8Rnd .00 Buckshot (rhsusf_8Rnd_00Buck) on Thomas Cale!
14.04.2020 04:21:33: Thomas Cale(76561198073016657) | Spawning 8Rnd .00 Buckshot (rhsusf_8Rnd_00Buck) on Thomas Cale!
14.04.2020 04:21:34: Thomas Cale(76561198073016657) | Spawning 8Rnd .00 Buckshot (rhsusf_8Rnd_00Buck) on Thomas Cale!
14.04.2020 04:21:34: Thomas Cale(76561198073016657) | Spawning 8Rnd .00 Buckshot (rhsusf_8Rnd_00Buck) on Thomas Cale!
14.04.2020 04:21:34: Thomas Cale(76561198073016657) | Spawning 8Rnd .00 Buckshot (rhsusf_8Rnd_00Buck) on Thomas Cale!
14.04.2020 04:21:35: Thomas Cale(76561198073016657) | Spawning 8Rnd .00 Buckshot (rhsusf_8Rnd_00Buck) on Thomas Cale!
14.04.2020 04:21:35: Thomas Cale(76561198073016657) | Spawning 8Rnd .00 Buckshot (rhsusf_8Rnd_00Buck) on Thomas Cale!
14.04.2020 04:21:36: Thomas Cale(76561198073016657) | Spawning 8Rnd .00 Buckshot (rhsusf_8Rnd_00Buck) on Thomas Cale!
14.04.2020 04:21:36: Thomas Cale(76561198073016657) | Spawning 8Rnd .00 Buckshot (rhsusf_8Rnd_00Buck) on Thomas Cale!
14.04.2020 04:21:37: Thomas Cale(76561198073016657) | Spawning 8Rnd .00 Buckshot (rhsusf_8Rnd_00Buck) on Thomas Cale!
14.04.2020 04:21:37: Thomas Cale(76561198073016657) | Spawning 8Rnd .00 Buckshot (rhsusf_8Rnd_00Buck) on Thomas Cale!
14.04.2020 04:21:38: Thomas Cale(76561198073016657) | Spawning 8Rnd .00 Buckshot (rhsusf_8Rnd_00Buck) on Thomas Cale!
14.04.2020 04:21:38: Thomas Cale(76561198073016657) | Spawning 8Rnd .00 Buckshot (rhsusf_8Rnd_00Buck) on Thomas Cale!
14.04.2020 04:21:43: Thomas Cale(76561198073016657) | Spawning Antivirus Injector (rzinfection_antivirus_injector) on Thomas Cale!
14.04.2020 04:22:28: Thomas Cale(76561198073016657) | spawning Motor Boat (Orange) (Exile_Boat_MotorBoat_Orange) (NonPersistent)
14.04.2020 04:23:15: Thomas Cale(76561198073016657) | God Mode - OFF
14.04.2020 04:23:18: Thomas Cale(76561198073016657) | UnlimAmmo - OFF
14.04.2020 04:23:52: Thomas Cale(76561198073016657) | Spawning InstaDoc (Exile_Item_InstaDoc) on Thomas Cale!
14.04.2020 04:23:52: Thomas Cale(76561198073016657) | Spawning InstaDoc (Exile_Item_InstaDoc) on Thomas Cale!
14.04.2020 04:23:54: Thomas Cale(76561198073016657) | Spawning InstaDoc (Exile_Item_InstaDoc) on Thomas Cale!
14.04.2020 04:24:46: Thomas Cale(76561198073016657) | Teleported Thomas Cale(76561198073016657) from [20328,20455.3,0.775729](203051) to [21622.7,20070.1,0.3](216055)  (1351m)
14.04.2020 04:24:46: Thomas Cale(76561198073016657) | Teleport to [21622.7,20070.1,0](GPS: 216055)
14.04.2020 04:25:03: Thomas Cale(76561198073016657) | God Mode - ON
14.04.2020 04:25:21: Thomas Cale(76561198073016657) | Teleported Thomas Cale(76561198073016657) from [21797.6,20092.9,-22.6475](217055) to [21915.5,20006.9,0.3](219055)  (146m)
14.04.2020 04:25:21: Thomas Cale(76561198073016657) | Teleport to [21915.5,20006.9,0](GPS: 219055)
14.04.2020 04:25:27: Thomas Cale(76561198073016657) | God Mode - OFF
14.04.2020 04:26:24: Thomas Cale(76561198073016657) | Teleport to [22222.1,20107.9,0](GPS: 222054)
14.04.2020 04:26:31: Thomas Cale(76561198073016657) | Teleport to [22158,19233.1,0](GPS: 221063)
14.04.2020 04:26:54: Thomas Cale(76561198073016657) | Teleport to [22188.5,19256.6,0](GPS: 221063)
14.04.2020 04:27:08: Thomas Cale(76561198073016657) | Lightning Land_tavi_wall_normal @[22195.3,19244,0] 221063
14.04.2020 04:27:10: Thomas Cale(76561198073016657) | Lightning Land_tavi_wall_normal @[22195.3,19244,0] 221063
14.04.2020 04:27:11: Thomas Cale(76561198073016657) | Lightning Land_tavi_wall_normal @[22195.3,19244,0] 221063
14.04.2020 04:27:11: Thomas Cale(76561198073016657) | Lightning Land_tavi_wall_normal @[22195.3,19244,0] 221063
14.04.2020 04:27:11: Thomas Cale(76561198073016657) | Lightning Land_tavi_wall_normal @[22195.3,19244,0] 221063
14.04.2020 04:27:17: Thomas Cale(76561198073016657) | Revive - Thomas Cale(76561198073016657)
14.04.2020 04:28:59: Thomas Cale(76561198073016657) | Revive - Thomas Cale(76561198073016657)
14.04.2020 04:34:08: Thomas Cale(76561198073016657) | Revive - Thomas Cale(76561198073016657)
14.04.2020 04:36:23: Thomas Cale(76561198073016657) | Teleport to [22348.7,19801.3,0](GPS: 223057)
14.04.2020 04:50:11: Thomas Cale(76561198073016657) | God Mode - ON
14.04.2020 04:50:11: Thomas Cale(76561198073016657) | Vehboost - ON
14.04.2020 04:50:11: Thomas Cale(76561198073016657) | Vehicle God Mode - ON
14.04.2020 04:50:11: Thomas Cale(76561198073016657) | UnlimAmmo - ON
14.04.2020 04:50:22: Thomas Cale(76561198073016657) | God Mode - OFF
14.04.2020 04:51:28: Thomas Cale(76561198073016657) | Teleport to [22546.8,19611.1,0](GPS: 225059)
14.04.2020 04:56:10: Thomas Cale(76561198073016657) | God Mode - ON
14.04.2020 04:56:10: Thomas Cale(76561198073016657) | Vehboost - ON
14.04.2020 04:56:10: Thomas Cale(76561198073016657) | Vehicle God Mode - ON
14.04.2020 04:56:10: Thomas Cale(76561198073016657) | UnlimAmmo - ON
14.04.2020 04:56:13: Thomas Cale(76561198073016657) | God Mode - OFF
14.04.2020 05:02:54: Thomas Cale(76561198073016657) | God Mode - ON
14.04.2020 05:02:54: Thomas Cale(76561198073016657) | Vehboost - ON
14.04.2020 05:02:54: Thomas Cale(76561198073016657) | Vehicle God Mode - ON
14.04.2020 05:02:54: Thomas Cale(76561198073016657) | UnlimAmmo - ON
14.04.2020 05:02:55: Thomas Cale(76561198073016657) | God Mode - OFF
14.04.2020 05:11:28: Thomas Cale(76561198073016657) | God Mode - ON
14.04.2020 05:11:28: Thomas Cale(76561198073016657) | Vehboost - ON
14.04.2020 05:11:28: Thomas Cale(76561198073016657) | Vehicle God Mode - ON
14.04.2020 05:11:28: Thomas Cale(76561198073016657) | UnlimAmmo - ON
14.04.2020 05:11:32: Thomas Cale(76561198073016657) | God Mode - OFF
14.04.2020 05:16:37: Thomas Cale(76561198073016657) | God Mode - ON
14.04.2020 05:16:37: Thomas Cale(76561198073016657) | Vehboost - ON
14.04.2020 05:16:37: Thomas Cale(76561198073016657) | Vehicle God Mode - ON
14.04.2020 05:16:37: Thomas Cale(76561198073016657) | UnlimAmmo - ON
14.04.2020 05:16:40: Thomas Cale(76561198073016657) | God Mode - OFF
14.04.2020 05:17:37: Thomas Cale(76561198073016657) | Revive - Thomas Cale(76561198073016657)
14.04.2020 05:17:38: Thomas Cale(76561198073016657) | God Mode - ON
14.04.2020 05:21:46: Thomas Cale(76561198073016657) | Lightning @[22170.3,19763.7,0] 221058
14.04.2020 05:21:46: Thomas Cale(76561198073016657) | Lightning RyanZombieB_Soldier_lite_Fmedium @[22171.1,19759.2,0.0474524] 221058
14.04.2020 05:21:46: Thomas Cale(76561198073016657) | Lightning @[22171.3,19762.4,0] 221058
14.04.2020 05:21:47: Thomas Cale(76561198073016657) | Lightning @[22172,19761.6,0] 221058
14.04.2020 05:21:47: Thomas Cale(76561198073016657) | Lightning RyanZombieB_Soldier_lite_Fmedium @[22171,19758.9,0.100904] 221058
14.04.2020 05:21:47: Thomas Cale(76561198073016657) | Lightning RyanZombieB_Soldier_lite_Fmedium @[22170.7,19758.8,0.170093] 221058
14.04.2020 05:21:48: Thomas Cale(76561198073016657) | Lightning RyanZombieboss17 @[22170.8,19758,0.111579] 221058
14.04.2020 05:21:48: Thomas Cale(76561198073016657) | Lightning RyanZombieboss17 @[22170.7,19757.6,0.0296168] 221058
14.04.2020 05:21:48: Thomas Cale(76561198073016657) | Lightning @[22170.5,19757.2,0] 221058
14.04.2020 05:21:49: Thomas Cale(76561198073016657) | Lightning @[22170.4,19756.1,0] 221058
14.04.2020 05:21:49: Thomas Cale(76561198073016657) | Lightning @[22170.2,19754.1,0] 221058
14.04.2020 05:21:49: Thomas Cale(76561198073016657) | Lightning @[22170.9,19753.9,0] 221058
14.04.2020 05:21:49: Thomas Cale(76561198073016657) | Lightning @[22171.1,19752.3,0] 221058
14.04.2020 05:21:49: Thomas Cale(76561198073016657) | Lightning @[22172,19752,0] 221058
14.04.2020 05:21:50: Thomas Cale(76561198073016657) | Lightning @[22173.4,19751.9,0] 221058
14.04.2020 05:21:50: Thomas Cale(76561198073016657) | Lightning @[22173.6,19751.9,0] 221058
14.04.2020 05:21:50: Thomas Cale(76561198073016657) | Lightning RyanZombieboss4 @[22172.6,19751.1,0.0639052] 221058
14.04.2020 05:21:50: Thomas Cale(76561198073016657) | Lightning @[22172.9,19751.7,0] 221058
14.04.2020 05:21:51: Thomas Cale(76561198073016657) | Lightning @[22172.6,19751.8,0] 221058
14.04.2020 05:21:51: Thomas Cale(76561198073016657) | Lightning @[22172.4,19751.8,0] 221058
14.04.2020 05:21:51: Thomas Cale(76561198073016657) | Lightning @[22172.6,19751.5,0] 221058
14.04.2020 05:21:51: Thomas Cale(76561198073016657) | Lightning @[22172.5,19751.5,0] 221058
14.04.2020 05:21:51: Thomas Cale(76561198073016657) | Lightning @[22172.3,19751.6,0] 221058
14.04.2020 05:21:52: Thomas Cale(76561198073016657) | Lightning @[22172.3,19752.1,0] 221058
14.04.2020 05:21:52: Thomas Cale(76561198073016657) | Lightning RyanZombieC_man_polo_1_F @[22172.6,19751.9,0.0453219] 221058
14.04.2020 05:21:52: Thomas Cale(76561198073016657) | Lightning @[22171.1,19752.7,0] 221058
14.04.2020 05:21:52: Thomas Cale(76561198073016657) | Lightning @[22171.6,19753.3,0] 221058
14.04.2020 05:21:52: Thomas Cale(76561198073016657) | Lightning @[22171.2,19753.8,0] 221058
14.04.2020 05:21:53: Thomas Cale(76561198073016657) | Lightning @[22171.5,19754.3,0] 221058
14.04.2020 05:21:53: Thomas Cale(76561198073016657) | Lightning @[22170.6,19756.7,0] 221058
14.04.2020 05:21:53: Thomas Cale(76561198073016657) | Lightning RyanZombieboss13 @[22174,19753.8,-0.00450659] 221058
14.04.2020 05:21:53: Thomas Cale(76561198073016657) | Lightning RyanZombieboss30 @[22169.4,19758.3,0.0381079] 221058
14.04.2020 05:21:54: Thomas Cale(76561198073016657) | Lightning RyanZombieboss13 @[22174,19753.8,-0.00208282] 221058
14.04.2020 05:21:54: Thomas Cale(76561198073016657) | Lightning RyanZombieboss13 @[22174,19753.8,-0.00245476] 221058
14.04.2020 05:21:54: Thomas Cale(76561198073016657) | Lightning RyanZombieboss13 @[22174,19753.8,-0.00277662] 221058
14.04.2020 05:21:54: Thomas Cale(76561198073016657) | Lightning RyanZombieboss13 @[22174,19753.8,-0.00152969] 221058
14.04.2020 05:21:54: Thomas Cale(76561198073016657) | Lightning RyanZombieboss30 @[22169.4,19758.3,0.0375099] 221058
14.04.2020 05:21:55: Thomas Cale(76561198073016657) | Lightning RyanZombieC_scientist_Fmedium @[22171.1,19754.7,0.0101938] 221058
14.04.2020 05:21:55: Thomas Cale(76561198073016657) | Lightning RyanZombieC_scientist_Fmedium @[22171.1,19754.7,0.00837421] 221058
14.04.2020 05:21:55: Thomas Cale(76561198073016657) | Lightning RyanZombieC_scientist_Fmedium @[22171.1,19754.7,0.00887299] 221058
14.04.2020 05:21:55: Thomas Cale(76561198073016657) | Lightning RyanZombieC_scientist_Fmedium @[22171.1,19754.7,0.00737953] 221058
14.04.2020 05:21:56: Thomas Cale(76561198073016657) | Lightning RyanZombieCrawler27 @[22165.5,19765.4,0.0496712] 221058
14.04.2020 05:21:56: Thomas Cale(76561198073016657) | Lightning @[22168.5,19758.5,0] 221058
14.04.2020 05:21:56: Thomas Cale(76561198073016657) | Lightning @[22168.8,19756.9,0] 221058
14.04.2020 05:21:56: Thomas Cale(76561198073016657) | Lightning @[22167.9,19759,0] 221058
14.04.2020 05:21:57: Thomas Cale(76561198073016657) | Lightning @[22158.8,19771.4,0] 221058
14.04.2020 05:21:57: Thomas Cale(76561198073016657) | Lightning @[22155.8,19772.3,0] 221058
14.04.2020 05:21:57: Thomas Cale(76561198073016657) | Lightning RyanZombieboss30 @[22169.4,19758.2,0.00812292] 221058
14.04.2020 05:21:57: Thomas Cale(76561198073016657) | Lightning RyanZombieboss30 @[22169.4,19758.2,0.00812292] 221058
14.04.2020 05:21:57: Thomas Cale(76561198073016657) | Lightning RyanZombieboss30 @[22169.4,19758.2,0.00812292] 221058
14.04.2020 05:21:57: Thomas Cale(76561198073016657) | Lightning RyanZombieB_Soldier_lite_F_1 @[22170.3,19751.7,0.0462785] 221058
14.04.2020 05:21:57: Thomas Cale(76561198073016657) | Lightning @[22169,19757.1,0] 221058
14.04.2020 05:21:57: Thomas Cale(76561198073016657) | Lightning @[22169.6,19755.9,0] 221058
14.04.2020 05:21:58: Thomas Cale(76561198073016657) | Lightning RyanZombie22medium @[22170.6,19750,0.0454021] 221058
14.04.2020 05:21:58: Thomas Cale(76561198073016657) | Lightning RyanZombie22medium @[22170.6,19750,0.0454021] 221058
14.04.2020 05:21:58: Thomas Cale(76561198073016657) | Lightning RyanZombie22medium @[22170.5,19749.5,0.0464978] 221058
14.04.2020 05:21:58: Thomas Cale(76561198073016657) | Lightning @[22170,19755.4,0] 221058
14.04.2020 05:21:58: Thomas Cale(76561198073016657) | Lightning RyanZombieB_Soldier_lite_F_1 @[22170.1,19750.7,0.219641] 221058
14.04.2020 05:21:58: Thomas Cale(76561198073016657) | Lightning @[22169,19750.1,0] 221058
14.04.2020 05:21:58: Thomas Cale(76561198073016657) | Lightning @[22169.2,19748.6,0] 221058
14.04.2020 05:21:59: Thomas Cale(76561198073016657) | Lightning @[22169.6,19747.5,0] 221058
14.04.2020 05:21:59: Thomas Cale(76561198073016657) | Lightning @[22169.1,19745.2,0] 221058
14.04.2020 05:21:59: Thomas Cale(76561198073016657) | Lightning @[22169.3,19745.1,0] 221058
14.04.2020 05:22:04: Thomas Cale(76561198073016657) | Lightning @[22164.6,19739.9,0] 221058
14.04.2020 05:22:05: Thomas Cale(76561198073016657) | Lightning @[22164.7,19737.6,0] 221058
14.04.2020 05:22:07: Thomas Cale(76561198073016657) | Lightning @[22164.4,19734.9,0] 221058
14.04.2020 05:22:07: Thomas Cale(76561198073016657) | Lightning RyanZombieB_Soldier_04_f_1 @[22164.4,19734.9,0.00143909] 221058
14.04.2020 05:22:09: Thomas Cale(76561198073016657) | Lightning RyanZombieSpider7 @[22165.8,19735.4,-0.00502062] 221058
14.04.2020 05:22:10: Thomas Cale(76561198073016657) | Lightning RyanZombieSpider7 @[22165.8,19735.4,-0.00516081] 221058
14.04.2020 05:22:10: Thomas Cale(76561198073016657) | Lightning RyanZombieSpider7 @[22165.8,19735.4,-0.00515127] 221058
14.04.2020 05:22:10: Thomas Cale(76561198073016657) | Lightning RyanZombieSpider7 @[22165.8,19735.4,-0.00459433] 221058
14.04.2020 05:22:10: Thomas Cale(76561198073016657) | Lightning RyanZombieSpider7 @[22165.8,19735.4,-0.00502491] 221058
14.04.2020 05:22:11: Thomas Cale(76561198073016657) | Lightning RyanZombieSpider7 @[22165.8,19735.4,-0.00526142] 221058
14.04.2020 05:22:11: Thomas Cale(76561198073016657) | Lightning @[22164.9,19734.7,0] 221058
14.04.2020 05:22:11: Thomas Cale(76561198073016657) | Lightning @[22164.9,19734.6,0] 221058
14.04.2020 05:22:11: Thomas Cale(76561198073016657) | Lightning @[22166.9,19735.2,0] 221058
14.04.2020 05:22:11: Thomas Cale(76561198073016657) | Lightning RyanZombieSpider7 @[22165.9,19735.4,-0.00588655] 221058
14.04.2020 05:22:12: Thomas Cale(76561198073016657) | Lightning RyanZombieSpider7 @[22165.9,19735.4,-0.00181437] 221058
14.04.2020 05:22:12: Thomas Cale(76561198073016657) | Lightning RyanZombieSpider10 @[22167.3,19734.4,0.420966] 221058
14.04.2020 05:22:12: Thomas Cale(76561198073016657) | Lightning RyanZombieSpider10 @[22167.3,19733.9,0.290946] 221058
14.04.2020 05:22:12: Thomas Cale(76561198073016657) | Lightning RyanZombieSpider10 @[22167.2,19733.6,-0.000298977] 221058
14.04.2020 05:22:13: Thomas Cale(76561198073016657) | Lightning RyanZombieSpider10 @[22167.2,19733.4,0.0228472] 221058
14.04.2020 05:22:13: Thomas Cale(76561198073016657) | Lightning RyanZombieSpider10 @[22167.2,19733.3,-0.000814438] 221058
14.04.2020 05:22:13: Thomas Cale(76561198073016657) | Lightning RyanZombieSpider10 @[22167.2,19733.3,-0.0027957] 221058
14.04.2020 05:22:13: Thomas Cale(76561198073016657) | Lightning RyanZombieSpider10 @[22167.2,19733.3,-0.00491095] 221058
14.04.2020 05:22:14: Thomas Cale(76561198073016657) | Lightning RyanZombieB_Soldier_04_f_1 @[22169.1,19734.4,0.208244] 221058
14.04.2020 05:22:14: Thomas Cale(76561198073016657) | Lightning RyanZombieSpider10 @[22167.2,19733.3,-0.00743723] 221058
14.04.2020 05:22:14: Thomas Cale(76561198073016657) | Lightning RyanZombieSpider10 @[22167.1,19733.3,-0.0100741] 221058
14.04.2020 05:22:14: Thomas Cale(76561198073016657) | Lightning RyanZombieB_Soldier_02_f_1_1slow @[22167.3,19733.2,0.170565] 221058
14.04.2020 05:22:14: Thomas Cale(76561198073016657) | Lightning RyanZombieB_Soldier_02_f_1_1slow @[22166.8,19732.7,0.21197] 221058
14.04.2020 05:22:15: Thomas Cale(76561198073016657) | Lightning RyanZombieSpider10 @[22167,19733.3,-0.0302839] 221058
14.04.2020 05:22:15: Thomas Cale(76561198073016657) | Lightning RyanZombieSpider7 @[22173.8,19747.3,0.00641203] 221058
14.04.2020 05:22:15: Thomas Cale(76561198073016657) | Lightning RyanZombieSpider7 @[22173.8,19747.3,0.00716257] 221058
14.04.2020 05:22:15: Thomas Cale(76561198073016657) | Lightning RyanZombieSpider7 @[22173.8,19747.3,0.00580978] 221058
14.04.2020 05:22:16: Thomas Cale(76561198073016657) | Lightning @[22167.5,19738.2,0] 221058
14.04.2020 05:22:16: Thomas Cale(76561198073016657) | Lightning RyanZombieSpider17 @[22164.8,19733.5,0.0325308] 221058
14.04.2020 05:22:16: Thomas Cale(76561198073016657) | Lightning @[22163.7,19732,0] 221058
14.04.2020 05:22:16: Thomas Cale(76561198073016657) | Lightning @[22163.3,19729.9,0] 221058
14.04.2020 05:22:17: Thomas Cale(76561198073016657) | Lightning RyanZombieB_Soldier_04_f_1_1 @[22163.1,19728.2,0.0208025] 221058
14.04.2020 05:22:17: Thomas Cale(76561198073016657) | Lightning @[22164.4,19728.3,0] 221058
14.04.2020 05:22:17: Thomas Cale(76561198073016657) | Lightning @[22163.9,19727.9,0] 221058
14.04.2020 05:22:17: Thomas Cale(76561198073016657) | Lightning RyanZombieB_Soldier_04_f_1_1 @[22162.6,19727.6,0.177938] 221058
14.04.2020 05:22:18: Thomas Cale(76561198073016657) | Lightning RyanZombieB_Soldier_04_f_1 @[22163.1,19726.5,0.147655] 221058
14.04.2020 05:22:18: Thomas Cale(76561198073016657) | Lightning RyanZombieB_Soldier_04_f_1 @[22163,19726.2,0.0658441] 221058
14.04.2020 05:22:22: Thomas Cale(76561198073016657) | Lightning RyanZombieSpider10 @[22167,19733.3,-0.0314693] 221058
14.04.2020 06:03:51: Thomas Cale(76561198073016657) | God Mode - ON
14.04.2020 06:03:51: Thomas Cale(76561198073016657) | Vehboost - ON
14.04.2020 06:03:51: Thomas Cale(76561198073016657) | Vehicle God Mode - ON
14.04.2020 06:03:51: Thomas Cale(76561198073016657) | UnlimAmmo - ON
14.04.2020 06:03:51: Thomas Cale(76561198073016657) | AdminConsole
14.04.2020 06:03:58: Thomas Cale(76561198073016657) | Teleport to [22809.7,19836,0](GPS: 228057)
14.04.2020 06:04:26: Thomas Cale(76561198073016657) | God Mode - OFF
14.04.2020 06:04:27: Thomas Cale(76561198073016657) | UnlimAmmo - OFF
14.04.2020 06:05:26: Thomas Cale(76561198073016657) | Revive - Thomas Cale(76561198073016657)
14.04.2020 06:06:03: Thomas Cale(76561198073016657) | Revive - Thomas Cale(76561198073016657)
14.04.2020 06:07:43: Thomas Cale(76561198073016657) | is a normal player now.
14.04.2020 18:55:54: Thomas Cale(76561198073016657) | God Mode - ON
14.04.2020 18:55:54: Thomas Cale(76561198073016657) | Vehboost - ON
14.04.2020 18:55:54: Thomas Cale(76561198073016657) | Vehicle God Mode - ON
14.04.2020 18:55:54: Thomas Cale(76561198073016657) | UnlimAmmo - ON
14.04.2020 19:30:24: Thomas Cale(76561198073016657) | God Mode - ON
14.04.2020 19:30:24: Thomas Cale(76561198073016657) | Vehboost - ON
14.04.2020 19:30:24: Thomas Cale(76561198073016657) | Vehicle God Mode - ON
14.04.2020 19:30:24: Thomas Cale(76561198073016657) | UnlimAmmo - ON
14.04.2020 19:30:40: Thomas Cale(76561198073016657) | Teleport to [12503.5,14209.9,0](GPS: 125113)
14.04.2020 19:32:37: Thomas Cale(76561198073016657) | Teleport to [15768.1,5743.81,0](GPS: 157198)
14.04.2020 19:34:22: mad max(76561198018530308) | Teleport to [5832.23,7101.55,0](GPS: 058184)
14.04.2020 19:34:32: Thomas Cale(76561198073016657) | Teleport to [13885.9,15567.5,0](GPS: 138100)
14.04.2020 19:35:18: Thomas Cale(76561198073016657) | AdminConsole
14.04.2020 19:35:24: mad max(76561198018530308) | Teleport to [5791.45,7620.29,0](GPS: 057179)
14.04.2020 19:42:06: mad max(76561198018530308) | Teleport to [6416.41,7091.44,0](GPS: 064185)
14.04.2020 19:42:07: mad max(76561198018530308) | Teleport to [5837.45,7684.42,0](GPS: 058179)
14.04.2020 19:51:13: Thomas Cale(76561198073016657) | is a normal player now.
14.04.2020 19:57:19: mad max(76561198018530308) | Teleport to [12862.5,11780.1,0](GPS: 128138)
14.04.2020 20:00:55: Thomas Cale(76561198073016657) | God Mode - ON
14.04.2020 20:00:55: Thomas Cale(76561198073016657) | Vehboost - ON
14.04.2020 20:00:55: Thomas Cale(76561198073016657) | Vehicle God Mode - ON
14.04.2020 20:00:55: Thomas Cale(76561198073016657) | UnlimAmmo - ON
14.04.2020 20:01:02: Thomas Cale(76561198073016657) | UnlimAmmo - OFF
14.04.2020 20:01:03: Thomas Cale(76561198073016657) | Vehboost - OFF
14.04.2020 20:01:04: Thomas Cale(76561198073016657) | Vehicle God Mode - OFF
14.04.2020 20:01:04: Thomas Cale(76561198073016657) | God Mode - OFF
14.04.2020 20:04:54: mad max(76561198018530308) | Teleport to [12710.5,12135.3,0](GPS: 127134)
14.04.2020 20:15:27: mad max(76561198018530308) | Vehicle Marker - ON
14.04.2020 20:17:05: mad max(76561198018530308) | Teleport to [12842.7,12467.6,0](GPS: 128131)
14.04.2020 20:18:14: mad max(76561198018530308) | Restored Near mad max(76561198018530308)
14.04.2020 20:18:16: mad max(76561198018530308) | Healed mad max(76561198018530308)
14.04.2020 20:19:05: mad max(76561198018530308) | Teleport to [13876.9,12373.5,0](GPS: 138132)
14.04.2020 20:19:53: mad max(76561198018530308) | Teleport to [14447.8,11409.3,0](GPS: 144141)
14.04.2020 20:19:57: mad max(76561198018530308) | Teleport to [14567.7,10472.4,0](GPS: 145151)
14.04.2020 20:20:06: mad max(76561198018530308) | Teleport to [15704.8,9065.41,0](GPS: 157165)
14.04.2020 20:20:30: mad max(76561198018530308) | Teleport to [15273.4,7874.6,0](GPS: 152177)
14.04.2020 20:21:59: mad max(76561198018530308) | Show Server Information - ON
14.04.2020 20:24:51: mad max(76561198018530308) | Teleport to [15706.4,9082.67,0](GPS: 157165)
14.04.2020 20:25:35: mad max(76561198018530308) | Teleport to [12522,11990.8,0](GPS: 125136)
14.04.2020 20:26:58: mad max(76561198018530308) | Restore - mad max(76561198018530308)
14.04.2020 20:31:23: mad max(76561198018530308) | Revive - mad max(76561198018530308)
14.04.2020 20:34:06: Thomas Cale(76561198073016657) | Revive - Thomas Cale(76561198073016657)
14.04.2020 20:34:53: Thomas Cale(76561198073016657) | Spawning 200rnd M249 Box M855A1 (rhsusf_200Rnd_556x45_box) on Thomas Cale!
14.04.2020 20:35:05: Thomas Cale(76561198073016657) | Teleport to [7605.58,7687.72,0](GPS: 076179)
14.04.2020 20:36:53: mad max(76561198018530308) | Revive - Julian(76561198026088898)
14.04.2020 20:36:55: mad max(76561198018530308) | Revive - mad max(76561198018530308)
14.04.2020 20:39:35: mad max(76561198018530308) | Restore - mad max(76561198018530308)
14.04.2020 20:43:04: mad max(76561198018530308) | Revive - mad max(76561198018530308)
14.04.2020 20:43:09: mad max(76561198018530308) | Revive - mad max(76561198018530308)
14.04.2020 20:43:14: mad max(76561198018530308) | Teleport to [10060.7,6764.27,0](GPS: 100188)
14.04.2020 20:43:17: mad max(76561198018530308) | Revive - mad max(76561198018530308)
14.04.2020 20:43:47: mad max(76561198018530308) | Revive - mad max(76561198018530308)
14.04.2020 20:43:51: mad max(76561198018530308) | Teleport to [10113,6754.28,0](GPS: 101188)
14.04.2020 20:43:54: mad max(76561198018530308) | Revive - mad max(76561198018530308)
14.04.2020 20:44:16: mad max(76561198018530308) | AdminConsole
14.04.2020 20:44:19: mad max(76561198018530308) | AdminConsole
14.04.2020 20:50:53: mad max(76561198018530308) | Restore - mad max(76561198018530308)
14.04.2020 20:52:15: mad max(76561198018530308) | Revive - mad max(76561198018530308)
14.04.2020 20:52:51: mad max(76561198018530308) | Restore - mad max(76561198018530308)
14.04.2020 20:53:22: mad max(76561198018530308) | Lightning  @[11765.6,8242.01,173.292] 117173
14.04.2020 20:55:49: mad max(76561198018530308) | Teleported mad max(76561198018530308) from [13260.6,8510.15,0](132170) to [12843.8,8707.84,0.3](128168)  (461m)
14.04.2020 20:55:49: mad max(76561198018530308) | Teleport to [12843.8,8707.84,0](GPS: 128168)
14.04.2020 20:56:40: Thomas Cale(76561198073016657) | Lightning rhsusf_m1240a1_m240_usmc_wd @[13071.9,8726.64,0.625923] 130168
14.04.2020 20:56:45: Thomas Cale(76561198073016657) | Lightning rhsusf_m1240a1_m240_usmc_wd @[13071.9,8726.64,-2.64453] 130168
14.04.2020 20:56:46: Thomas Cale(76561198073016657) | Lightning rhsusf_m1240a1_m240_usmc_wd @[13071.9,8726.64,-2.64454] 130168
14.04.2020 20:57:01: Thomas Cale(76561198073016657) | Deleting rhsusf_m1240a1_m240_usmc_wd @130168..
14.04.2020 20:57:02: mad max(76561198018530308) | Healed mad max(76561198018530308)
14.04.2020 20:57:04: mad max(76561198018530308) | Restored Near mad max(76561198018530308)
14.04.2020 20:57:31: mad max(76561198018530308) | Healed mad max(76561198018530308)
14.04.2020 20:57:32: mad max(76561198018530308) | Restored Near mad max(76561198018530308)
14.04.2020 20:58:25: Thomas Cale(76561198073016657) | spawning Dirt Bike (rs) (dbo_dirtbike_rs) (NonPersistent)
14.04.2020 20:58:38: mad max(76561198018530308) | Teleport to [7556.12,11901,0](GPS: 075136)
14.04.2020 20:58:52: mad max(76561198018530308) | Teleport to [9600.48,11892.1,0](GPS: 096137)
14.04.2020 20:58:53: Thomas Cale(76561198073016657) | Deleting dbo_dirtbike_rs @130168..
14.04.2020 20:58:58: mad max(76561198018530308) | Healed mad max(76561198018530308)
14.04.2020 20:58:58: mad max(76561198018530308) | Restored Near mad max(76561198018530308)
14.04.2020 20:59:26: mad max(76561198018530308) | Teleported mad max(76561198018530308) from [9641.59,11857.9,1.28488](096137) to [13388.8,8662.01,0.3](133169)  (4925m)
14.04.2020 20:59:26: mad max(76561198018530308) | Teleport to [13388.8,8662.01,0](GPS: 133169)
14.04.2020 20:59:43: mad max(76561198018530308) | Teleported mad max(76561198018530308) from [13323.5,8724.27,1.28455](133168) to [13265.5,7519.36,0.3](132180)  (1206m)
14.04.2020 20:59:43: mad max(76561198018530308) | Teleport to [13265.5,7519.36,0](GPS: 132180)
14.04.2020 21:00:08: mad max(76561198018530308) | Teleport to [13140.4,7580.52,0](GPS: 131180)
14.04.2020 21:00:51: mad max(76561198018530308) | Teleport to [15879.1,8218.74,0](GPS: 158173)
14.04.2020 21:01:05: mad max(76561198018530308) | Teleport to [8564.86,3130.22,0](GPS: 085224)
14.04.2020 21:01:14: mad max(76561198018530308) | Teleport to [11207.4,641.684,0](GPS: 112249)
14.04.2020 21:01:25: mad max(76561198018530308) | Teleport to [15639,4226.54,0](GPS: 156213)
14.04.2020 21:01:28: mad max(76561198018530308) | Teleport to [15482.1,4381.32,0](GPS: 154212)
14.04.2020 21:01:38: mad max(76561198018530308) | Healed mad max(76561198018530308)
14.04.2020 21:01:46: mad max(76561198018530308) | Teleported mad max(76561198018530308) from [15507.7,4362.56,1.99219](155212) to [13185.2,7552.28,0.3](131180)  (3946m)
14.04.2020 21:01:46: mad max(76561198018530308) | Teleport to [13185.2,7552.28,0](GPS: 131180)
14.04.2020 21:04:23: mad max(76561198018530308) | Teleport to [13334.7,7551.57,0](GPS: 133180)
14.04.2020 21:04:44: mad max(76561198018530308) | Teleport to [5782.45,16493.8,0](GPS: 057091)
14.04.2020 21:04:56: mad max(76561198018530308) | Healed mad max(76561198018530308)
14.04.2020 21:05:01: mad max(76561198018530308) | Teleported mad max(76561198018530308) from [5794.55,16515.1,0.0443192](057090) to [13127.5,7414.09,0.3](131181)  (11688m)
14.04.2020 21:05:01: mad max(76561198018530308) | Teleport to [13127.5,7414.09,0](GPS: 131181)
14.04.2020 21:05:56: mad max(76561198018530308) | Teleport to [13141.7,7375.2,0](GPS: 131182)
14.04.2020 21:05:58: Thomas Cale(76561198073016657) | Lightning Fox_Pickup_6S @[13130.7,7416.54,-0.0338554] 131181
14.04.2020 21:06:22: mad max(76561198018530308) | AdminConsole
14.04.2020 21:08:03: mad max(76561198018530308) | Vehicle Marker - OFF
14.04.2020 21:12:12: Thomas Cale(76561198073016657) | Teleport to [13657.6,7011.06,0](GPS: 136185)
14.04.2020 21:30:18: mad max(76561198018530308) | Teleport to [17453.4,7598.44,0](GPS: 174180)
14.04.2020 21:30:24: mad max(76561198018530308) | Teleport to [17349.6,7356.7,0](GPS: 173182)
14.04.2020 21:32:13: mad max(76561198018530308) | Teleport to [15313.8,7884.01,0](GPS: 153177)
14.04.2020 21:35:24: Thomas Cale(76561198073016657) | Restore - Thomas Cale(76561198073016657)
14.04.2020 21:35:28: mad max(76561198018530308) | Healed mad max(76561198018530308)
14.04.2020 21:35:38: Thomas Cale(76561198073016657) | Lightning rhsusf_CGRCAT1A2_usmc_wd @[15571.3,8305.61,0.322922] 155172
14.04.2020 21:35:42: Thomas Cale(76561198073016657) | Deleting rhsusf_CGRCAT1A2_usmc_wd @155172..
14.04.2020 21:38:31: mad max(76561198018530308) | Healed mad max(76561198018530308)
14.04.2020 21:39:27: mad max(76561198018530308) | Healed mad max(76561198018530308)
14.04.2020 21:39:59: mad max(76561198018530308) | Healed mad max(76561198018530308)
14.04.2020 21:40:17: mad max(76561198018530308) | Healed mad max(76561198018530308)
14.04.2020 21:44:22: Thomas Cale(76561198073016657) | Teleport to [15550.1,8655.26,0](GPS: 155169)
14.04.2020 21:44:33: Thomas Cale(76561198073016657) | Teleport to [15491.6,8871.26,0](GPS: 154167)
14.04.2020 21:49:35: Thomas Cale(76561198073016657) | Revive - Julian(76561198026088898)
14.04.2020 21:49:42: Thomas Cale(76561198073016657) | Revive - Julian(76561198026088898)
14.04.2020 22:01:04: mad max(76561198018530308) | Healed Thomas Cale(76561198073016657)
14.04.2020 22:06:20: Thomas Cale(76561198073016657) | Deleting rhs_tigr_sts_vdv @089126..
14.04.2020 22:09:41: mad max(76561198018530308) | AI ESP - ON
14.04.2020 22:09:50: mad max(76561198018530308) | AI ESP - OFF
14.04.2020 22:10:55: mad max(76561198018530308) | Player ESP - ON
14.04.2020 22:11:04: mad max(76561198018530308) | Player ESP - OFF
14.04.2020 22:11:10: mad max(76561198018530308) | MapIcons - ON
14.04.2020 22:11:24: mad max(76561198018530308) | MapIcons - OFF
14.04.2020 22:13:15: mad max(76561198018530308) | Healed mad max(76561198018530308)
14.04.2020 22:13:50: mad max(76561198018530308) | Healed mad max(76561198018530308)
14.04.2020 22:22:43: Thomas Cale(76561198073016657) | Restore - Thomas Cale(76561198073016657)
14.04.2020 22:25:03: Thomas Cale(76561198073016657) | Revive - Julian(76561198026088898)
14.04.2020 22:31:11: Thomas Cale(76561198073016657) | Revive - Ethan(76561198504702925)
14.04.2020 22:33:04: Thomas Cale(76561198073016657) | Restore - Thomas Cale(76561198073016657)
14.04.2020 22:33:11: Thomas Cale(76561198073016657) | Restore - Thomas Cale(76561198073016657)
14.04.2020 22:34:11: Thomas Cale(76561198073016657) | Restore - Thomas Cale(76561198073016657)
14.04.2020 22:36:33: Thomas Cale(76561198073016657) | Restore - Thomas Cale(76561198073016657)
14.04.2020 22:37:58: Thomas Cale(76561198073016657) | Restore - Thomas Cale(76561198073016657)
14.04.2020 22:51:36: Thomas Cale(76561198073016657) | Restore - Thomas Cale(76561198073016657)
14.04.2020 22:53:43: mad max(76561198018530308) | spawning The Wanderer (Fox_Wanderer) (NonPersistent)
14.04.2020 22:53:54: mad max(76561198018530308) | spawning The General Army (Fox_DaytonaGeneral) (NonPersistent)
14.04.2020 22:54:04: mad max(76561198018530308) | Deleting Fox_Wanderer @076176..
14.04.2020 22:54:05: mad max(76561198018530308) | Deleting Fox_DaytonaGeneral @076176..
14.04.2020 22:54:29: mad max(76561198018530308) | spawning 2006 Toyota Land Cruiser Police (Fox_LandCruiserPolice) (NonPersistent)
14.04.2020 22:54:31: mad max(76561198018530308) | spawning The Responder (Fox_M5TG) (NonPersistent)
14.04.2020 22:54:35: mad max(76561198018530308) | spawning The Nomad (Fox_Tahoe_Apocalypse) (NonPersistent)
14.04.2020 22:54:39: mad max(76561198018530308) | spawning The Raider (Fox_Charger_Apocalypse) (NonPersistent)
14.04.2020 22:54:42: mad max(76561198018530308) | spawning The Samurai (FoxCars) (fox_R34_Fox) (NonPersistent)
14.04.2020 22:54:44: mad max(76561198018530308) | spawning The Samurai (fox_R34_Apocalypse) (NonPersistent)
14.04.2020 22:54:45: mad max(76561198018530308) | spawning The Wanderer (Fox_Wanderer) (NonPersistent)
14.04.2020 22:54:46: mad max(76561198018530308) | spawning Ricks CVPI (Fox_RickGrimes) (NonPersistent)
14.04.2020 22:54:47: mad max(76561198018530308) | spawning The American (Fox_Tahoe) (NonPersistent)
14.04.2020 22:54:49: mad max(76561198018530308) | spawning Ship (SeaFox) (NonPersistent)
14.04.2020 22:54:50: mad max(76561198018530308) | spawning Ship (SeaFox_AllwaysEnemy) (NonPersistent)
14.04.2020 22:54:54: mad max(76561198018530308) | Deleting Fox_Tahoe @076176..
14.04.2020 22:54:55: mad max(76561198018530308) | Deleting Fox_Tahoe_Apocalypse @076176..
14.04.2020 22:54:56: mad max(76561198018530308) | Deleting Fox_LandCruiserPolice @076176..
14.04.2020 22:54:57: mad max(76561198018530308) | Deleting Fox_Charger_Apocalypse @076176..
14.04.2020 22:54:58: mad max(76561198018530308) | Deleting Fox_Wanderer @076176..
14.04.2020 22:55:02: mad max(76561198018530308) | Deleting fox_R34_Apocalypse @076176..
14.04.2020 22:55:03: mad max(76561198018530308) | Deleting Fox_M5TG @076176..
14.04.2020 22:55:03: mad max(76561198018530308) | Deleting Fox_RickGrimes @076176..
14.04.2020 22:55:19: mad max(76561198018530308) | spawning The Carrier Mk.2 (Fox_MEGABUS) (NonPersistent)
14.04.2020 22:56:17: Thomas Cale(76561198073016657) | Deleting fox_R34_Fox @076176..
14.04.2020 22:58:07: mad max(76561198018530308) | spawning Hatchback (Exile_Car_Hatchback_BeigeCustom) (NonPersistent)
14.04.2020 22:58:07: mad max(76561198018530308) | spawning Hatchback (Exile_Car_Hatchback_BeigeCustom) (NonPersistent)
14.04.2020 22:58:08: mad max(76561198018530308) | spawning Hatchback (Exile_Car_Hatchback_BeigeCustom) (NonPersistent)
14.04.2020 22:58:08: mad max(76561198018530308) | spawning Hatchback (Exile_Car_Hatchback_BeigeCustom) (NonPersistent)
14.04.2020 22:58:08: mad max(76561198018530308) | spawning Hatchback (Exile_Car_Hatchback_BeigeCustom) (NonPersistent)
14.04.2020 22:58:09: mad max(76561198018530308) | spawning Hatchback (Exile_Car_Hatchback_BeigeCustom) (NonPersistent)
14.04.2020 22:58:09: mad max(76561198018530308) | spawning Hatchback (Exile_Car_Hatchback_BeigeCustom) (NonPersistent)
14.04.2020 22:58:09: mad max(76561198018530308) | spawning Hatchback (Exile_Car_Hatchback_BeigeCustom) (NonPersistent)
14.04.2020 22:58:10: mad max(76561198018530308) | spawning Hatchback (Exile_Car_Hatchback_BeigeCustom) (NonPersistent)
14.04.2020 22:58:10: mad max(76561198018530308) | spawning Hatchback (Exile_Car_Hatchback_BeigeCustom) (NonPersistent)
14.04.2020 22:58:10: mad max(76561198018530308) | spawning Hatchback (Exile_Car_Hatchback_BeigeCustom) (NonPersistent)
14.04.2020 22:58:11: mad max(76561198018530308) | spawning Hatchback (Exile_Car_Hatchback_BeigeCustom) (NonPersistent)
14.04.2020 22:58:39: Thomas Cale(76561198073016657) | Lightning Exile_Car_Hatchback_BeigeCustom @[7625.73,7948.03,0.0154343] 076176
14.04.2020 22:59:15: Thomas Cale(76561198073016657) | Deleting Fox_MEGABUS @075176..
14.04.2020 22:59:21: Thomas Cale(76561198073016657) | Lightning Exile_Car_Hatchback_BeigeCustom @[7616.65,7945.28,-0.0181046] 076176
14.04.2020 22:59:24: Thomas Cale(76561198073016657) | Lightning Exile_Car_Hatchback_BeigeCustom @[7628.9,7955.46,-0.0205765] 076176
14.04.2020 22:59:24: mad max(76561198018530308) | Lightning Exile_Car_Hatchback_BeigeCustom @[7628.9,7955.46,-0.0203934] 076176
14.04.2020 22:59:25: mad max(76561198018530308) | Lightning Exile_Car_Hatchback_BeigeCustom @[7619.53,7955.46,-0.0205612] 076176
14.04.2020 22:59:26: mad max(76561198018530308) | Lightning Exile_Car_Hatchback_BeigeCustom @[7619.67,7955.39,0.239349] 076176
14.04.2020 22:59:27: mad max(76561198018530308) | Lightning Exile_Car_Hatchback_BeigeCustom @[7624.22,7950.77,-0.126915] 076176
14.04.2020 22:59:27: mad max(76561198018530308) | Lightning RyanZombieC_journalist_Fwalker @[7584.26,7969.04,0.00144196] 075176
14.04.2020 22:59:27: mad max(76561198018530308) | Lightning Exile_Car_Hatchback_BeigeCustom @[7619.53,7936.73,-0.0101166] 076176
14.04.2020 22:59:28: mad max(76561198018530308) | Lightning Exile_Car_Hatchback_BeigeCustom @[7619.53,7936.73,-0.0101166] 076176
14.04.2020 22:59:29: mad max(76561198018530308) | Lightning Exile_Car_Hatchback_BeigeCustom @[7619.53,7936.73,-0.0101166] 076176
14.04.2020 22:59:31: mad max(76561198018530308) | Lightning Exile_Car_Hatchback_BeigeCustom @[7638.28,7953.91,-0.0201569] 076176
14.04.2020 22:59:48: Thomas Cale(76561198073016657) | Deleting Exile_Car_Hatchback_BeigeCustom @076176..
14.04.2020 22:59:49: Thomas Cale(76561198073016657) | Deleting Exile_Car_Hatchback_BeigeCustom @076176..
14.04.2020 22:59:50: Thomas Cale(76561198073016657) | Deleting Exile_Car_Hatchback_BeigeCustom @076176..
14.04.2020 22:59:50: Thomas Cale(76561198073016657) | Deleting Exile_Car_Hatchback_BeigeCustom @076176..
14.04.2020 22:59:52: Thomas Cale(76561198073016657) | Deleting Exile_Car_Hatchback_BeigeCustom @076176..
14.04.2020 22:59:52: mad max(76561198018530308) | Lightning Exile_Car_Hatchback_BeigeCustom @[7620.39,7945.52,-0.127205] 076176
14.04.2020 22:59:52: Thomas Cale(76561198073016657) | Deleting Exile_Car_Hatchback_BeigeCustom @076176..
14.04.2020 22:59:53: Thomas Cale(76561198073016657) | Deleting Exile_Car_Hatchback_BeigeCustom @076176..
14.04.2020 22:59:54: Thomas Cale(76561198073016657) | Lightning Exile_Car_Hatchback_BeigeCustom @[7624.9,7939.02,-0.0199738] 076176
14.04.2020 22:59:55: Thomas Cale(76561198073016657) | Lightning Exile_Car_Hatchback_BeigeCustom @[7620.3,7945.65,-0.126602] 076176
14.04.2020 22:59:57: Thomas Cale(76561198073016657) | Deleting Exile_Car_Hatchback_BeigeCustom @076176..
14.04.2020 22:59:58: Thomas Cale(76561198073016657) | Deleting Exile_Car_Hatchback_BeigeCustom @076176..
14.04.2020 22:59:59: Thomas Cale(76561198073016657) | Deleting Exile_Car_Hatchback_BeigeCustom @076176..
14.04.2020 22:59:59: Thomas Cale(76561198073016657) | Deleting Exile_Car_Hatchback_BeigeCustom @076176..
14.04.2020 23:00:00: Thomas Cale(76561198073016657) | Deleting Exile_Car_Hatchback_BeigeCustom @076176..
14.04.2020 23:00:47: Thomas Cale(76561198073016657) | Self Disconnect
14.04.2020 23:47:43: mad max(76561198018530308) | Teleport to [13684.3,16188.3,0](GPS: 136094)
14.04.2020 23:47:58: mad max(76561198018530308) | Spawning Fuel Canister (Empty) (Exile_Item_FuelCanisterEmpty) on the ground infront of mad max!
14.04.2020 23:48:00: mad max(76561198018530308) | Spawning Fuel Canister (Full) (Exile_Item_FuelCanisterFull) on the ground infront of mad max!
14.04.2020 23:51:41: mad max(76561198018530308) | Teleport to [13886.8,12370.2,0](GPS: 138132)
14.04.2020 23:51:52: mad max(76561198018530308) | Show Server Information - ON
14.04.2020 23:58:18: mad max(76561198018530308) | Spawning Fuel Canister (Empty) (Exile_Item_FuelCanisterEmpty) on the ground infront of mad max!
14.04.2020 23:58:24: mad max(76561198018530308) | Teleport to [12160.6,15531.2,0](GPS: 121100)
14.04.2020 23:58:56: mad max(76561198018530308) | Teleport to [11229.9,15659.8,0](GPS: 112099)
14.04.2020 23:59:27: mad max(76561198018530308) | Show Server Information - ON
