11.04.2020 03:18:32: _fnc_server_handle_mpmessage: xx708i848u657i51cm1xa68y6
11.04.2020 03:18:32: _fnc_AdminReqReal: me701k1l193c867h1mad535s3t1t3o3n0
11.04.2020 03:18:32: _playerObjCheckLoop: zual5b735_9z3p7z3w68337x3g8
11.04.2020 03:18:32: _token_by_uid: r57m1c7g366xc47y7d2
11.04.2020 03:18:32: _uid_by_token: gb648m676v7451723ta7587de30o7f9_3r6_06ah9
11.04.2020 03:18:32: _name_by_uid: k2cja_1g0b7uc07s843
11.04.2020 03:18:32: _owner_by_uid: xh6l7a6q7s7t7b36a139ct7y7r787y7d57cfa11
11.04.2020 03:18:32: _uid_by_owner: zu6r2882et1_as6c3o856
11.04.2020 03:18:32: _fn_playerConnected: m22i1a3b5t527y3j187ge833793w72713
11.04.2020 03:18:32: _server_setTokenR: ef8x1x633a1a3x863y7w3k3q1ecm3tac6n7
11.04.2020 03:18:32: _FN_INJECT_ON_CLIENT: t03l7i963w5d10ea771z7p7d7k3
11.04.2020 03:18:32: _fnc_l_on_c: mv772t69747p3o5v8u3
11.04.2020 03:18:32: _adminStartupCode: jb7j7y541l7l7s3w9q373a3
11.04.2020 03:18:32: _AHKickOFF: yu349o3c7b7x1f7n0cao7fcc6k303o846z7r1p6_ez2s7e7d3
11.04.2020 03:18:32: _AHKickLog: nk62608kcv67el72ev6n8c7e1z2a743qa08
11.04.2020 03:18:32: _AH_RunCheckENDVAR: vv727j3k1r8aci3i8lai3
11.04.2020 03:18:32: _AH_RunCheck: b417767h3f1u7a107d2y3v730i8z77ei793i7t5
11.04.2020 03:18:32: _AH_HackLogArrayRND: e8773l1tc9en1_7ec66
11.04.2020 03:18:32: _AH_SurvLogArrayRND: si7o9n8o7k54cm8e5s8p3u00cn7n38166_3x8o1
11.04.2020 03:18:32: _AH_AdmiLogArrayRND: zp341tal617u3e7n3k1359577ic49t5p7
11.04.2020 03:18:32: _TMPBAN: l53m5r7k52133k7h8n7
11.04.2020 03:18:32: _fn_getTempBans: i47wal1t8x1kaq5tcs1k5s7v76c_3v3ncb19csa91
11.04.2020 03:18:32: _fnc_addTempBan: aw8s7n6gcbax6j06aa0
11.04.2020 03:18:32: _fnc_removeTempBan: ad1q0e0m3nc85571ae0
11.04.2020 03:18:32: _AHpos: b2079s2acy3wej1w3n0285776a1g8c5
11.04.2020 03:18:32: _adminsA: w99w1m3n1i7x80807w36313p5e0i6w8f858f8
11.04.2020 03:18:32: _vehicle_needs_check: hh7t3v5f33al3g7ja21
11.04.2020 03:18:32: _fnc_infiSTAR_PlayerLog: iu6h7c78a7197j31016x0h780j1p5u3acy8i8
11.04.2020 03:18:32: _antidupePVResVar: yc8h3h0r358daw5s6p380d6_8g3xct7w5_3_ar8p1_723n9
11.04.2020 03:18:32: _runcheck_thread: ovct1j6f73et9l7_3tc
11.04.2020 03:18:32: _livestarted: ut9e79ad7x3l7q197s675
11.04.2020 03:18:32: _fnc_check_type_allowed: we7u54arci6l787a7e7b3
11.04.2020 03:18:32: _fnc_vehicle_check: lo88ag9d6b7va_9l5j7
11.04.2020 03:18:32: _rcheckclient: j21935cp7_6q312u31771q1
11.04.2020 03:18:32: _rcheckserver: pk6f9u3dcy7l593t1hc8157k5
11.04.2020 03:18:32: _waste_btn_thread: gyam1y7f778a317e839d7p0n7v509w3i7
11.04.2020 03:21:58: _fnc_server_handle_mpmessage: hz6j8b0n897f847g177zc68l7o0_7q597l19ae707
11.04.2020 03:21:58: _fnc_AdminReqReal: y_aa7d23691e653t8y617r7_7
11.04.2020 03:21:58: _playerObjCheckLoop: yl378o7616ae1s8n5z871
11.04.2020 03:21:58: _token_by_uid: gw337z6825323p6p888c3v3o7y202b5l3mck9w1w8a8
11.04.2020 03:21:58: _uid_by_token: rf0_3l8n201p8t1f6_3f337q8s5x7
11.04.2020 03:21:58: _name_by_uid: b98j3y732y74902t3f3e1q3114ah7y6e65a88a6
11.04.2020 03:21:58: _owner_by_uid: ga6m886k1j1n8h6uaacb7r7e1j748oc5673
11.04.2020 03:21:58: _uid_by_owner: i1506b3w997g3pebam9laz5eca013d3p076c3
11.04.2020 03:21:58: _fn_playerConnected: ks7a7n2m7o3m1d607c6v756r6b83703f2rc9e
11.04.2020 03:21:58: _server_setTokenR: f11j2l2b695v1h0s1b3d5v3n6q3f1kag7hav5
11.04.2020 03:21:58: _FN_INJECT_ON_CLIENT: d4aq577n763m3669036c3y7
11.04.2020 03:21:58: _fnc_l_on_c: hy70a651286eef6wc41k1p5
11.04.2020 03:21:58: _adminStartupCode: og387nc0636_8c5zcc10a27c717k836
11.04.2020 03:21:58: _AHKickOFF: k01k053ra_ep1b6b6g6
11.04.2020 03:21:58: _AHKickLog: f36o2f3p747u1w7h6g8x6a333t2f7u0y1h505077c
11.04.2020 03:21:58: _AH_RunCheckENDVAR: sw170c8e6r1a3334327z3o7z26cb7_3ma
11.04.2020 03:21:58: _AH_RunCheck: vk0eeme27h928j787n761q1o6h7w711
11.04.2020 03:21:58: _AH_HackLogArrayRND: j1age97fci7e6ncx5b5
11.04.2020 03:21:58: _AH_SurvLogArrayRND: nq7o27a313e7cs3m327mch3v72av3dc92p1
11.04.2020 03:21:58: _AH_AdmiLogArrayRND: py56c0cw6y6rc30i3r7b741m2o6f108h1
11.04.2020 03:21:58: _TMPBAN: jr187t7w3b923lcz7m5s5s331tet8kaa157o39cx3n9y1sa
11.04.2020 03:21:58: _fn_getTempBans: zd3s61396a8cc_6o5z6t2s1k733w3j79342
11.04.2020 03:21:58: _fnc_addTempBan: u32x581m1u12233h3z5
11.04.2020 03:21:58: _fnc_removeTempBan: up711c608k2d167f1f7
11.04.2020 03:21:58: _AHpos: q00bc57f6l6bcu7p1h59717i7e7daq8g8p8i3
11.04.2020 03:21:58: _adminsA: z43l816a8_3m38785o6z5
11.04.2020 03:21:58: _vehicle_needs_check: bp106o6ac5173s6_33eq3o0g1a7_3t863p7_7
11.04.2020 03:21:58: _fnc_infiSTAR_PlayerLog: v4cp7a625i3_1y6d7b1t2
11.04.2020 03:21:58: _antidupePVResVar: dv7n1rcs3z1tc_7n3y2r3o7r3f6paw1f1l7
11.04.2020 03:21:58: _runcheck_thread: lf0ael1_12017law771d79cz2e9
11.04.2020 03:21:58: _livestarted: s016843u5z1f0z8q1xe337116jc06m7e7h6z7y3z6
11.04.2020 03:21:58: _fnc_check_type_allowed: qr8sc2370pcx7r643i6z5s7f30c97v1f3k1u7s6kab257va
11.04.2020 03:21:59: _fnc_server_handle_mpmessage: hz6j8b0n897f847g177zc68l7o0_7q597l19ae707
11.04.2020 03:21:59: _fnc_AdminReqReal: y_aa7d23691e653t8y617r7_7
11.04.2020 03:21:59: _playerObjCheckLoop: yl378o7616ae1s8n5z871
11.04.2020 03:21:59: _token_by_uid: gw337z6825323p6p888c3v3o7y202b5l3mck9w1w8a8
11.04.2020 03:21:59: _uid_by_token: rf0_3l8n201p8t1f6_3f337q8s5x7
11.04.2020 03:21:59: _name_by_uid: b98j3y732y74902t3f3e1q3114ah7y6e65a88a6
11.04.2020 03:21:59: _owner_by_uid: ga6m886k1j1n8h6uaacb7r7e1j748oc5673
11.04.2020 03:21:59: _uid_by_owner: i1506b3w997g3pebam9laz5eca013d3p076c3
11.04.2020 03:21:59: _fn_playerConnected: ks7a7n2m7o3m1d607c6v756r6b83703f2rc9e
11.04.2020 03:21:59: _server_setTokenR: f11j2l2b695v1h0s1b3d5v3n6q3f1kag7hav5
11.04.2020 03:21:59: _FN_INJECT_ON_CLIENT: d4aq577n763m3669036c3y7
11.04.2020 03:21:59: _fnc_l_on_c: hy70a651286eef6wc41k1p5
11.04.2020 03:21:59: _adminStartupCode: og387nc0636_8c5zcc10a27c717k836
11.04.2020 03:21:59: _AHKickOFF: k01k053ra_ep1b6b6g6
11.04.2020 03:21:59: _AHKickLog: f36o2f3p747u1w7h6g8x6a333t2f7u0y1h505077c
11.04.2020 03:21:59: _AH_RunCheckENDVAR: sw170c8e6r1a3334327z3o7z26cb7_3ma
11.04.2020 03:21:59: _AH_RunCheck: vk0eeme27h928j787n761q1o6h7w711
11.04.2020 03:21:59: _AH_HackLogArrayRND: j1age97fci7e6ncx5b5
11.04.2020 03:21:59: _AH_SurvLogArrayRND: nq7o27a313e7cs3m327mch3v72av3dc92p1
11.04.2020 03:21:59: _AH_AdmiLogArrayRND: py56c0cw6y6rc30i3r7b741m2o6f108h1
11.04.2020 03:21:59: _TMPBAN: jr187t7w3b923lcz7m5s5s331tet8kaa157o39cx3n9y1sa
11.04.2020 03:21:59: _fn_getTempBans: zd3s61396a8cc_6o5z6t2s1k733w3j79342
11.04.2020 03:21:59: _fnc_addTempBan: u32x581m1u12233h3z5
11.04.2020 03:21:59: _fnc_removeTempBan: up711c608k2d167f1f7
11.04.2020 03:21:59: _AHpos: q00bc57f6l6bcu7p1h59717i7e7daq8g8p8i3
11.04.2020 03:21:59: _adminsA: z43l816a8_3m38785o6z5
11.04.2020 03:21:59: _vehicle_needs_check: bp106o6ac5173s6_33eq3o0g1a7_3t863p7_7
11.04.2020 03:21:59: _fnc_infiSTAR_PlayerLog: v4cp7a625i3_1y6d7b1t2
11.04.2020 03:21:59: _antidupePVResVar: dv7n1rcs3z1tc_7n3y2r3o7r3f6paw1f1l7
11.04.2020 03:21:59: _runcheck_thread: lf0ael1_12017law771d79cz2e9
11.04.2020 03:21:59: _livestarted: s016843u5z1f0z8q1xe337116jc06m7e7h6z7y3z6
11.04.2020 03:21:59: _fnc_check_type_allowed: qr8sc2370pcx7r643i6z5s7f30c97v1f3k1u7s6kab257va
11.04.2020 03:21:59: _fnc_vehicle_check: ta7a7k6v8r7z39736_8
11.04.2020 03:21:59: _rcheckclient: ck1h60ccam8k3q7eai19ae7k6
11.04.2020 03:21:59: _rcheckserver: jn8t7p6m3g5sa_090v6l7005881i18689c7
11.04.2020 03:21:59: _waste_btn_thread: p65z839w6jce6_912o0s1z2r2v1f8d7b7
11.04.2020 03:36:42: _fnc_server_handle_mpmessage: j47r112y7874aoem3w3n7c73c2767fa0a
11.04.2020 03:36:43: _fnc_AdminReqReal: s60hcdaq8m3n7c1r74c
11.04.2020 03:36:43: _playerObjCheckLoop: aw3ma61_353hcn3q7f9
11.04.2020 03:36:43: _token_by_uid: x_7u8s3k32795z9n22121770738f516b7
11.04.2020 03:36:43: _uid_by_token: fa6y7e3l5v74el17c09
11.04.2020 03:36:43: _name_by_uid: t89e7b8b1sag8f74800s8
11.04.2020 03:36:43: _owner_by_uid: v3647l7ve16_8t8m6l0694az7x366
11.04.2020 03:36:43: _uid_by_owner: st3g8h8m8b7r3r361r3
11.04.2020 03:36:43: _fn_playerConnected: qe2vea5uau6y7hajch9
11.04.2020 03:36:43: _server_setTokenR: te67786tep2gej0p7y9t7l7v3v6h036i9y2j3
11.04.2020 03:36:43: _FN_INJECT_ON_CLIENT: o_6i5u0_3g861j1r8g6
11.04.2020 03:36:43: _fnc_l_on_c: xk7n7tc38oa991367w931qc3c7088ja4c
11.04.2020 03:36:43: _adminStartupCode: ra7tcz6w6q7z6z7ncc9rcd1x7c6k859e1
11.04.2020 03:36:43: _AHKickOFF: zl8m21720376830r7z25e87ue
11.04.2020 03:36:43: _AHKickLog: p6cj636s7_593g3p359
11.04.2020 03:36:43: _AH_RunCheckENDVAR: hv7g8i7a1p5t96cd7n63307r7z5q1
11.04.2020 03:36:43: _AH_RunCheck: gy1scn16867l1u2a5r7c7l0p3i3g8b7
11.04.2020 03:36:43: _AH_HackLogArrayRND: fi6wa92k3p7xeva80k7
11.04.2020 03:36:43: _AH_SurvLogArrayRND: mi9z3z340y3f8j6g0bc36mamey308c7
11.04.2020 03:36:43: _AH_AdmiLogArrayRND: tv2d7y79661q141238876m1k7k60116x7vem7
11.04.2020 03:36:43: _TMPBAN: pg3b8_543r1y1g6q1b3d92191jcy127x5j6eaz063
11.04.2020 03:36:43: _fn_getTempBans: rh712y3l1114215q1e1w6
11.04.2020 03:36:43: _fnc_addTempBan: lm7a3l3m1h3m6x6u0i7
11.04.2020 03:36:43: _fnc_removeTempBan: xe7656ak7d697_0n3e7m9m7p757t2o6r7u8b6d1mc47t7s1
11.04.2020 03:36:43: _AHpos: ck7u961faa5g6pcb0o5k5u3j7je
11.04.2020 03:36:43: _adminsA: hw7u87812r5o8b9o1k6
11.04.2020 03:36:43: _vehicle_needs_check: yn5g1d5p3s043y6seo3h023
11.04.2020 03:36:43: _fnc_infiSTAR_PlayerLog: wc0j1a3y63esc01h1c6g208k2he
11.04.2020 03:36:43: _antidupePVResVar: fv881k178_7_83aw6o74923f9z167r3y367tc36f3
11.04.2020 03:36:43: _runcheck_thread: l_7u6o9p7m717_3g6k1w662u6
11.04.2020 03:36:43: _livestarted: lm32cjetcb1z5ocl141
11.04.2020 03:36:43: _fnc_check_type_allowed: sa3paf347e8n1rcc3i3c2y7eau9o77116
11.04.2020 03:36:43: _fnc_server_handle_mpmessage: j47r112y7874aoem3w3n7c73c2767fa0a
11.04.2020 03:36:43: _fnc_AdminReqReal: s60hcdaq8m3n7c1r74c
11.04.2020 03:36:43: _playerObjCheckLoop: aw3ma61_353hcn3q7f9
11.04.2020 03:36:43: _token_by_uid: x_7u8s3k32795z9n22121770738f516b7
11.04.2020 03:36:43: _uid_by_token: fa6y7e3l5v74el17c09
11.04.2020 03:36:43: _name_by_uid: t89e7b8b1sag8f74800s8
11.04.2020 03:36:43: _owner_by_uid: v3647l7ve16_8t8m6l0694az7x366
11.04.2020 03:36:43: _uid_by_owner: st3g8h8m8b7r3r361r3
11.04.2020 03:36:43: _fn_playerConnected: qe2vea5uau6y7hajch9
11.04.2020 03:36:43: _server_setTokenR: te67786tep2gej0p7y9t7l7v3v6h036i9y2j3
11.04.2020 03:36:43: _FN_INJECT_ON_CLIENT: o_6i5u0_3g861j1r8g6
11.04.2020 03:36:43: _fnc_l_on_c: xk7n7tc38oa991367w931qc3c7088ja4c
11.04.2020 03:36:43: _adminStartupCode: ra7tcz6w6q7z6z7ncc9rcd1x7c6k859e1
11.04.2020 03:36:43: _AHKickOFF: zl8m21720376830r7z25e87ue
11.04.2020 03:36:43: _AHKickLog: p6cj636s7_593g3p359
11.04.2020 03:36:43: _AH_RunCheckENDVAR: hv7g8i7a1p5t96cd7n63307r7z5q1
11.04.2020 03:36:43: _AH_RunCheck: gy1scn16867l1u2a5r7c7l0p3i3g8b7
11.04.2020 03:36:43: _AH_HackLogArrayRND: fi6wa92k3p7xeva80k7
11.04.2020 03:36:43: _AH_SurvLogArrayRND: mi9z3z340y3f8j6g0bc36mamey308c7
11.04.2020 03:36:43: _AH_AdmiLogArrayRND: tv2d7y79661q141238876m1k7k60116x7vem7
11.04.2020 03:36:43: _TMPBAN: pg3b8_543r1y1g6q1b3d92191jcy127x5j6eaz063
11.04.2020 03:36:43: _fn_getTempBans: rh712y3l1114215q1e1w6
11.04.2020 03:36:43: _fnc_addTempBan: lm7a3l3m1h3m6x6u0i7
11.04.2020 03:36:43: _fnc_removeTempBan: xe7656ak7d697_0n3e7m9m7p757t2o6r7u8b6d1mc47t7s1
11.04.2020 03:36:43: _AHpos: ck7u961faa5g6pcb0o5k5u3j7je
11.04.2020 03:36:43: _adminsA: hw7u87812r5o8b9o1k6
11.04.2020 03:36:43: _vehicle_needs_check: yn5g1d5p3s043y6seo3h023
11.04.2020 03:36:43: _fnc_infiSTAR_PlayerLog: wc0j1a3y63esc01h1c6g208k2he
11.04.2020 03:36:43: _antidupePVResVar: fv881k178_7_83aw6o74923f9z167r3y367tc36f3
11.04.2020 03:36:43: _runcheck_thread: l_7u6o9p7m717_3g6k1w662u6
11.04.2020 03:36:43: _livestarted: lm32cjetcb1z5ocl141
11.04.2020 03:36:43: _fnc_check_type_allowed: sa3paf347e8n1rcc3i3c2y7eau9o77116
11.04.2020 03:36:43: _fnc_vehicle_check: wn7_7u858v5k387c3i74321n1f8e751j3d8r8
11.04.2020 03:36:43: _rcheckclient: tnap1p1c6h3u6s8h777l6s3k562
11.04.2020 03:36:43: _rcheckserver: oocs1m6mcj3t7v33753h1j7i3f6l6v7l1n1v1l7
11.04.2020 03:36:43: _waste_btn_thread: suez8mci2kck3s8y2u3
