[10:03:05:839890 +02:00] [Thread 5268] PLAYER: ( 76561197995369312 ) R Alpha 1-2:1 (Oliver-Rehrmann) REMOTE SOLD ITEM: Exile_Bike_QuadBike_Csat (ID# <null>) with Cargo [] FOR 1250 POPTABS AND 125 RESPECT | PLAYER TOTAL MONEY: 1250
[10:03:40:420868 +02:00] [Thread 5268] PLAYER: ( 76561197995369312 ) R Alpha 1-2:1 (Oliver-Rehrmann) REMOTE SOLD ITEM srifle_DMR_02_F FOR 400 POPTABS AND 40 RESPECT | PLAYER TOTAL MONEY: 1650
[10:03:48:681340 +02:00] [Thread 5244] PLAYER: ( 76561197995369312 ) R Alpha 1-2:1 (Oliver-Rehrmann) REMOTE PURCHASED ITEM Exile_Item_EnergyDrink FOR 40 POPTABS | PLAYER TOTAL MONEY: 1610
[10:04:01:221058 +02:00] [Thread 976] PLAYER: ( 76561197995369312 ) R Alpha 1-2:1 (Oliver-Rehrmann) REMOTE PURCHASED ITEM Exile_Item_Noodles FOR 14 POPTABS | PLAYER TOTAL MONEY: 1596
[10:04:03:881210 +02:00] [Thread 5244] PLAYER: ( 76561197995369312 ) R Alpha 1-2:1 (Oliver-Rehrmann) REMOTE PURCHASED ITEM Exile_Item_Noodles FOR 14 POPTABS | PLAYER TOTAL MONEY: 1582
[10:05:07:045822 +02:00] [Thread 976] PLAYER: ( 76561197995369312 ) R Alpha 1-2:1 (Oliver-Rehrmann) REMOTE PURCHASED ITEM Exile_Item_Noodles FOR 14 POPTABS | PLAYER TOTAL MONEY: 1568
[10:12:56:595679 +02:00] [Thread 2084] PLAYER: ( 76561197995369312 ) R Alpha 1-2:1 (Oliver-Rehrmann) REMOTE SOLD ITEM: Exile_Bike_QuadBike_White (ID# <null>) with Cargo [] FOR 1250 POPTABS AND 125 RESPECT | PLAYER TOTAL MONEY: 2818
[16:25:06:771567 +02:00] [Thread 2444] PLAYER: ( 76561197995369312 ) R Alpha 1-2:1 (Oliver-Rehrmann) REMOTE SOLD ITEM Exile_Magazine_100Rnd_762x54_PK_Green FOR 10 POPTABS AND 1 RESPECT | PLAYER TOTAL MONEY: 2842
[16:25:07:971635 +02:00] [Thread 3980] PLAYER: ( 76561197995369312 ) R Alpha 1-2:1 (Oliver-Rehrmann) REMOTE SOLD ITEM Exile_Magazine_100Rnd_762x54_PK_Green FOR 10 POPTABS AND 1 RESPECT | PLAYER TOTAL MONEY: 2852
[16:25:09:792739 +02:00] [Thread 2444] PLAYER: ( 76561197995369312 ) R Alpha 1-2:1 (Oliver-Rehrmann) REMOTE SOLD ITEM Exile_Magazine_100Rnd_762x54_PK_Green FOR 10 POPTABS AND 1 RESPECT | PLAYER TOTAL MONEY: 2862
[16:25:12:092871 +02:00] [Thread 3980] PLAYER: ( 76561197995369312 ) R Alpha 1-2:1 (Oliver-Rehrmann) REMOTE SOLD ITEM Exile_Weapon_PKP FOR 175 POPTABS AND 17.5 RESPECT | PLAYER TOTAL MONEY: 3037
[16:25:16:873144 +02:00] [Thread 4292] PLAYER: ( 76561197995369312 ) R Alpha 1-2:1 (Oliver-Rehrmann) REMOTE SOLD ITEM Exile_Item_DuctTape FOR 150 POPTABS AND 15 RESPECT | PLAYER TOTAL MONEY: 3187
[16:25:30:195906 +02:00] [Thread 3980] PLAYER: ( 76561197995369312 ) R Alpha 1-2:1 (Oliver-Rehrmann) REMOTE SOLD ITEM bipod_01_F_khk FOR 5 POPTABS AND 0.5 RESPECT | PLAYER TOTAL MONEY: 3192
[18:50:40:746265 +02:00] [Thread 1280] PLAYER: ( 76561197995369312 ) R Alpha 1-2:1 (Oliver-Rehrmann) REMOTE SOLD ITEM: Exile_Car_UAZ_Open_Green (ID# <null>) with Cargo ["arifle_MX_SW_Black_F"] FOR 4125 POPTABS AND 412.5 RESPECT | PLAYER TOTAL MONEY: 4125
[19:00:39:101489 +02:00] [Thread 5220] PLAYER: ( 76561197995369312 ) R Alpha 1-2:1 (Oliver-Rehrmann) REMOTE PURCHASED ITEM Exile_Item_EnergyDrink FOR 40 POPTABS | PLAYER TOTAL MONEY: 4085
[19:00:44:222782 +02:00] [Thread 4860] PLAYER: ( 76561197995369312 ) R Alpha 1-2:1 (Oliver-Rehrmann) REMOTE PURCHASED ITEM Exile_Item_Noodles FOR 14 POPTABS | PLAYER TOTAL MONEY: 4071
[19:00:45:238840 +02:00] [Thread 5220] PLAYER: ( 76561197995369312 ) R Alpha 1-2:1 (Oliver-Rehrmann) REMOTE PURCHASED ITEM Exile_Item_Noodles FOR 14 POPTABS | PLAYER TOTAL MONEY: 4057
[19:00:46:239897 +02:00] [Thread 4860] PLAYER: ( 76561197995369312 ) R Alpha 1-2:1 (Oliver-Rehrmann) REMOTE PURCHASED ITEM Exile_Item_Noodles FOR 14 POPTABS | PLAYER TOTAL MONEY: 4043
[19:01:59:225072 +02:00] [Thread 5220] PLAYER: ( 76561197995369312 ) R Alpha 1-2:1 (Oliver-Rehrmann) REMOTE PURCHASED ITEM Exile_Item_PlasticBottleEmpty FOR 4 POPTABS | PLAYER TOTAL MONEY: 4039
[19:02:46:870797 +02:00] [Thread 5868] PLAYER: ( 76561197995369312 ) R Alpha 1-2:1 (Oliver-Rehrmann) REMOTE SOLD ITEM arifle_SPAR_01_blk_F FOR 200 POPTABS AND 20 RESPECT | PLAYER TOTAL MONEY: 4239
