extDB2: Version: 70
extDB2: https://github.com/Torndeco/extDB2
extDB2: Windows Version
Message: All development for extDB2 is done on a Linux Dedicated Server
Message: If you would like to Donate to extDB2 Development
Message: https://www.paypal.com/cgi-bin/webscr?cmd=_s-xclick&hosted_button_id=2SUEFTGABTAM2
Message: Also leave a message if there is any particular feature you would like to see added.
Message: Thanks for all the people that have donated.
Message: Torndeco: 20/02/15


extDB2: Found extdb-conf.ini
extDB2: Detected 8 Cores, Setting up 6 Worker Threads


[04:15:10:615557 +11:00] [Thread 13112] extDB2: Database Type: MySQL
[04:15:10:618517 +11:00] [Thread 13112] extDB2: Database Session Pool Started
[04:15:10:622966 +11:00] [Thread 13112] extDB2: SQL_CUSTOM_V2: Loading Template Filename: C:\Arma3TavianaExile\@ExileServer\extDB\sql_custom_v2\exile.ini
[04:15:10:623122 +11:00] [Thread 13112] extDB2: SQL_CUSTOM_V2: Version 12 Detected, Latest Version 12 Available
[04:19:17:730142 +11:00] [Thread 8656] extDB2: SQL_CUSTOM_V2: Error No Custom Call Not Found: Input String addAccountZombieKill:76561198073016657
[04:19:17:730198 +11:00] [Thread 8656] extDB2: SQL_CUSTOM_V2: Error No Custom Call Not Found: Callname addAccountZombieKill
[04:19:19:631287 +11:00] [Thread 4596] extDB2: SQL_CUSTOM_V2: Error No Custom Call Not Found: Input String addAccountZombieKill:76561198073016657
[04:19:19:631338 +11:00] [Thread 4596] extDB2: SQL_CUSTOM_V2: Error No Custom Call Not Found: Callname addAccountZombieKill
[04:20:31:391388 +11:00] [Thread 8656] extDB2: SQL_CUSTOM_V2: Error No Custom Call Not Found: Input String addAccountZombieKill:76561198073016657
[04:20:31:391446 +11:00] [Thread 8656] extDB2: SQL_CUSTOM_V2: Error No Custom Call Not Found: Callname addAccountZombieKill
[04:27:11:884194 +11:00] [Thread 8656] extDB2: SQL_CUSTOM_V2: Incorrect Number of Inputs: Input String updateInfection:0:0
[04:27:11:884231 +11:00] [Thread 8656] extDB2: SQL_CUSTOM_V2: Incorrect Number of Inputs: Expected: 3 Got: 2
[04:28:28:880812 +11:00] [Thread 12692] extDB2: SQL_CUSTOM_V2: Error No Custom Call Not Found: Input String addAccountZombieKill:76561198073016657
[04:28:28:880868 +11:00] [Thread 12692] extDB2: SQL_CUSTOM_V2: Error No Custom Call Not Found: Callname addAccountZombieKill
[04:28:37:606944 +11:00] [Thread 14644] extDB2: SQL_CUSTOM_V2: Error No Custom Call Not Found: Input String addAccountZombieKill:76561198073016657
[04:28:37:606999 +11:00] [Thread 14644] extDB2: SQL_CUSTOM_V2: Error No Custom Call Not Found: Callname addAccountZombieKill
[04:28:39:568027 +11:00] [Thread 12692] extDB2: SQL_CUSTOM_V2: Error No Custom Call Not Found: Input String addAccountZombieKill:76561198073016657
[04:28:39:568082 +11:00] [Thread 12692] extDB2: SQL_CUSTOM_V2: Error No Custom Call Not Found: Callname addAccountZombieKill
[04:28:49:797153 +11:00] [Thread 8656] extDB2: SQL_CUSTOM_V2: Incorrect Number of Inputs: Input String updateInfection:0:0
[04:28:49:797196 +11:00] [Thread 8656] extDB2: SQL_CUSTOM_V2: Incorrect Number of Inputs: Expected: 3 Got: 2
[04:29:11:077061 +11:00] [Thread 8852] extDB2: SQL_CUSTOM_V2: Error No Custom Call Not Found: Input String addAccountZombieKill:76561198073016657
[04:29:11:077118 +11:00] [Thread 8852] extDB2: SQL_CUSTOM_V2: Error No Custom Call Not Found: Callname addAccountZombieKill
[04:29:13:565220 +11:00] [Thread 12692] extDB2: SQL_CUSTOM_V2: Error No Custom Call Not Found: Input String addAccountZombieKill:76561198073016657
[04:29:13:565270 +11:00] [Thread 12692] extDB2: SQL_CUSTOM_V2: Error No Custom Call Not Found: Callname addAccountZombieKill
[04:29:18:921291 +11:00] [Thread 8852] extDB2: SQL_CUSTOM_V2: Error No Custom Call Not Found: Input String addAccountZombieKill:76561198073016657
[04:29:18:921347 +11:00] [Thread 8852] extDB2: SQL_CUSTOM_V2: Error No Custom Call Not Found: Callname addAccountZombieKill
[04:29:20:641198 +11:00] [Thread 12692] extDB2: SQL_CUSTOM_V2: Error No Custom Call Not Found: Input String addAccountZombieKill:76561198073016657
[04:29:20:641249 +11:00] [Thread 12692] extDB2: SQL_CUSTOM_V2: Error No Custom Call Not Found: Callname addAccountZombieKill
[04:29:22:655912 +11:00] [Thread 8852] extDB2: SQL_CUSTOM_V2: Error No Custom Call Not Found: Input String addAccountZombieKill:76561198073016657
[04:29:22:655967 +11:00] [Thread 8852] extDB2: SQL_CUSTOM_V2: Error No Custom Call Not Found: Callname addAccountZombieKill
[04:29:36:454690 +11:00] [Thread 12692] extDB2: SQL_CUSTOM_V2: Error No Custom Call Not Found: Input String addAccountZombieKill:76561198073016657
[04:29:36:454744 +11:00] [Thread 12692] extDB2: SQL_CUSTOM_V2: Error No Custom Call Not Found: Callname addAccountZombieKill
[04:29:44:103458 +11:00] [Thread 8852] extDB2: SQL_CUSTOM_V2: Error No Custom Call Not Found: Input String addAccountZombieKill:76561198073016657
[04:29:44:103514 +11:00] [Thread 8852] extDB2: SQL_CUSTOM_V2: Error No Custom Call Not Found: Callname addAccountZombieKill
[04:30:02:552308 +11:00] [Thread 12692] extDB2: SQL_CUSTOM_V2: Error No Custom Call Not Found: Input String addAccountZombieKill:76561198073016657
[04:30:02:552363 +11:00] [Thread 12692] extDB2: SQL_CUSTOM_V2: Error No Custom Call Not Found: Callname addAccountZombieKill
[04:30:28:991410 +11:00] [Thread 8852] extDB2: SQL_CUSTOM_V2: Error No Custom Call Not Found: Input String addAccountZombieKill:76561198073016657
[04:30:28:991467 +11:00] [Thread 8852] extDB2: SQL_CUSTOM_V2: Error No Custom Call Not Found: Callname addAccountZombieKill
[04:30:29:807752 +11:00] [Thread 12692] extDB2: SQL_CUSTOM_V2: Error No Custom Call Not Found: Input String addAccountZombieKill:76561198073016657
[04:30:29:807804 +11:00] [Thread 12692] extDB2: SQL_CUSTOM_V2: Error No Custom Call Not Found: Callname addAccountZombieKill
[04:30:32:788358 +11:00] [Thread 8852] extDB2: SQL_CUSTOM_V2: Error No Custom Call Not Found: Input String addAccountZombieKill:76561198073016657
[04:30:32:788413 +11:00] [Thread 8852] extDB2: SQL_CUSTOM_V2: Error No Custom Call Not Found: Callname addAccountZombieKill
[04:30:33:661477 +11:00] [Thread 12692] extDB2: SQL_CUSTOM_V2: Error No Custom Call Not Found: Input String addAccountZombieKill:76561198073016657
[04:30:33:661527 +11:00] [Thread 12692] extDB2: SQL_CUSTOM_V2: Error No Custom Call Not Found: Callname addAccountZombieKill
[04:30:48:961019 +11:00] [Thread 8852] extDB2: SQL_CUSTOM_V2: Error No Custom Call Not Found: Input String addAccountZombieKill:76561198073016657
[04:30:48:961073 +11:00] [Thread 8852] extDB2: SQL_CUSTOM_V2: Error No Custom Call Not Found: Callname addAccountZombieKill
[04:30:49:909204 +11:00] [Thread 12692] extDB2: SQL_CUSTOM_V2: Error No Custom Call Not Found: Input String addAccountZombieKill:76561198073016657
[04:30:49:909254 +11:00] [Thread 12692] extDB2: SQL_CUSTOM_V2: Error No Custom Call Not Found: Callname addAccountZombieKill
[04:30:56:300222 +11:00] [Thread 8852] extDB2: SQL_CUSTOM_V2: Error No Custom Call Not Found: Input String addAccountZombieKill:76561198073016657
[04:30:56:300278 +11:00] [Thread 8852] extDB2: SQL_CUSTOM_V2: Error No Custom Call Not Found: Callname addAccountZombieKill
[04:31:20:570807 +11:00] [Thread 12692] extDB2: SQL_CUSTOM_V2: Error No Custom Call Not Found: Input String addAccountZombieKill:76561198073016657
[04:31:20:570863 +11:00] [Thread 12692] extDB2: SQL_CUSTOM_V2: Error No Custom Call Not Found: Callname addAccountZombieKill
[04:31:27:328734 +11:00] [Thread 8852] extDB2: SQL_CUSTOM_V2: Error No Custom Call Not Found: Input String addAccountZombieKill:76561198073016657
[04:31:27:328791 +11:00] [Thread 8852] extDB2: SQL_CUSTOM_V2: Error No Custom Call Not Found: Callname addAccountZombieKill
[04:31:29:914159 +11:00] [Thread 12692] extDB2: SQL_CUSTOM_V2: Error No Custom Call Not Found: Input String addAccountZombieKill:76561198073016657
[04:31:29:914211 +11:00] [Thread 12692] extDB2: SQL_CUSTOM_V2: Error No Custom Call Not Found: Callname addAccountZombieKill
[04:31:59:362680 +11:00] [Thread 8852] extDB2: SQL_CUSTOM_V2: Error No Custom Call Not Found: Input String addAccountZombieKill:76561198073016657
[04:31:59:362736 +11:00] [Thread 8852] extDB2: SQL_CUSTOM_V2: Error No Custom Call Not Found: Callname addAccountZombieKill
[04:32:01:462234 +11:00] [Thread 12692] extDB2: SQL_CUSTOM_V2: Error No Custom Call Not Found: Input String addAccountZombieKill:76561198073016657
[04:32:01:462309 +11:00] [Thread 12692] extDB2: SQL_CUSTOM_V2: Error No Custom Call Not Found: Callname addAccountZombieKill
[04:32:03:345481 +11:00] [Thread 8852] extDB2: SQL_CUSTOM_V2: Error No Custom Call Not Found: Input String addAccountZombieKill:76561198073016657
[04:32:03:345533 +11:00] [Thread 8852] extDB2: SQL_CUSTOM_V2: Error No Custom Call Not Found: Callname addAccountZombieKill
[04:32:13:662299 +11:00] [Thread 12692] extDB2: SQL_CUSTOM_V2: Error No Custom Call Not Found: Input String addAccountZombieKill:76561198073016657
[04:32:13:662356 +11:00] [Thread 12692] extDB2: SQL_CUSTOM_V2: Error No Custom Call Not Found: Callname addAccountZombieKill
[04:32:18:896610 +11:00] [Thread 8852] extDB2: SQL_CUSTOM_V2: Error No Custom Call Not Found: Input String addAccountZombieKill:76561198073016657
[04:32:18:896666 +11:00] [Thread 8852] extDB2: SQL_CUSTOM_V2: Error No Custom Call Not Found: Callname addAccountZombieKill
[04:33:12:830975 +11:00] [Thread 12692] extDB2: SQL_CUSTOM_V2: Error No Custom Call Not Found: Input String addAccountZombieKill:76561198073016657
[04:33:12:831031 +11:00] [Thread 12692] extDB2: SQL_CUSTOM_V2: Error No Custom Call Not Found: Callname addAccountZombieKill
[04:34:04:563041 +11:00] [Thread 14644] extDB2: SQL_CUSTOM_V2: Incorrect Number of Inputs: Input String updateInfection:0:0
[04:34:04:563136 +11:00] [Thread 14644] extDB2: SQL_CUSTOM_V2: Incorrect Number of Inputs: Expected: 3 Got: 2
[04:34:22:170182 +11:00] [Thread 8656] extDB2: SQL_CUSTOM_V2: Error No Custom Call Not Found: Input String addAccountZombieKill:76561198073016657
[04:34:22:170242 +11:00] [Thread 8656] extDB2: SQL_CUSTOM_V2: Error No Custom Call Not Found: Callname addAccountZombieKill
[04:34:33:034873 +11:00] [Thread 4596] extDB2: SQL_CUSTOM_V2: Error No Custom Call Not Found: Input String addAccountZombieKill:76561198073016657
[04:34:33:034924 +11:00] [Thread 4596] extDB2: SQL_CUSTOM_V2: Error No Custom Call Not Found: Callname addAccountZombieKill
[04:34:43:211008 +11:00] [Thread 8656] extDB2: SQL_CUSTOM_V2: Error No Custom Call Not Found: Input String addAccountZombieKill:76561198073016657
[04:34:43:211064 +11:00] [Thread 8656] extDB2: SQL_CUSTOM_V2: Error No Custom Call Not Found: Callname addAccountZombieKill
[04:34:43:799745 +11:00] [Thread 4596] extDB2: SQL_CUSTOM_V2: Error No Custom Call Not Found: Input String addAccountZombieKill:76561198073016657
[04:34:43:799795 +11:00] [Thread 4596] extDB2: SQL_CUSTOM_V2: Error No Custom Call Not Found: Callname addAccountZombieKill
[04:34:44:850127 +11:00] [Thread 8656] extDB2: SQL_CUSTOM_V2: Error No Custom Call Not Found: Input String addAccountZombieKill:76561198073016657
[04:34:44:850179 +11:00] [Thread 8656] extDB2: SQL_CUSTOM_V2: Error No Custom Call Not Found: Callname addAccountZombieKill
[04:34:45:833670 +11:00] [Thread 4596] extDB2: SQL_CUSTOM_V2: Error No Custom Call Not Found: Input String addAccountZombieKill:76561198073016657
[04:34:45:833721 +11:00] [Thread 4596] extDB2: SQL_CUSTOM_V2: Error No Custom Call Not Found: Callname addAccountZombieKill
[04:34:45:896825 +11:00] [Thread 8656] extDB2: SQL_CUSTOM_V2: Error No Custom Call Not Found: Input String addAccountZombieKill:76561198073016657
[04:34:45:896875 +11:00] [Thread 8656] extDB2: SQL_CUSTOM_V2: Error No Custom Call Not Found: Callname addAccountZombieKill
[04:37:49:051430 +11:00] [Thread 4596] extDB2: SQL_CUSTOM_V2: Error No Custom Call Not Found: Input String addAccountZombieKill:76561198073016657
[04:37:49:051489 +11:00] [Thread 4596] extDB2: SQL_CUSTOM_V2: Error No Custom Call Not Found: Callname addAccountZombieKill
[04:37:58:483528 +11:00] [Thread 8656] extDB2: SQL_CUSTOM_V2: Error No Custom Call Not Found: Input String addAccountZombieKill:76561198073016657
[04:37:58:483585 +11:00] [Thread 8656] extDB2: SQL_CUSTOM_V2: Error No Custom Call Not Found: Callname addAccountZombieKill
[04:38:15:045999 +11:00] [Thread 4596] extDB2: SQL_CUSTOM_V2: Error No Custom Call Not Found: Input String addAccountZombieKill:76561198073016657
[04:38:15:046058 +11:00] [Thread 4596] extDB2: SQL_CUSTOM_V2: Error No Custom Call Not Found: Callname addAccountZombieKill
[04:38:20:609776 +11:00] [Thread 8656] extDB2: SQL_CUSTOM_V2: Error No Custom Call Not Found: Input String addAccountZombieKill:76561198073016657
[04:38:20:609831 +11:00] [Thread 8656] extDB2: SQL_CUSTOM_V2: Error No Custom Call Not Found: Callname addAccountZombieKill
[04:38:41:529588 +11:00] [Thread 13112] extDB2: Stopping ...
