[01:26:05:601640 +02:00] [Thread 3952] PLAYER: ( 76561197995369312 ) R Alpha 3-2:1 (Oliver-Rehrmann) REMOTE SOLD ITEM: Exile_Bike_QuadBike_Guerilla02 (ID# 24) with Cargo [] FOR 1250 POPTABS AND 125 RESPECT | PLAYER TOTAL MONEY: 1250
[01:26:21:179531 +02:00] [Thread 884] PLAYER: ( 76561197995369312 ) R Alpha 3-2:1 (Oliver-Rehrmann) REMOTE SOLD ITEM: Exile_Car_UAZ_Green (ID# <null>) with Cargo [] FOR 3500 POPTABS AND 350 RESPECT | PLAYER TOTAL MONEY: 4750
[01:26:44:948891 +02:00] [Thread 2244] PLAYER: ( 76561197995369312 ) R Alpha 3-2:1 (Oliver-Rehrmann) REMOTE PURCHASED ITEM Exile_Item_CodeLock FOR 5000 POPTABS | PLAYER TOTAL MONEY: 0
[01:30:13:309808 +02:00] [Thread 3124] PLAYER: ( 76561197995369312 ) R Alpha 3-2:1 (Oliver-Rehrmann) REMOTE PURCHASED ITEM V_PlateCarrier2_rgr FOR 100 POPTABS | PLAYER TOTAL MONEY: 4900
[01:30:27:385613 +02:00] [Thread 2244] PLAYER: ( 76561197995369312 ) R Alpha 3-2:1 (Oliver-Rehrmann) REMOTE PURCHASED ITEM H_HelmetB_Light_tna_F FOR 20 POPTABS | PLAYER TOTAL MONEY: 4880
[01:30:48:188803 +02:00] [Thread 3124] PLAYER: ( 76561197995369312 ) R Alpha 3-2:1 (Oliver-Rehrmann) REMOTE PURCHASED ITEM U_B_T_Soldier_SL_F FOR 40 POPTABS | PLAYER TOTAL MONEY: 4840
[01:31:05:322783 +02:00] [Thread 2244] PLAYER: ( 76561197995369312 ) R Alpha 3-2:1 (Oliver-Rehrmann) REMOTE PURCHASED ITEM NVGoggles_INDEP FOR 100 POPTABS | PLAYER TOTAL MONEY: 4740
[01:31:38:674691 +02:00] [Thread 3124] PLAYER: ( 76561197995369312 ) R Alpha 3-2:1 (Oliver-Rehrmann) REMOTE PURCHASED ITEM Exile_Weapon_M16A4 FOR 350 POPTABS | PLAYER TOTAL MONEY: 4390
[01:31:52:796499 +02:00] [Thread 884] PLAYER: ( 76561197995369312 ) R Alpha 3-2:1 (Oliver-Rehrmann) REMOTE PURCHASED ITEM optic_Aco_smg FOR 70 POPTABS | PLAYER TOTAL MONEY: 4320
[01:32:33:034800 +02:00] [Thread 3124] PLAYER: ( 76561197995369312 ) R Alpha 3-2:1 (Oliver-Rehrmann) REMOTE PURCHASED ITEM muzzle_snds_M FOR 10 POPTABS | PLAYER TOTAL MONEY: 4310
[01:32:43:579403 +02:00] [Thread 884] PLAYER: ( 76561197995369312 ) R Alpha 3-2:1 (Oliver-Rehrmann) REMOTE PURCHASED ITEM bipod_01_F_blk FOR 10 POPTABS | PLAYER TOTAL MONEY: 4300
[01:33:37:668497 +02:00] [Thread 3124] PLAYER: ( 76561197995369312 ) R Alpha 3-2:1 (Oliver-Rehrmann) REMOTE PURCHASED ITEM Exile_Magazine_75Rnd_545x39_RPK_Green FOR 20 POPTABS | PLAYER TOTAL MONEY: 4280
[01:33:50:159211 +02:00] [Thread 2244] PLAYER: ( 76561197995369312 ) R Alpha 3-2:1 (Oliver-Rehrmann) REMOTE SOLD ITEM Exile_Magazine_75Rnd_545x39_RPK_Green FOR 10 POPTABS AND 1 RESPECT | PLAYER TOTAL MONEY: 4290
[01:34:39:650042 +02:00] [Thread 884] PLAYER: ( 76561197995369312 ) R Alpha 3-2:1 (Oliver-Rehrmann) REMOTE PURCHASED ITEM 30Rnd_556x45_Stanag_Tracer_Yellow FOR 20 POPTABS | PLAYER TOTAL MONEY: 4270
[01:34:40:871112 +02:00] [Thread 2244] PLAYER: ( 76561197995369312 ) R Alpha 3-2:1 (Oliver-Rehrmann) REMOTE PURCHASED ITEM 30Rnd_556x45_Stanag_Tracer_Yellow FOR 20 POPTABS | PLAYER TOTAL MONEY: 4250
[01:34:41:922172 +02:00] [Thread 884] PLAYER: ( 76561197995369312 ) R Alpha 3-2:1 (Oliver-Rehrmann) REMOTE PURCHASED ITEM 30Rnd_556x45_Stanag_Tracer_Yellow FOR 20 POPTABS | PLAYER TOTAL MONEY: 4230
[01:34:42:861226 +02:00] [Thread 2244] PLAYER: ( 76561197995369312 ) R Alpha 3-2:1 (Oliver-Rehrmann) REMOTE PURCHASED ITEM 30Rnd_556x45_Stanag_Tracer_Yellow FOR 20 POPTABS | PLAYER TOTAL MONEY: 4210
[01:34:43:821281 +02:00] [Thread 884] PLAYER: ( 76561197995369312 ) R Alpha 3-2:1 (Oliver-Rehrmann) REMOTE PURCHASED ITEM 30Rnd_556x45_Stanag_Tracer_Yellow FOR 20 POPTABS | PLAYER TOTAL MONEY: 4190
[01:36:42:806086 +02:00] [Thread 3124] PLAYER: ( 76561197995369312 ) R Alpha 3-2:1 (Oliver-Rehrmann) REMOTE SOLD ITEM: Exile_Car_Volha_White (ID# <null>) with Cargo [] FOR 3000 POPTABS AND 300 RESPECT | PLAYER TOTAL MONEY: 7190
[03:34:32:847469 +02:00] [Thread 4056] PLAYER: ( 76561197995369312 ) R Alpha 3-2:1 (Oliver-Rehrmann) REMOTE SOLD ITEM 5Rnd_127x108_APDS_Mag FOR 25 POPTABS AND 2.5 RESPECT | PLAYER TOTAL MONEY: 706
[03:34:37:188718 +02:00] [Thread 3172] PLAYER: ( 76561197995369312 ) R Alpha 3-2:1 (Oliver-Rehrmann) REMOTE SOLD ITEM Exile_Item_FuelCanisterEmpty FOR 20 POPTABS AND 2 RESPECT | PLAYER TOTAL MONEY: 726
[03:34:39:066825 +02:00] [Thread 4056] PLAYER: ( 76561197995369312 ) R Alpha 3-2:1 (Oliver-Rehrmann) REMOTE SOLD ITEM 20Rnd_762x51_Mag FOR 10 POPTABS AND 1 RESPECT | PLAYER TOTAL MONEY: 736
[03:34:40:253893 +02:00] [Thread 3172] PLAYER: ( 76561197995369312 ) R Alpha 3-2:1 (Oliver-Rehrmann) REMOTE SOLD ITEM 20Rnd_762x51_Mag FOR 10 POPTABS AND 1 RESPECT | PLAYER TOTAL MONEY: 746
[03:34:50:168460 +02:00] [Thread 4056] PLAYER: ( 76561197995369312 ) R Alpha 3-2:1 (Oliver-Rehrmann) REMOTE SOLD ITEM optic_KHS_hex FOR 150 POPTABS AND 15 RESPECT | PLAYER TOTAL MONEY: 896
[03:34:51:959563 +02:00] [Thread 1272] PLAYER: ( 76561197995369312 ) R Alpha 3-2:1 (Oliver-Rehrmann) REMOTE SOLD ITEM bipod_01_F_blk FOR 5 POPTABS AND 0.5 RESPECT | PLAYER TOTAL MONEY: 901
[03:34:53:053625 +02:00] [Thread 3172] PLAYER: ( 76561197995369312 ) R Alpha 3-2:1 (Oliver-Rehrmann) REMOTE SOLD ITEM bipod_03_F_blk FOR 5 POPTABS AND 0.5 RESPECT | PLAYER TOTAL MONEY: 906
[03:34:54:119686 +02:00] [Thread 1272] PLAYER: ( 76561197995369312 ) R Alpha 3-2:1 (Oliver-Rehrmann) REMOTE SOLD ITEM optic_NVS FOR 250 POPTABS AND 25 RESPECT | PLAYER TOTAL MONEY: 1156
[03:35:00:772067 +02:00] [Thread 3172] PLAYER: ( 76561197995369312 ) R Alpha 3-2:1 (Oliver-Rehrmann) REMOTE SOLD ITEM 20Rnd_762x51_Mag FOR 10 POPTABS AND 1 RESPECT | PLAYER TOTAL MONEY: 1166
[03:35:01:936133 +02:00] [Thread 1272] PLAYER: ( 76561197995369312 ) R Alpha 3-2:1 (Oliver-Rehrmann) REMOTE SOLD ITEM 20Rnd_762x51_Mag FOR 10 POPTABS AND 1 RESPECT | PLAYER TOTAL MONEY: 1176
[03:35:02:969192 +02:00] [Thread 3172] PLAYER: ( 76561197995369312 ) R Alpha 3-2:1 (Oliver-Rehrmann) REMOTE SOLD ITEM 20Rnd_762x51_Mag FOR 10 POPTABS AND 1 RESPECT | PLAYER TOTAL MONEY: 1186
[03:35:06:846414 +02:00] [Thread 1272] PLAYER: ( 76561197995369312 ) R Alpha 3-2:1 (Oliver-Rehrmann) REMOTE SOLD ITEM arifle_AKM_F FOR 200 POPTABS AND 20 RESPECT | PLAYER TOTAL MONEY: 1386
[03:35:09:683576 +02:00] [Thread 3172] PLAYER: ( 76561197995369312 ) R Alpha 3-2:1 (Oliver-Rehrmann) REMOTE SOLD ITEM Exile_Headgear_GasMask FOR 250 POPTABS AND 25 RESPECT | PLAYER TOTAL MONEY: 1636
[03:35:51:201951 +02:00] [Thread 1272] PLAYER: ( 76561197995369312 ) R Alpha 3-2:1 (Oliver-Rehrmann) REMOTE SOLD ITEM srifle_GM6_F FOR 475 POPTABS AND 47.5 RESPECT | PLAYER TOTAL MONEY: 2111
[03:36:07:730896 +02:00] [Thread 3172] PLAYER: ( 76561197995369312 ) R Alpha 3-2:1 (Oliver-Rehrmann) REMOTE SOLD ITEM LMG_Mk200_F FOR 150 POPTABS AND 15 RESPECT | PLAYER TOTAL MONEY: 2261
[03:38:57:366599 +02:00] [Thread 1272] PLAYER: ( 76561197995369312 ) R Alpha 3-2:1 (Oliver-Rehrmann) REMOTE SOLD ITEM: CUP_C_S1203_CIV (ID# <null>) with Cargo [] FOR 0 POPTABS AND 0 RESPECT | PLAYER TOTAL MONEY: 2261
[11:33:17:297182 +02:00] [Thread 692] PLAYER: ( 76561197995369312 ) R Alpha 3-2:1 (Oliver-Rehrmann) REMOTE SOLD ITEM: CUP_C_S1203_Ambulance_CIV (ID# <null>) with Cargo [] FOR 0 POPTABS AND 0 RESPECT | PLAYER TOTAL MONEY: 0
[11:36:32:190329 +02:00] [Thread 692] PLAYER: ( 76561197995369312 ) R Alpha 3-2:1 (Oliver-Rehrmann) REMOTE SOLD ITEM: I_E_Heli_light_03_unarmed_F (ID# <null>) with Cargo [] FOR 0 POPTABS AND 0 RESPECT | PLAYER TOTAL MONEY: 0
[13:38:45:293928 +02:00] [Thread 2884] PLAYER: ( 76561197995369312 ) R Alpha 3-2:1 (Oliver-Rehrmann) REMOTE SOLD ITEM Exile_Item_InstaDoc FOR 625 POPTABS AND 62.5 RESPECT | PLAYER TOTAL MONEY: 678
[15:49:52:851973 +02:00] [Thread 3092] PLAYER: ( 76561197995369312 ) R Alpha 3-2:1 (Oliver-Rehrmann) REMOTE SOLD ITEM: CUP_O_Datsun_PK_Random (ID# <null>) with Cargo [] FOR 3500 POPTABS AND 350 RESPECT | PLAYER TOTAL MONEY: 3611
[15:52:15:901155 +02:00] [Thread 4236] PLAYER: ( 76561197995369312 ) R Alpha 3-2:1 (Oliver-Rehrmann) REMOTE SOLD ITEM: CUP_C_Ural_Civ_02 (ID# 27) with Cargo [] FOR 5000 POPTABS AND 500 RESPECT | PLAYER TOTAL MONEY: 8611
[16:08:12:709881 +02:00] [Thread 4364] PLAYER: ( 76561197995369312 ) R Alpha 3-2:1 (Oliver-Rehrmann) REMOTE SOLD ITEM: CUP_C_V3S_Covered_TKC (ID# <null>) with Cargo [] FOR 0 POPTABS AND 0 RESPECT | PLAYER TOTAL MONEY: 8660
[16:34:50:862290 +02:00] [Thread 1156] PLAYER: ( 76561197995369312 ) R Alpha 3-2:1 (Oliver-Rehrmann) REMOTE SOLD ITEM: CUP_C_S1203_CIV (ID# <null>) with Cargo [] FOR 0 POPTABS AND 0 RESPECT | PLAYER TOTAL MONEY: 8660
[16:36:09:570792 +02:00] [Thread 1496] PLAYER: ( 76561197995369312 ) R Alpha 3-2:1 (Oliver-Rehrmann) REMOTE SOLD ITEM: CUP_C_TT650_TK_CIV (ID# <null>) with Cargo [] FOR 0 POPTABS AND 0 RESPECT | PLAYER TOTAL MONEY: 8660
[16:47:00:479022 +02:00] [Thread 4144] PLAYER: ( 76561197995369312 ) R Alpha 3-2:1 (Oliver-Rehrmann) REMOTE SOLD ITEM: CUP_C_Skoda_Green_CIV (ID# <null>) with Cargo [] FOR 2000 POPTABS AND 200 RESPECT | PLAYER TOTAL MONEY: 10660
[16:58:54:332852 +02:00] [Thread 2592] PLAYER: ( 76561197995369312 ) R Alpha 3-2:1 (Oliver-Rehrmann) REMOTE SOLD ITEM: CUP_I_SUV_ION (ID# <null>) with Cargo [] FOR 3500 POPTABS AND 350 RESPECT | PLAYER TOTAL MONEY: 14160
[18:17:21:654096 +02:00] [Thread 3800] PLAYER: ( 76561197995369312 ) R Alpha 3-2:1 (Oliver-Rehrmann) REMOTE PURCHASED ITEM Exile_Item_DuctTape FOR 300 POPTABS | PLAYER TOTAL MONEY: 5700
[18:17:26:651381 +02:00] [Thread 4532] PLAYER: ( 76561197995369312 ) R Alpha 3-2:1 (Oliver-Rehrmann) REMOTE PURCHASED ITEM Exile_Item_CodeLock FOR 5000 POPTABS | PLAYER TOTAL MONEY: 700
[19:47:00:592753 +02:00] [Thread 976] PLAYER: ( 76561197995369312 ) R Alpha 3-3:1 (Oliver-Rehrmann) REMOTE SOLD ITEM hgun_Rook40_F FOR 45 POPTABS AND 4.5 RESPECT | PLAYER TOTAL MONEY: 2487
[19:47:08:238191 +02:00] [Thread 4532] PLAYER: ( 76561197995369312 ) R Alpha 3-3:1 (Oliver-Rehrmann) REMOTE SOLD ITEM Exile_Item_InstaDoc FOR 625 POPTABS AND 62.5 RESPECT | PLAYER TOTAL MONEY: 3112
[19:47:09:171244 +02:00] [Thread 3800] PLAYER: ( 76561197995369312 ) R Alpha 3-3:1 (Oliver-Rehrmann) REMOTE SOLD ITEM Exile_Item_InstaDoc FOR 625 POPTABS AND 62.5 RESPECT | PLAYER TOTAL MONEY: 3737
[19:47:10:105297 +02:00] [Thread 976] PLAYER: ( 76561197995369312 ) R Alpha 3-3:1 (Oliver-Rehrmann) REMOTE SOLD ITEM Exile_Item_InstaDoc FOR 625 POPTABS AND 62.5 RESPECT | PLAYER TOTAL MONEY: 4362
[19:47:11:073353 +02:00] [Thread 3800] PLAYER: ( 76561197995369312 ) R Alpha 3-3:1 (Oliver-Rehrmann) REMOTE SOLD ITEM Exile_Item_InstaDoc FOR 625 POPTABS AND 62.5 RESPECT | PLAYER TOTAL MONEY: 4987
[19:47:20:605898 +02:00] [Thread 4532] PLAYER: ( 76561197995369312 ) R Alpha 3-3:1 (Oliver-Rehrmann) REMOTE SOLD ITEM DemoCharge_Remote_Mag FOR 350 POPTABS AND 35 RESPECT | PLAYER TOTAL MONEY: 5337
[19:47:21:672959 +02:00] [Thread 3800] PLAYER: ( 76561197995369312 ) R Alpha 3-3:1 (Oliver-Rehrmann) REMOTE SOLD ITEM Exile_Item_SheepSteak_Cooked FOR 115 POPTABS AND 11.5 RESPECT | PLAYER TOTAL MONEY: 5452
[19:47:22:604012 +02:00] [Thread 4532] PLAYER: ( 76561197995369312 ) R Alpha 3-3:1 (Oliver-Rehrmann) REMOTE SOLD ITEM Exile_Item_SheepSteak_Cooked FOR 115 POPTABS AND 11.5 RESPECT | PLAYER TOTAL MONEY: 5567
[19:47:23:431059 +02:00] [Thread 976] PLAYER: ( 76561197995369312 ) R Alpha 3-3:1 (Oliver-Rehrmann) REMOTE SOLD ITEM Exile_Item_SheepSteak_Cooked FOR 115 POPTABS AND 11.5 RESPECT | PLAYER TOTAL MONEY: 5682
[19:47:24:278108 +02:00] [Thread 3800] PLAYER: ( 76561197995369312 ) R Alpha 3-3:1 (Oliver-Rehrmann) REMOTE SOLD ITEM Exile_Item_SheepSteak_Cooked FOR 115 POPTABS AND 11.5 RESPECT | PLAYER TOTAL MONEY: 5797
[19:47:25:171159 +02:00] [Thread 976] PLAYER: ( 76561197995369312 ) R Alpha 3-3:1 (Oliver-Rehrmann) REMOTE SOLD ITEM Exile_Item_SheepSteak_Cooked FOR 115 POPTABS AND 11.5 RESPECT | PLAYER TOTAL MONEY: 5912
[19:47:29:032380 +02:00] [Thread 4532] PLAYER: ( 76561197995369312 ) R Alpha 3-3:1 (Oliver-Rehrmann) REMOTE SOLD ITEM 30Rnd_580x42_Mag_Tracer_F FOR 7 POPTABS AND 0.7 RESPECT | PLAYER TOTAL MONEY: 5919
[19:47:29:985434 +02:00] [Thread 976] PLAYER: ( 76561197995369312 ) R Alpha 3-3:1 (Oliver-Rehrmann) REMOTE SOLD ITEM 30Rnd_580x42_Mag_Tracer_F FOR 7 POPTABS AND 0.7 RESPECT | PLAYER TOTAL MONEY: 5926
[19:47:30:922488 +02:00] [Thread 4532] PLAYER: ( 76561197995369312 ) R Alpha 3-3:1 (Oliver-Rehrmann) REMOTE SOLD ITEM 30Rnd_580x42_Mag_Tracer_F FOR 7 POPTABS AND 0.7 RESPECT | PLAYER TOTAL MONEY: 5933
[19:47:41:187075 +02:00] [Thread 976] PLAYER: ( 76561197995369312 ) R Alpha 3-3:1 (Oliver-Rehrmann) REMOTE SOLD ITEM arifle_CTAR_GL_blk_F FOR 225 POPTABS AND 22.5 RESPECT | PLAYER TOTAL MONEY: 6158
[19:47:43:387201 +02:00] [Thread 3800] PLAYER: ( 76561197995369312 ) R Alpha 3-3:1 (Oliver-Rehrmann) REMOTE SOLD ITEM 30Rnd_580x42_Mag_Tracer_F FOR 7 POPTABS AND 0.7 RESPECT | PLAYER TOTAL MONEY: 6165
[19:51:23:773806 +02:00] [Thread 4532] PLAYER: ( 76561197995369312 ) R Alpha 3-3:1 (Oliver-Rehrmann) REMOTE PURCHASED ITEM Exile_Item_JunkMetal FOR 400 POPTABS | PLAYER TOTAL MONEY: 5765
[19:51:24:889870 +02:00] [Thread 3800] PLAYER: ( 76561197995369312 ) R Alpha 3-3:1 (Oliver-Rehrmann) REMOTE PURCHASED ITEM Exile_Item_JunkMetal FOR 400 POPTABS | PLAYER TOTAL MONEY: 5365
[19:51:25:858926 +02:00] [Thread 4532] PLAYER: ( 76561197995369312 ) R Alpha 3-3:1 (Oliver-Rehrmann) REMOTE PURCHASED ITEM Exile_Item_JunkMetal FOR 400 POPTABS | PLAYER TOTAL MONEY: 4965
[19:51:26:823981 +02:00] [Thread 3800] PLAYER: ( 76561197995369312 ) R Alpha 3-3:1 (Oliver-Rehrmann) REMOTE PURCHASED ITEM Exile_Item_JunkMetal FOR 400 POPTABS | PLAYER TOTAL MONEY: 4565
[19:51:27:848039 +02:00] [Thread 4532] PLAYER: ( 76561197995369312 ) R Alpha 3-3:1 (Oliver-Rehrmann) REMOTE PURCHASED ITEM Exile_Item_JunkMetal FOR 400 POPTABS | PLAYER TOTAL MONEY: 4165
[19:51:28:823095 +02:00] [Thread 3800] PLAYER: ( 76561197995369312 ) R Alpha 3-3:1 (Oliver-Rehrmann) REMOTE PURCHASED ITEM Exile_Item_JunkMetal FOR 400 POPTABS | PLAYER TOTAL MONEY: 3765
[19:51:33:502363 +02:00] [Thread 4532] PLAYER: ( 76561197995369312 ) R Alpha 3-3:1 (Oliver-Rehrmann) REMOTE PURCHASED ITEM Exile_Item_MetalScrews FOR 100 POPTABS | PLAYER TOTAL MONEY: 3665
[19:51:34:640428 +02:00] [Thread 3800] PLAYER: ( 76561197995369312 ) R Alpha 3-3:1 (Oliver-Rehrmann) REMOTE PURCHASED ITEM Exile_Item_MetalScrews FOR 100 POPTABS | PLAYER TOTAL MONEY: 3565
[19:51:35:601483 +02:00] [Thread 4532] PLAYER: ( 76561197995369312 ) R Alpha 3-3:1 (Oliver-Rehrmann) REMOTE PURCHASED ITEM Exile_Item_MetalScrews FOR 100 POPTABS | PLAYER TOTAL MONEY: 3465
[19:51:36:346525 +02:00] [Thread 3800] PLAYER: ( 76561197995369312 ) R Alpha 3-3:1 (Oliver-Rehrmann) REMOTE PURCHASED ITEM Exile_Item_MetalScrews FOR 100 POPTABS | PLAYER TOTAL MONEY: 3365
[19:51:38:437645 +02:00] [Thread 4532] PLAYER: ( 76561197995369312 ) R Alpha 3-3:1 (Oliver-Rehrmann) REMOTE PURCHASED ITEM Exile_Item_JunkMetal FOR 400 POPTABS | PLAYER TOTAL MONEY: 2965
[19:51:39:402700 +02:00] [Thread 3800] PLAYER: ( 76561197995369312 ) R Alpha 3-3:1 (Oliver-Rehrmann) REMOTE PURCHASED ITEM Exile_Item_JunkMetal FOR 400 POPTABS | PLAYER TOTAL MONEY: 2565
[19:51:55:960647 +02:00] [Thread 4532] PLAYER: ( 76561197995369312 ) R Alpha 3-3:1 (Oliver-Rehrmann) REMOTE PURCHASED ITEM Exile_Item_MetalScrews FOR 100 POPTABS | PLAYER TOTAL MONEY: 2465
[19:51:56:936703 +02:00] [Thread 3800] PLAYER: ( 76561197995369312 ) R Alpha 3-3:1 (Oliver-Rehrmann) REMOTE PURCHASED ITEM Exile_Item_MetalScrews FOR 100 POPTABS | PLAYER TOTAL MONEY: 2365
[19:51:57:853756 +02:00] [Thread 4532] PLAYER: ( 76561197995369312 ) R Alpha 3-3:1 (Oliver-Rehrmann) REMOTE PURCHASED ITEM Exile_Item_MetalScrews FOR 100 POPTABS | PLAYER TOTAL MONEY: 2265
[19:51:58:768808 +02:00] [Thread 3800] PLAYER: ( 76561197995369312 ) R Alpha 3-3:1 (Oliver-Rehrmann) REMOTE PURCHASED ITEM Exile_Item_MetalScrews FOR 100 POPTABS | PLAYER TOTAL MONEY: 2165
[19:51:59:633857 +02:00] [Thread 4532] PLAYER: ( 76561197995369312 ) R Alpha 3-3:1 (Oliver-Rehrmann) REMOTE PURCHASED ITEM Exile_Item_MetalScrews FOR 100 POPTABS | PLAYER TOTAL MONEY: 2065
[20:31:08:295193 +02:00] [Thread 976] PLAYER: ( 76561197995369312 ) R Alpha 3-3:1 (Oliver-Rehrmann) REMOTE SOLD ITEM: Exile_Car_V3S_Covered (ID# <null>) with Cargo [] FOR 4500 POPTABS AND 450 RESPECT | PLAYER TOTAL MONEY: 4500
