extDB2: Version: 70
extDB2: https://github.com/Torndeco/extDB2
extDB2: Windows Version
Message: All development for extDB2 is done on a Linux Dedicated Server
Message: If you would like to Donate to extDB2 Development
Message: https://www.paypal.com/cgi-bin/webscr?cmd=_s-xclick&hosted_button_id=2SUEFTGABTAM2
Message: Also leave a message if there is any particular feature you would like to see added.
Message: Thanks for all the people that have donated.
Message: Torndeco: 20/02/15


extDB2: Found extdb-conf.ini
extDB2: Detected 8 Cores, Setting up 6 Worker Threads


[23:43:26:184535 +11:00] [Thread 9156] extDB2: Database Type: MySQL
[23:43:26:187676 +11:00] [Thread 9156] extDB2: Database Session Pool Started
[23:43:26:192212 +11:00] [Thread 9156] extDB2: SQL_CUSTOM_V2: Loading Template Filename: C:\Arma3TavianaExile\@ExileServer\extDB\sql_custom_v2\exile.ini
[23:43:26:192369 +11:00] [Thread 9156] extDB2: SQL_CUSTOM_V2: Version 12 Detected, Latest Version 12 Available
[23:52:28:698833 +11:00] [Thread 12100] extDB2: SQL_CUSTOM_V2: Error No Custom Call Not Found: Input String addAccountZombieKill:76561198018530308
[23:52:28:698896 +11:00] [Thread 12100] extDB2: SQL_CUSTOM_V2: Error No Custom Call Not Found: Callname addAccountZombieKill
[23:52:45:438524 +11:00] [Thread 3608] extDB2: SQL_CUSTOM_V2: Error No Custom Call Not Found: Input String addAccountZombieKill:76561198018530308
[23:52:45:438585 +11:00] [Thread 3608] extDB2: SQL_CUSTOM_V2: Error No Custom Call Not Found: Callname addAccountZombieKill
[23:53:47:657394 +11:00] [Thread 9156] extDB2: Stopping ...
