[19:36:47:454908 +11:00] [Thread 5408] mad max was killed by an NPC!
[20:01:12:071000 +11:00] [Thread 9032] Thomas Cale commited suicide!
[20:31:14:739464 +11:00] [Thread 9032] mad max commited suicide!
[20:33:59:886786 +11:00] [Thread 11848] Thomas Cale was killed by an NPC!
[20:36:15:360957 +11:00] [Thread 9032] Julian was killed by an NPC!
[20:36:34:686331 +11:00] [Thread 11848] mad max was killed by an NPC!
[20:42:59:343989 +11:00] [Thread 6344] mad max commited suicide!
[20:43:06:078114 +11:00] [Thread 9428] mad max commited suicide!
[20:43:13:878823 +11:00] [Thread 6592] mad max commited suicide!
[20:43:37:829074 +11:00] [Thread 9428] mad max commited suicide!
[20:43:47:832429 +11:00] [Thread 9428] mad max commited suicide!
[20:52:06:402038 +11:00] [Thread 6592] mad max was team-killed by Thomas Cale!
[20:57:48:052426 +11:00] [Thread 6592] mad max was team-killed by Julian!
[21:05:39:739596 +11:00] [Thread 9428] mad max was team-killed by Thomas Cale!
[21:49:17:238557 +11:00] [Thread 14164] Julian commited suicide!
[21:49:35:359748 +11:00] [Thread 9032] Julian was team-killed by mad max!
[22:05:30:216687 +11:00] [Thread 6592] Ethan commited suicide!
[22:24:47:057426 +11:00] [Thread 9032] Julian commited suicide!
[22:30:53:513685 +11:00] [Thread 9428] Ethan commited suicide!
[00:56:51:177786 +11:00] [Thread 10448] mad max commited suicide!
[01:17:18:851237 +11:00] [Thread 11456] mad max died for an unknown reason!
