[15:52:45:030658 +02:00] [Thread 1280] PLAYER: ( 76561197995369312 ) R Alpha 1-2:1 (Oliver-Rehrmann) REMOTE PURCHASED VEHICLE Exile_Car_Hunter FOR 26500 POPTABS | PLAYER TOTAL MONEY: 4.9735e+006
[15:55:40:423690 +02:00] [Thread 1280] PLAYER: ( 76561197995369312 ) R Alpha 1-2:1 (Oliver-Rehrmann) REMOTE SOLD ITEM: Exile_Car_Volha_White (ID# <null>) with Cargo [] FOR 3000 POPTABS AND 300 RESPECT | PLAYER TOTAL MONEY: 4.9765e+006
[15:59:08:445588 +02:00] [Thread 5764] PLAYER: ( 76561197995369312 ) R Alpha 1-2:1 (Oliver-Rehrmann) REMOTE PURCHASED ITEM B_Bergen_tna_F FOR 400 POPTABS | PLAYER TOTAL MONEY: 4.9761e+006
[15:59:20:793294 +02:00] [Thread 3624] PLAYER: ( 76561197995369312 ) R Alpha 1-2:1 (Oliver-Rehrmann) REMOTE PURCHASED ITEM V_PlateCarrierGL_tna_F FOR 500 POPTABS | PLAYER TOTAL MONEY: 4.9756e+006
[15:59:36:335183 +02:00] [Thread 1280] PLAYER: ( 76561197995369312 ) R Alpha 1-2:1 (Oliver-Rehrmann) REMOTE PURCHASED ITEM U_I_CombatUniform_tshirt FOR 40 POPTABS | PLAYER TOTAL MONEY: 4.97556e+006
[15:59:49:007908 +02:00] [Thread 3624] PLAYER: ( 76561197995369312 ) R Alpha 1-2:1 (Oliver-Rehrmann) REMOTE PURCHASED ITEM U_B_T_Soldier_F FOR 40 POPTABS | PLAYER TOTAL MONEY: 4.97552e+006
[16:00:23:026854 +02:00] [Thread 1280] PLAYER: ( 76561197995369312 ) R Alpha 1-2:1 (Oliver-Rehrmann) REMOTE PURCHASED ITEM H_HelmetSpecB FOR 80 POPTABS | PLAYER TOTAL MONEY: 4.97544e+006
[16:01:21:735212 +02:00] [Thread 3624] PLAYER: ( 76561197995369312 ) R Alpha 1-2:1 (Oliver-Rehrmann) REMOTE PURCHASED ITEM srifle_EBR_F FOR 700 POPTABS | PLAYER TOTAL MONEY: 4.96974e+006
[16:01:34:497941 +02:00] [Thread 5764] PLAYER: ( 76561197995369312 ) R Alpha 1-2:1 (Oliver-Rehrmann) REMOTE PURCHASED ITEM optic_LRPS FOR 300 POPTABS | PLAYER TOTAL MONEY: 4.96944e+006
[16:01:46:646636 +02:00] [Thread 3624] PLAYER: ( 76561197995369312 ) R Alpha 1-2:1 (Oliver-Rehrmann) REMOTE PURCHASED ITEM muzzle_snds_B FOR 20 POPTABS | PLAYER TOTAL MONEY: 4.96942e+006
[16:01:51:087890 +02:00] [Thread 5764] PLAYER: ( 76561197995369312 ) R Alpha 1-2:1 (Oliver-Rehrmann) REMOTE PURCHASED ITEM bipod_01_F_blk FOR 10 POPTABS | PLAYER TOTAL MONEY: 4.96941e+006
[16:02:05:389708 +02:00] [Thread 3624] PLAYER: ( 76561197995369312 ) R Alpha 1-2:1 (Oliver-Rehrmann) REMOTE PURCHASED ITEM 20Rnd_762x51_Mag FOR 20 POPTABS | PLAYER TOTAL MONEY: 4.96939e+006
[16:02:06:189754 +02:00] [Thread 5764] PLAYER: ( 76561197995369312 ) R Alpha 1-2:1 (Oliver-Rehrmann) REMOTE PURCHASED ITEM 20Rnd_762x51_Mag FOR 20 POPTABS | PLAYER TOTAL MONEY: 4.96937e+006
[16:02:07:009801 +02:00] [Thread 3624] PLAYER: ( 76561197995369312 ) R Alpha 1-2:1 (Oliver-Rehrmann) REMOTE PURCHASED ITEM 20Rnd_762x51_Mag FOR 20 POPTABS | PLAYER TOTAL MONEY: 4.96935e+006
[16:02:07:869850 +02:00] [Thread 5764] PLAYER: ( 76561197995369312 ) R Alpha 1-2:1 (Oliver-Rehrmann) REMOTE PURCHASED ITEM 20Rnd_762x51_Mag FOR 20 POPTABS | PLAYER TOTAL MONEY: 4.96933e+006
[16:02:08:669896 +02:00] [Thread 3624] PLAYER: ( 76561197995369312 ) R Alpha 1-2:1 (Oliver-Rehrmann) REMOTE PURCHASED ITEM 20Rnd_762x51_Mag FOR 20 POPTABS | PLAYER TOTAL MONEY: 4.96931e+006
[16:02:09:489943 +02:00] [Thread 5764] PLAYER: ( 76561197995369312 ) R Alpha 1-2:1 (Oliver-Rehrmann) REMOTE PURCHASED ITEM 20Rnd_762x51_Mag FOR 20 POPTABS | PLAYER TOTAL MONEY: 4.96929e+006
[16:02:10:229985 +02:00] [Thread 3624] PLAYER: ( 76561197995369312 ) R Alpha 1-2:1 (Oliver-Rehrmann) REMOTE PURCHASED ITEM 20Rnd_762x51_Mag FOR 20 POPTABS | PLAYER TOTAL MONEY: 4.96927e+006
[16:02:10:910024 +02:00] [Thread 5764] PLAYER: ( 76561197995369312 ) R Alpha 1-2:1 (Oliver-Rehrmann) REMOTE PURCHASED ITEM 20Rnd_762x51_Mag FOR 20 POPTABS | PLAYER TOTAL MONEY: 4.96925e+006
[16:02:11:590063 +02:00] [Thread 3624] PLAYER: ( 76561197995369312 ) R Alpha 1-2:1 (Oliver-Rehrmann) REMOTE PURCHASED ITEM 20Rnd_762x51_Mag FOR 20 POPTABS | PLAYER TOTAL MONEY: 4.96923e+006
[16:02:12:210098 +02:00] [Thread 5764] PLAYER: ( 76561197995369312 ) R Alpha 1-2:1 (Oliver-Rehrmann) REMOTE PURCHASED ITEM 20Rnd_762x51_Mag FOR 20 POPTABS | PLAYER TOTAL MONEY: 4.96921e+006
[16:02:31:732215 +02:00] [Thread 3624] PLAYER: ( 76561197995369312 ) R Alpha 1-2:1 (Oliver-Rehrmann) REMOTE PURCHASED ITEM O_NVGoggles_ghex_F FOR 150 POPTABS | PLAYER TOTAL MONEY: 4.96906e+006
[19:26:48:855682 +02:00] [Thread 5636] PLAYER: ( 76561197995369312 ) R Alpha 1-2:1 (Oliver-Rehrmann) REMOTE SOLD ITEM: Exile_Car_Tractor_Red (ID# <null>) with Cargo [] FOR 1000 POPTABS AND 100 RESPECT | PLAYER TOTAL MONEY: 1000
[19:27:55:062469 +02:00] [Thread 5828] PLAYER: ( 76561197995369312 ) R Alpha 1-2:1 (Oliver-Rehrmann) REMOTE PURCHASED ITEM Exile_Item_Noodles FOR 14 POPTABS | PLAYER TOTAL MONEY: 986
