[07:18:50:068961 +02:00] [Thread 1260] PLAYER: ( 76561197995369312 ) R Alpha 1-2:1 (Oliver-Rehrmann) REMOTE PURCHASED ITEM Exile_Item_PlasticBottleCoffee FOR 70 POPTABS | PLAYER TOTAL MONEY: 4169
[07:18:51:909067 +02:00] [Thread 3840] PLAYER: ( 76561197995369312 ) R Alpha 1-2:1 (Oliver-Rehrmann) REMOTE PURCHASED ITEM Exile_Item_EMRE FOR 54 POPTABS | PLAYER TOTAL MONEY: 4115
[07:19:34:223487 +02:00] [Thread 1260] PLAYER: ( 76561197995369312 ) R Alpha 1-2:1 (Oliver-Rehrmann) REMOTE PURCHASED ITEM muzzle_snds_B FOR 20 POPTABS | PLAYER TOTAL MONEY: 4095
[07:19:53:270576 +02:00] [Thread 3840] PLAYER: ( 76561197995369312 ) R Alpha 1-2:1 (Oliver-Rehrmann) REMOTE PURCHASED ITEM 20Rnd_762x51_Mag FOR 20 POPTABS | PLAYER TOTAL MONEY: 4075
[07:19:54:010619 +02:00] [Thread 1260] PLAYER: ( 76561197995369312 ) R Alpha 1-2:1 (Oliver-Rehrmann) REMOTE PURCHASED ITEM 20Rnd_762x51_Mag FOR 20 POPTABS | PLAYER TOTAL MONEY: 4055
[07:19:54:730660 +02:00] [Thread 3840] PLAYER: ( 76561197995369312 ) R Alpha 1-2:1 (Oliver-Rehrmann) REMOTE PURCHASED ITEM 20Rnd_762x51_Mag FOR 20 POPTABS | PLAYER TOTAL MONEY: 4035
[07:19:55:490703 +02:00] [Thread 1260] PLAYER: ( 76561197995369312 ) R Alpha 1-2:1 (Oliver-Rehrmann) REMOTE PURCHASED ITEM 20Rnd_762x51_Mag FOR 20 POPTABS | PLAYER TOTAL MONEY: 4015
[07:20:08:452445 +02:00] [Thread 3840] PLAYER: ( 76561197995369312 ) R Alpha 1-2:1 (Oliver-Rehrmann) REMOTE PURCHASED ITEM NVGogglesB_grn_F FOR 1000 POPTABS | PLAYER TOTAL MONEY: 3015
[07:21:07:793839 +02:00] [Thread 244] PLAYER: ( 76561197995369312 ) R Alpha 1-2:1 (Oliver-Rehrmann) REMOTE PURCHASED VEHICLE Exile_Car_Hunter FOR 26500 POPTABS | PLAYER TOTAL MONEY: 26515
[07:59:13:445571 +02:00] [Thread 244] PLAYER: ( 76561197995369312 ) R Alpha 1-2:1 (Oliver-Rehrmann) REMOTE SOLD ITEM: Exile_Car_LandRover_Ambulance_Desert (ID# <null>) with Cargo ["Exile_Item_BBQSandwich","Exile_Item_EnergyDrink","Exile_Item_EnergyDrink","Exile_Item_Bandage","Exile_Item_Surstromming_Cooked","Exile_Item_BBQSandwich","Exile_Item_EnergyDrink","Exile_Item_Bandage","Exile_Item_EnergyDrink","Exile_Item_CatFood_Cooked","Exile_Item_WaterCanisterDirtyWater","Exile_Item_Vishpirin","Exile_Item_Cement","Exile_Item_PlasticBottleFreshWater","Exile_Item_PlasticBottleFreshWater","Exile_Item_WoodStairsKit","Exile_Item_WoodFloorPortKit","Exile_Item_ConcreteDoorwayKit","Exile_Item_Grinder","Exile_Item_PlasticBottleFreshWater","Exile_Item_SandBagsKit_Long","Exile_Item_ConcreteStairsKit","arifle_Mk20_plain_F","arifle_SPAR_01_khk_F","Exile_Weapon_SVDCamo","arifle_MX_Black_F","30Rnd_65x39_caseless_mag","srifle_LRR_F","7Rnd_408_Mag","arifle_Mk20_GL_F","optic_Holosight","30Rnd_556x45_Stanag","arifle_TRG21_GL_F","optic_Holosight","30Rnd_556x45_Stanag","arifle_Mk20_GL_F","30Rnd_556x45_Stanag"] FOR 8807 POPTABS AND 880.7 RESPECT | PLAYER TOTAL MONEY: 35897
[09:11:39:211704 +02:00] [Thread 5852] PLAYER: ( 76561197995369312 ) R Zocker-Community:1 (Oliver-Rehrmann) REMOTE PURCHASED ITEM Exile_Item_DuctTape FOR 300 POPTABS | PLAYER TOTAL MONEY: 9700
[09:11:52:237449 +02:00] [Thread 1984] PLAYER: ( 76561197995369312 ) R Zocker-Community:1 (Oliver-Rehrmann) REMOTE PURCHASED ITEM srifle_EBR_F FOR 700 POPTABS | PLAYER TOTAL MONEY: 9000
[09:12:01:777995 +02:00] [Thread 5852] PLAYER: ( 76561197995369312 ) R Zocker-Community:1 (Oliver-Rehrmann) REMOTE PURCHASED ITEM optic_LRPS FOR 300 POPTABS | PLAYER TOTAL MONEY: 8700
[09:12:19:840028 +02:00] [Thread 1984] PLAYER: ( 76561197995369312 ) R Zocker-Community:1 (Oliver-Rehrmann) REMOTE PURCHASED ITEM muzzle_snds_B FOR 20 POPTABS | PLAYER TOTAL MONEY: 8680
[09:12:29:140560 +02:00] [Thread 5852] PLAYER: ( 76561197995369312 ) R Zocker-Community:1 (Oliver-Rehrmann) REMOTE PURCHASED ITEM 20Rnd_762x51_Mag FOR 20 POPTABS | PLAYER TOTAL MONEY: 8660
[09:12:29:920605 +02:00] [Thread 1984] PLAYER: ( 76561197995369312 ) R Zocker-Community:1 (Oliver-Rehrmann) REMOTE PURCHASED ITEM 20Rnd_762x51_Mag FOR 20 POPTABS | PLAYER TOTAL MONEY: 8640
[09:12:30:700649 +02:00] [Thread 5852] PLAYER: ( 76561197995369312 ) R Zocker-Community:1 (Oliver-Rehrmann) REMOTE PURCHASED ITEM 20Rnd_762x51_Mag FOR 20 POPTABS | PLAYER TOTAL MONEY: 8620
[09:12:31:400689 +02:00] [Thread 5852] PLAYER: ( 76561197995369312 ) R Zocker-Community:1 (Oliver-Rehrmann) REMOTE PURCHASED ITEM 20Rnd_762x51_Mag FOR 20 POPTABS | PLAYER TOTAL MONEY: 8600
[09:12:32:040726 +02:00] [Thread 1984] PLAYER: ( 76561197995369312 ) R Zocker-Community:1 (Oliver-Rehrmann) REMOTE PURCHASED ITEM 20Rnd_762x51_Mag FOR 20 POPTABS | PLAYER TOTAL MONEY: 8580
[09:12:32:680762 +02:00] [Thread 5852] PLAYER: ( 76561197995369312 ) R Zocker-Community:1 (Oliver-Rehrmann) REMOTE PURCHASED ITEM 20Rnd_762x51_Mag FOR 20 POPTABS | PLAYER TOTAL MONEY: 8560
[09:12:51:781855 +02:00] [Thread 1984] PLAYER: ( 76561197995369312 ) R Zocker-Community:1 (Oliver-Rehrmann) REMOTE PURCHASED ITEM U_B_T_Soldier_F FOR 40 POPTABS | PLAYER TOTAL MONEY: 8520
[09:13:03:207508 +02:00] [Thread 5852] PLAYER: ( 76561197995369312 ) R Zocker-Community:1 (Oliver-Rehrmann) REMOTE PURCHASED ITEM V_PlateCarrierGL_tna_F FOR 500 POPTABS | PLAYER TOTAL MONEY: 8020
[09:13:17:268313 +02:00] [Thread 1984] PLAYER: ( 76561197995369312 ) R Zocker-Community:1 (Oliver-Rehrmann) REMOTE PURCHASED ITEM H_HelmetB_Enh_tna_F FOR 100 POPTABS | PLAYER TOTAL MONEY: 7920
[09:13:56:251542 +02:00] [Thread 5568] PLAYER: ( 76561197995369312 ) R Zocker-Community:1 (Oliver-Rehrmann) REMOTE SOLD ITEM B_Bergen_dgtl_F FOR 200 POPTABS AND 20 RESPECT | PLAYER TOTAL MONEY: 8120
[09:14:04:353006 +02:00] [Thread 5852] PLAYER: ( 76561197995369312 ) R Zocker-Community:1 (Oliver-Rehrmann) REMOTE PURCHASED ITEM B_Bergen_tna_F FOR 400 POPTABS | PLAYER TOTAL MONEY: 7720
[09:14:31:137538 +02:00] [Thread 5568] PLAYER: ( 76561197995369312 ) R Zocker-Community:1 (Oliver-Rehrmann) REMOTE PURCHASED ITEM NVGogglesB_grn_F FOR 1000 POPTABS | PLAYER TOTAL MONEY: 6720
[10:11:46:658583 +02:00] [Thread 5672] PLAYER: ( 76561197995369312 ) R Zocker-Community:1 (Oliver-Rehrmann) REMOTE PURCHASED ITEM Exile_Item_PlasticBottleEmpty FOR 4 POPTABS | PLAYER TOTAL MONEY: 36716
[10:11:52:300906 +02:00] [Thread 5404] PLAYER: ( 76561197995369312 ) R Zocker-Community:1 (Oliver-Rehrmann) REMOTE PURCHASED ITEM Exile_Item_EMRE FOR 54 POPTABS | PLAYER TOTAL MONEY: 36662
[17:36:51:096961 +02:00] [Thread 2920] PLAYER: ( 76561197995369312 ) R Zocker-Community:1 (Oliver-Rehrmann) REMOTE SOLD ITEM: Exile_Bike_QuadBike_Black (ID# <null>) with Cargo [] FOR 1250 POPTABS AND 125 RESPECT | PLAYER TOTAL MONEY: 12912
[17:36:55:997241 +02:00] [Thread 2920] PLAYER: ( 76561197995369312 ) R Zocker-Community:1 (Oliver-Rehrmann) REMOTE SOLD ITEM: Exile_Car_OldTractor_Red (ID# <null>) with Cargo [] FOR 600 POPTABS AND 60 RESPECT | PLAYER TOTAL MONEY: 13512
[17:41:16:883163 +02:00] [Thread 2920] PLAYER: ( 76561197995369312 ) R Zocker-Community:1 (Oliver-Rehrmann) REMOTE PURCHASED VEHICLE Exile_Chopper_Huron_Black FOR 50000 POPTABS | PLAYER TOTAL MONEY: 512
[17:58:07:391961 +02:00] [Thread 3236] PLAYER: ( 76561197995369312 ) R Zocker-Community:1 (Oliver-Rehrmann) REMOTE PURCHASED ITEM Exile_Item_Handsaw FOR 500 POPTABS | PLAYER TOTAL MONEY: 12
[17:59:16:503914 +02:00] [Thread 3236] PLAYER: ( 76561197995369312 ) R Zocker-Community:1 (Oliver-Rehrmann) REMOTE PURCHASED ITEM Exile_Item_CodeLock FOR 5000 POPTABS | PLAYER TOTAL MONEY: 23471
[17:59:17:619977 +02:00] [Thread 664] PLAYER: ( 76561197995369312 ) R Zocker-Community:1 (Oliver-Rehrmann) REMOTE PURCHASED ITEM Exile_Item_CodeLock FOR 5000 POPTABS | PLAYER TOTAL MONEY: 18471
[18:32:22:254864 +02:00] [Thread 4320] PLAYER: ( 76561197995369312 ) R Zocker-Community:1 (Oliver-Rehrmann) REMOTE PURCHASED ITEM Exile_Item_SafeKit FOR 25000 POPTABS | PLAYER TOTAL MONEY: 105471
[18:32:23:394929 +02:00] [Thread 2828] PLAYER: ( 76561197995369312 ) R Zocker-Community:1 (Oliver-Rehrmann) REMOTE PURCHASED ITEM Exile_Item_SafeKit FOR 25000 POPTABS | PLAYER TOTAL MONEY: 80471
[18:32:56:676833 +02:00] [Thread 4320] PLAYER: ( 76561197995369312 ) R Zocker-Community:1 (Oliver-Rehrmann) REMOTE PURCHASED ITEM Exile_Item_SafeKit FOR 25000 POPTABS | PLAYER TOTAL MONEY: 55471
[18:32:57:656889 +02:00] [Thread 2828] PLAYER: ( 76561197995369312 ) R Zocker-Community:1 (Oliver-Rehrmann) REMOTE PURCHASED ITEM Exile_Item_SafeKit FOR 25000 POPTABS | PLAYER TOTAL MONEY: 30471
[18:33:27:258582 +02:00] [Thread 4320] PLAYER: ( 76561197995369312 ) R Zocker-Community:1 (Oliver-Rehrmann) REMOTE PURCHASED ITEM Exile_Item_SafeKit FOR 25000 POPTABS | PLAYER TOTAL MONEY: 5471
[18:33:43:959537 +02:00] [Thread 2828] PLAYER: ( 76561197995369312 ) R Zocker-Community:1 (Oliver-Rehrmann) REMOTE PURCHASED ITEM Exile_Item_EMRE FOR 54 POPTABS | PLAYER TOTAL MONEY: 5417
[18:33:45:079601 +02:00] [Thread 4320] PLAYER: ( 76561197995369312 ) R Zocker-Community:1 (Oliver-Rehrmann) REMOTE PURCHASED ITEM Exile_Item_EMRE FOR 54 POPTABS | PLAYER TOTAL MONEY: 5363
[18:33:46:180664 +02:00] [Thread 2828] PLAYER: ( 76561197995369312 ) R Zocker-Community:1 (Oliver-Rehrmann) REMOTE PURCHASED ITEM Exile_Item_EMRE FOR 54 POPTABS | PLAYER TOTAL MONEY: 5309
[18:33:47:279727 +02:00] [Thread 4320] PLAYER: ( 76561197995369312 ) R Zocker-Community:1 (Oliver-Rehrmann) REMOTE PURCHASED ITEM Exile_Item_EMRE FOR 54 POPTABS | PLAYER TOTAL MONEY: 5255
[18:33:49:300842 +02:00] [Thread 2828] PLAYER: ( 76561197995369312 ) R Zocker-Community:1 (Oliver-Rehrmann) REMOTE PURCHASED ITEM Exile_Item_PlasticBottleCoffee FOR 70 POPTABS | PLAYER TOTAL MONEY: 5185
[18:33:50:359903 +02:00] [Thread 4320] PLAYER: ( 76561197995369312 ) R Zocker-Community:1 (Oliver-Rehrmann) REMOTE PURCHASED ITEM Exile_Item_PlasticBottleCoffee FOR 70 POPTABS | PLAYER TOTAL MONEY: 5115
[18:33:51:300957 +02:00] [Thread 2828] PLAYER: ( 76561197995369312 ) R Zocker-Community:1 (Oliver-Rehrmann) REMOTE PURCHASED ITEM Exile_Item_PlasticBottleCoffee FOR 70 POPTABS | PLAYER TOTAL MONEY: 5045
[18:33:52:280013 +02:00] [Thread 4320] PLAYER: ( 76561197995369312 ) R Zocker-Community:1 (Oliver-Rehrmann) REMOTE PURCHASED ITEM Exile_Item_PlasticBottleCoffee FOR 70 POPTABS | PLAYER TOTAL MONEY: 4975
[18:33:53:202066 +02:00] [Thread 2828] PLAYER: ( 76561197995369312 ) R Zocker-Community:1 (Oliver-Rehrmann) REMOTE PURCHASED ITEM Exile_Item_PlasticBottleCoffee FOR 70 POPTABS | PLAYER TOTAL MONEY: 4905
[18:33:54:141119 +02:00] [Thread 4320] PLAYER: ( 76561197995369312 ) R Zocker-Community:1 (Oliver-Rehrmann) REMOTE PURCHASED ITEM Exile_Item_PlasticBottleCoffee FOR 70 POPTABS | PLAYER TOTAL MONEY: 4835
[18:33:55:022170 +02:00] [Thread 2828] PLAYER: ( 76561197995369312 ) R Zocker-Community:1 (Oliver-Rehrmann) REMOTE PURCHASED ITEM Exile_Item_PlasticBottleCoffee FOR 70 POPTABS | PLAYER TOTAL MONEY: 4765
[18:33:55:921221 +02:00] [Thread 4320] PLAYER: ( 76561197995369312 ) R Zocker-Community:1 (Oliver-Rehrmann) REMOTE PURCHASED ITEM Exile_Item_PlasticBottleCoffee FOR 70 POPTABS | PLAYER TOTAL MONEY: 4695
[18:34:08:302929 +02:00] [Thread 2828] PLAYER: ( 76561197995369312 ) R Zocker-Community:1 (Oliver-Rehrmann) REMOTE PURCHASED ITEM Exile_Item_Matches FOR 60 POPTABS | PLAYER TOTAL MONEY: 4635
