=====================================================================
== D:\GitHub\Arma3TavianaExile\arma3server_x64.exe
== arma3server_x64.exe  -mod=@ExileMod;@CUPUnits;@CUPWeapons;@CUPVehicles;@CUPTerrainscore;@CUPTerrainsmaps;@CUPTerrainsmaps2;@ryanzombies;@CBA_A3;@Arma3Taviana; -servermod=@ExileServer; -config=D:\GitHub\Arma3TavianaExile\@ExileServer\config.cfg -port=2302 -profiles=Exile-Boss -cfg=D:\GitHub\Arma3TavianaExile\@ExileServer\basic.cfg -name=anomalygamingtest -autoinit

Original output filename: Arma3Retail_Server_x64
Exe timestamp: 2019/11/11 15:08:30
Current time:  2020/04/09 06:55:03

Type: Public
Build: Stable
Version: 1.96.146114

Allocator: D:\GitHub\Arma3TavianaExile\Dll\tbb4malloc_bi_x64.dll [2017.0.0.0] [2017.0.0.0]
PhysMem: 16 GiB, VirtMem : 131072 GiB, AvailPhys : 9.2 GiB, AvailVirt : 131068 GiB, AvailPage : 16 GiB
=====================================================================

 6:55:03 Detected number of DLCs: 24
 6:55:03 DLC index:3 - unable to get DLC data
 6:55:03 DLC index:22 - unable to get DLC data
 6:55:03 DLC index:23 - unable to get DLC data
 6:55:03 ---------------------------------------------------------- Game ----------------------------------------------------------
 6:55:03                                                                name      appId   owned  installed  available   isDlc
 6:55:03                                                              Arma 3     107410     yes        yes        yes      no
 6:55:03                                                             Unknown         -1      no         no         no     yes
 6:55:03 ---------------------------------------------------------- Dlcs ----------------------------------------------------------
 6:55:03  index                                                         name      appId   owned  installed  available   isDlc
 6:55:03      0                              Arma 3 Alpha Lite - expires now     228800      no         no         no     yes
 6:55:03      1                                                Arma 3 Server     233780     yes        yes         no     yes
 6:55:03      2                                                 Arma 3 Tools     233800     yes        yes         no     yes
 6:55:03      4                                            Arma 3 Soundtrack     249860      no         no         no     yes
 6:55:03      5                                                  Arma 3 Maps     249861      no         no         no     yes
 6:55:03      6                                        Arma 3 Tactical Guide     249862      no         no         no     yes
 6:55:03      7                                                  Arma 3 Zeus     275700     yes        yes        yes     yes
 6:55:03      8                                                 Arma 3 Karts     288520     yes        yes        yes     yes
 6:55:03      9                                           Arma 3 Helicopters     304380     yes        yes        yes     yes
 6:55:03     10                                          Arma 3 DLC Bundle 1     304400     yes        yes         no     yes
 6:55:03     11                                              Arma 3 Marksmen     332350     yes        yes        yes     yes
 6:55:03     12                                               Arma 3 Samples     390500     yes        yes         no     yes
 6:55:03     13                                                  Arma 3 Apex     395180     yes        yes        yes     yes
 6:55:03     14                                           Arma 3 Laws of War     571710     yes        yes        yes     yes
 6:55:03     15                                                  Arma 3 Jets     601670     yes        yes        yes     yes
 6:55:03     16                                          Arma 3 DLC Bundle 2     612480     yes        yes         no     yes
 6:55:03     17                                                Arma 3 Malden     639600     yes        yes        yes     yes
 6:55:03     18                                  Arma 3 Tac-Ops Mission Pack     744950     yes        yes        yes     yes
 6:55:03     19                                                 Arma 3 Tanks     798390     yes        yes        yes     yes
 6:55:03     20                                               Arma 3 Contact    1021790      no         no        yes     yes
 6:55:03     21   Arma 3 Creator DLC: Global Mobilization - Cold War Germany    1042220      no         no        yes     yes
 6:55:03 --------------------------------------------------------------------------------------------------------------------------
 6:55:03 Initializing stats manager.
 6:55:03 Stats config disabled.
 6:55:03 sessionID: ca5e6172726c6cb160eb5826eb178f76a9bca9e3
 6:55:08 Unsupported language English in stringtable
 6:55:08 Unsupported language English in stringtable
 6:55:09 Unsupported language English in stringtable
 6:55:09 Unsupported language English in stringtable
 6:55:09 Unsupported language English in stringtable
 6:55:09 Unsupported language English in stringtable
 6:55:09 Unsupported language English in stringtable
 6:55:09 Unsupported language English in stringtable
 6:55:09 Unsupported language English in stringtable
 6:55:09 Unsupported language English in stringtable
 6:55:09 Unsupported language English in stringtable
 6:55:09 Unsupported language English in stringtable
 6:55:09 Unsupported language English in stringtable
 6:55:09 Unsupported language English in stringtable
 6:55:09 Unsupported language English in stringtable
 6:55:09 Unsupported language English in stringtable
 6:55:09 Unsupported language English in stringtable
 6:55:09 Unsupported language English in stringtable
 6:55:09 Unsupported language English in stringtable
 6:55:09 Unsupported language English in stringtable
 6:55:09 Unsupported language English in stringtable
 6:55:09 Unsupported language English in stringtable
 6:55:09 Unsupported language English in stringtable
 6:55:09 Unsupported language English in stringtable
 6:55:09 Unsupported language English in stringtable
 6:55:09 Unsupported language English in stringtable
 6:55:09 Unsupported language English in stringtable
 6:55:09 Unsupported language English in stringtable
 6:55:09 Unsupported language English in stringtable
 6:55:09 Unsupported language English in stringtable
 6:55:09 Item str_dn_dshkm listed twice
 6:55:09 Item str_lib_dshkm listed twice
 6:55:09 Item str_dn_kord listed twice
 6:55:09 Item str_dn_kord_low listed twice
 6:55:09 Item str_lib_kord listed twice
 6:55:09 Item str_dn_ags30 listed twice
 6:55:09 Item str_lib_ags30 listed twice
 6:55:09 Item str_mn_at13 listed twice
 6:55:09 Item str_dn_at13 listed twice
 6:55:09 Item str_dn_at13launchersingle listed twice
 6:55:09 Item str_lib_at13 listed twice
 6:55:09 Item str_dn_spg9 listed twice
 6:55:09 Item str_lib_spg9 listed twice
 6:55:09 Item str_mn_og9 listed twice
 6:55:09 Item str_mn_pg9 listed twice
 6:55:09 Item str_mn_igla listed twice
 6:55:09 Item str_mn_9k32 listed twice
 6:55:09 Item str_dn_igla_twice listed twice
 6:55:09 Item str_dn_igla_aa_pod_east listed twice
 6:55:09 Item str_dn_2b14 listed twice
 6:55:09 Item str_lib_2b14 listed twice
 6:55:09 Item str_dn_d30 listed twice
 6:55:09 Item str_lib_d30 listed twice
 6:55:09 Item str_dn_m2_mg listed twice
 6:55:09 Item str_dn_m2hd_minitripod listed twice
 6:55:09 Item str_lib_m2_mg listed twice
 6:55:09 Item str_dn_m119 listed twice
 6:55:09 Item str_lib_m119 listed twice
 6:55:09 Item str_dn_m252 listed twice
 6:55:09 Item str_lib_m252 listed twice
 6:55:09 Item str_dn_tow_tripod listed twice
 6:55:09 Item str_dn_tow listed twice
 6:55:09 Item str_dn_mk19_tripod listed twice
 6:55:09 Item str_dn_ZU23 listed twice
 6:55:09 Item str_dn_DSHKM_MiniTripod listed twice
 6:55:09 Unsupported language English in stringtable
 6:55:09 Unsupported language English in stringtable
 6:55:09 Unsupported language English in stringtable
 6:55:09 Unsupported language English in stringtable
 6:55:09 Unsupported language English in stringtable
 6:55:09 Unsupported language English in stringtable
 6:55:09 Unsupported language English in stringtable
 6:55:09 Unsupported language English in stringtable
 6:55:09 Unsupported language English in stringtable
 6:55:09 Unsupported language English in stringtable
 6:55:09 Unsupported language English in stringtable
 6:55:09 Unsupported language English in stringtable
 6:55:09 Unsupported language English in stringtable
 6:55:09 Unsupported language English in stringtable
 6:55:09 Unsupported language English in stringtable
 6:55:09 Unsupported language English in stringtable
 6:55:09 Unsupported language English in stringtable
 6:55:12 Updating base class ->NonStrategic, by a3\data_f\config.bin/CfgVehicles/HouseBase/ (original a3\data_f\config.bin)
 6:55:12 Updating base class ->DestructionEffects, by a3\data_f\config.bin/CfgVehicles/House/DestructionEffects/ (original a3\data_f\config.bin)
 6:55:12 Updating base class ->Wreck, by a3\data_f\config.bin/CfgVehicles/PlaneWreck/ (original a3\data_f\config.bin)
 6:55:12 Updating base class RscShortcutButton->RscButton, by a3\editor_f\config.bin/RscDisplayEditObject/Controls/B_OK/ (original bin\config.bin)
 6:55:12 Updating base class RscSliderH->RscXSliderH, by a3\editor_f\config.bin/RscDisplayEditObject/Slider/ (original bin\config.bin)
 6:55:12 Updating base class RscText->RscPicture, by a3\editor_f\config.bin/RscDisplayEditObject/Preview/ (original bin\config.bin)
 6:55:12 Updating base class RscShortcutButton->RscButton, by a3\editor_f\config.bin/RscDisplayMissionLoad/Controls/B_OK/ (original bin\config.bin)
 6:55:12 Updating base class RscShortcutButton->RscButton, by a3\editor_f\config.bin/RscDisplayMissionSave/Controls/B_OK/ (original bin\config.bin)
 6:55:12 Updating base class ->EtelkaMonospacePro, by a3\uifonts_f\config.bin/CfgFontFamilies/EtelkaMonospaceProBold/ (original ca\uifonts\config.bin)
 6:55:12 Updating base class ->RscControlsGroup, by a3\ui_f\config.bin/RscControlsGroupNoScrollbars/ (original a3\ui_f\config.bin)
 6:55:12 Updating base class ->RscControlsGroup, by a3\ui_f\config.bin/RscControlsGroupNoHScrollbars/ (original a3\ui_f\config.bin)
 6:55:12 Updating base class ->RscControlsGroup, by a3\ui_f\config.bin/RscControlsGroupNoVScrollbars/ (original a3\ui_f\config.bin)
 6:55:12 Updating base class ->RscText, by a3\ui_f\config.bin/RscLine/ (original a3\ui_f\config.bin)
 6:55:12 Updating base class ->RscActiveText, by a3\ui_f\config.bin/RscActivePicture/ (original a3\ui_f\config.bin)
 6:55:12 Updating base class ->RscButton, by a3\ui_f\config.bin/RscButtonTextOnly/ (original a3\ui_f\config.bin)
 6:55:12 Updating base class ->RscShortcutButton, by a3\ui_f\config.bin/RscShortcutButtonMain/ (original a3\ui_f\config.bin)
 6:55:12 Updating base class ->RscShortcutButton, by a3\ui_f\config.bin/RscButtonEditor/ (original a3\ui_f\config.bin)
 6:55:12 Updating base class ->RscShortcutButton, by a3\ui_f\config.bin/RscIGUIShortcutButton/ (original a3\ui_f\config.bin)
 6:55:12 Updating base class ->RscShortcutButton, by a3\ui_f\config.bin/RscGearShortcutButton/ (original a3\ui_f\config.bin)
 6:55:12 Updating base class ->RscShortcutButton, by a3\ui_f\config.bin/RscButtonMenu/ (original a3\ui_f\config.bin)
 6:55:12 Updating base class ->RscButtonMenu, by a3\ui_f\config.bin/RscButtonMenuOK/ (original a3\ui_f\config.bin)
 6:55:12 Updating base class ->RscButtonMenu, by a3\ui_f\config.bin/RscButtonMenuCancel/ (original a3\ui_f\config.bin)
 6:55:12 Updating base class ->RscButtonMenu, by a3\ui_f\config.bin/RscButtonMenuSteam/ (original a3\ui_f\config.bin)
 6:55:12 Updating base class ->RscText, by a3\ui_f\config.bin/RscLoadingText/ (original a3\ui_f\config.bin)
 6:55:12 Updating base class ->RscListBox, by a3\ui_f\config.bin/RscIGUIListBox/ (original a3\ui_f\config.bin)
 6:55:12 Updating base class ->RscListNBox, by a3\ui_f\config.bin/RscIGUIListNBox/ (original a3\ui_f\config.bin)
 6:55:12 Updating base class ->RscText, by a3\ui_f\config.bin/RscBackground/ (original a3\ui_f\config.bin)
 6:55:12 Updating base class ->RscText, by a3\ui_f\config.bin/RscBackgroundGUI/ (original a3\ui_f\config.bin)
 6:55:12 Updating base class ->RscPicture, by a3\ui_f\config.bin/RscBackgroundGUILeft/ (original a3\ui_f\config.bin)
 6:55:12 Updating base class ->RscPicture, by a3\ui_f\config.bin/RscBackgroundGUIRight/ (original a3\ui_f\config.bin)
 6:55:12 Updating base class ->RscPicture, by a3\ui_f\config.bin/RscBackgroundGUIBottom/ (original a3\ui_f\config.bin)
 6:55:12 Updating base class ->RscText, by a3\ui_f\config.bin/RscBackgroundGUITop/ (original a3\ui_f\config.bin)
 6:55:12 Updating base class ->RscText, by a3\ui_f\config.bin/RscBackgroundGUIDark/ (original a3\ui_f\config.bin)
 6:55:12 Updating base class ->RscPictureKeepAspect, by a3\ui_f\config.bin/RscBackgroundLogo/ (original a3\ui_f\config.bin)
 6:55:12 Updating base class ->RscMapControl, by a3\ui_f\config.bin/RscMapControlEmpty/ (original a3\ui_f\config.bin)
 6:55:12 Updating base class ->RscPicture, by a3\ui_f\config.bin/CA_Mainback/ (original a3\ui_f\config.bin)
 6:55:12 Updating base class ->CA_Mainback, by a3\ui_f\config.bin/CA_Back/ (original a3\ui_f\config.bin)
 6:55:12 Updating base class ->CA_Mainback, by a3\ui_f\config.bin/CA_Title_Back/ (original a3\ui_f\config.bin)
 6:55:12 Updating base class ->CA_Mainback, by a3\ui_f\config.bin/CA_Black_Back/ (original a3\ui_f\config.bin)
 6:55:12 Updating base class ->RscTitle, by a3\ui_f\config.bin/CA_Title/ (original a3\ui_f\config.bin)
 6:55:12 Updating base class ->RscPictureKeepAspect, by a3\ui_f\config.bin/CA_Logo/ (original a3\ui_f\config.bin)
 6:55:12 Updating base class ->CA_Logo, by a3\ui_f\config.bin/CA_Logo_Small/ (original a3\ui_f\config.bin)
 6:55:12 Updating base class ->RscButton, by a3\ui_f\config.bin/CA_RscButton/ (original a3\ui_f\config.bin)
 6:55:12 Updating base class ->CA_RscButton, by a3\ui_f\config.bin/CA_RscButton_dialog/ (original a3\ui_f\config.bin)
 6:55:12 Updating base class ->RscActiveText, by a3\ui_f\config.bin/CA_Ok/ (original a3\ui_f\config.bin)
 6:55:12 Updating base class ->RscText, by a3\ui_f\config.bin/CA_Ok_image/ (original a3\ui_f\config.bin)
 6:55:12 Updating base class ->RscText, by a3\ui_f\config.bin/CA_Ok_image2/ (original a3\ui_f\config.bin)
 6:55:12 Updating base class ->RscText, by a3\ui_f\config.bin/CA_Ok_text/ (original a3\ui_f\config.bin)
 6:55:12 Updating base class ->RscPicture, by a3\ui_f\config.bin/RscVignette/ (original a3\ui_f\config.bin)
 6:55:12 Updating base class ->RscControlsGroupNoScrollbars, by a3\ui_f\config.bin/RscMapControlTooltip/ (original a3\ui_f\config.bin)
 6:55:12 Updating base class RscUnitInfo->RscUnitInfoAirNoWeapon, by a3\ui_f\config.bin/RscInGameUI/RscUnitInfoAir/ (original a3\ui_f\config.bin)
 6:55:12 Updating base class RscControlsGroup->RscControlsGroupNoScrollbars, by a3\ui_f\config.bin/RscInGameUI/RscTaskOverview/controls/TaskOverviewAssigned/ (original bin\config.bin)
 6:55:12 Updating base class RscShortcutButton->RscButtonMenu, by a3\ui_f\config.bin/RscDisplayDebug/Controls/B_OK/ (original bin\config.bin)
 6:55:12 Updating base class RscShortcutButton->RscButtonMenu, by a3\ui_f\config.bin/RscDisplayDebug/Controls/B_Cancel/ (original bin\config.bin)
 6:55:12 Updating base class RscShortcutButton->RscButtonMenu, by a3\ui_f\config.bin/RscDisplayDebug/Controls/B_Clear/ (original bin\config.bin)
 6:55:12 Updating base class ->RscText, by a3\ui_f\config.bin/RscDisplayCapture/controls/TimeLines/ (original bin\config.bin)
 6:55:12 Updating base class RscShortcutButton->RscButtonMenu, by a3\ui_f\config.bin/RscDisplayCapture/controls/ButtonAverages/ (original bin\config.bin)
