 5:08:36 BattlEye Server: Initialized (v1.217)
 5:08:36 Game Port: 2302, Steam Query Port: 2303
 5:08:36 Mission Exile.Taviana read from directory.
 5:08:37 Host identity created.
 5:08:38 Roles assigned.
 5:08:38 Reading mission ...
 5:08:38 You cannot play/edit this mission; it is dependent on downloadable content that has been deleted.WW2_Core_c_IF_Gui_c, WW2_Objects_c_Misc_WW2_SimpleObjects_c_CUP, extendedbase
 5:08:38 Mission Exile.Taviana read from directory.
 5:08:39 Roles assigned.
 5:08:39 Reading mission ...
 5:08:39 You cannot play/edit this mission; it is dependent on downloadable content that has been deleted.WW2_Core_c_IF_Gui_c, WW2_Objects_c_Misc_WW2_SimpleObjects_c_CUP, extendedbase
 5:08:39 Mission Exile.Taviana read from directory.
 5:08:40 Roles assigned.
 5:08:40 Reading mission ...
 5:08:40 You cannot play/edit this mission; it is dependent on downloadable content that has been deleted.WW2_Core_c_IF_Gui_c, WW2_Objects_c_Misc_WW2_SimpleObjects_c_CUP, extendedbase
 5:08:40 Mission Exile.Taviana read from directory.
 5:08:41 Roles assigned.
 5:08:41 Reading mission ...
 5:08:41 You cannot play/edit this mission; it is dependent on downloadable content that has been deleted.WW2_Core_c_IF_Gui_c, WW2_Objects_c_Misc_WW2_SimpleObjects_c_CUP, extendedbase
 5:08:41 Mission Exile.Taviana read from directory.
 5:08:41 Roles assigned.
 5:08:41 Reading mission ...
 5:08:42 You cannot play/edit this mission; it is dependent on downloadable content that has been deleted.WW2_Core_c_IF_Gui_c, WW2_Objects_c_Misc_WW2_SimpleObjects_c_CUP, extendedbase
 5:08:42 Mission Exile.Taviana read from directory.
 5:08:42 Roles assigned.
 5:08:42 Reading mission ...
 5:08:42 You cannot play/edit this mission; it is dependent on downloadable content that has been deleted.WW2_Core_c_IF_Gui_c, WW2_Objects_c_Misc_WW2_SimpleObjects_c_CUP, extendedbase
 5:08:42 Mission Exile.Taviana read from directory.
 5:08:43 Roles assigned.
 5:08:43 Reading mission ...
 5:08:43 You cannot play/edit this mission; it is dependent on downloadable content that has been deleted.WW2_Core_c_IF_Gui_c, WW2_Objects_c_Misc_WW2_SimpleObjects_c_CUP, extendedbase
 5:08:43 Mission Exile.Taviana read from directory.
 5:08:44 Roles assigned.
 5:08:44 Reading mission ...
 5:08:44 You cannot play/edit this mission; it is dependent on downloadable content that has been deleted.WW2_Core_c_IF_Gui_c, WW2_Objects_c_Misc_WW2_SimpleObjects_c_CUP, extendedbase
 5:08:44 Mission Exile.Taviana read from directory.
 5:08:45 Roles assigned.
 5:08:45 Reading mission ...
 5:08:45 You cannot play/edit this mission; it is dependent on downloadable content that has been deleted.WW2_Core_c_IF_Gui_c, WW2_Objects_c_Misc_WW2_SimpleObjects_c_CUP, extendedbase
 5:08:45 Mission Exile.Taviana read from directory.
 5:08:46 Roles assigned.
 5:08:46 Reading mission ...
 5:08:46 You cannot play/edit this mission; it is dependent on downloadable content that has been deleted.WW2_Core_c_IF_Gui_c, WW2_Objects_c_Misc_WW2_SimpleObjects_c_CUP, extendedbase
 5:08:46 Mission Exile.Taviana read from directory.
 5:08:47 Roles assigned.
 5:08:47 Reading mission ...
 5:08:47 You cannot play/edit this mission; it is dependent on downloadable content that has been deleted.WW2_Core_c_IF_Gui_c, WW2_Objects_c_Misc_WW2_SimpleObjects_c_CUP, extendedbase
 5:08:47 Mission Exile.Taviana read from directory.
 5:08:48 Roles assigned.
 5:08:48 Reading mission ...
 5:08:48 You cannot play/edit this mission; it is dependent on downloadable content that has been deleted.WW2_Core_c_IF_Gui_c, WW2_Objects_c_Misc_WW2_SimpleObjects_c_CUP, extendedbase
 5:08:48 Mission Exile.Taviana read from directory.
 5:08:49 Roles assigned.
 5:08:49 Reading mission ...
 5:08:49 You cannot play/edit this mission; it is dependent on downloadable content that has been deleted.WW2_Core_c_IF_Gui_c, WW2_Objects_c_Misc_WW2_SimpleObjects_c_CUP, extendedbase
 5:08:49 Mission Exile.Taviana read from directory.
 5:08:50 Roles assigned.
 5:08:50 Reading mission ...
 5:08:50 You cannot play/edit this mission; it is dependent on downloadable content that has been deleted.WW2_Core_c_IF_Gui_c, WW2_Objects_c_Misc_WW2_SimpleObjects_c_CUP, extendedbase
 5:08:50 Mission Exile.Taviana read from directory.
 5:08:51 Roles assigned.
 5:08:51 Reading mission ...
 5:08:51 You cannot play/edit this mission; it is dependent on downloadable content that has been deleted.WW2_Core_c_IF_Gui_c, WW2_Objects_c_Misc_WW2_SimpleObjects_c_CUP, extendedbase
 5:08:51 Mission Exile.Taviana read from directory.
 5:08:52 Roles assigned.
 5:08:52 Reading mission ...
 5:08:52 You cannot play/edit this mission; it is dependent on downloadable content that has been deleted.WW2_Core_c_IF_Gui_c, WW2_Objects_c_Misc_WW2_SimpleObjects_c_CUP, extendedbase
 5:08:52 Mission Exile.Taviana read from directory.
 5:08:53 Roles assigned.
 5:08:53 Reading mission ...
 5:08:53 You cannot play/edit this mission; it is dependent on downloadable content that has been deleted.WW2_Core_c_IF_Gui_c, WW2_Objects_c_Misc_WW2_SimpleObjects_c_CUP, extendedbase
 5:08:53 Mission Exile.Taviana read from directory.
