 5:02:07 BattlEye Server: Initialized (v1.217)
 5:02:07 Game Port: 2302, Steam Query Port: 2303
 5:02:07 Mission Exile.Taviana read from directory.
 5:02:09 Host identity created.
 5:02:09 Roles assigned.
 5:02:09 Reading mission ...
 5:02:09 You cannot play/edit this mission; it is dependent on downloadable content that has been deleted.WW2_Core_c_IF_Gui_c, WW2_Objects_c_Misc_WW2_SimpleObjects_c_CUP, extendedbase
 5:02:09 Mission Exile.Taviana read from directory.
 5:02:10 Roles assigned.
 5:02:10 Reading mission ...
 5:02:10 You cannot play/edit this mission; it is dependent on downloadable content that has been deleted.WW2_Core_c_IF_Gui_c, WW2_Objects_c_Misc_WW2_SimpleObjects_c_CUP, extendedbase
 5:02:10 Mission Exile.Taviana read from directory.
 5:02:11 Roles assigned.
 5:02:11 Reading mission ...
 5:02:11 You cannot play/edit this mission; it is dependent on downloadable content that has been deleted.WW2_Core_c_IF_Gui_c, WW2_Objects_c_Misc_WW2_SimpleObjects_c_CUP, extendedbase
 5:02:11 Mission Exile.Taviana read from directory.
 5:02:12 Roles assigned.
 5:02:12 Reading mission ...
 5:02:12 You cannot play/edit this mission; it is dependent on downloadable content that has been deleted.WW2_Core_c_IF_Gui_c, WW2_Objects_c_Misc_WW2_SimpleObjects_c_CUP, extendedbase
 5:02:12 Mission Exile.Taviana read from directory.
 5:02:13 Roles assigned.
 5:02:13 Reading mission ...
 5:02:13 You cannot play/edit this mission; it is dependent on downloadable content that has been deleted.WW2_Core_c_IF_Gui_c, WW2_Objects_c_Misc_WW2_SimpleObjects_c_CUP, extendedbase
 5:02:13 Mission Exile.Taviana read from directory.
 5:02:13 Roles assigned.
 5:02:14 Reading mission ...
 5:02:14 You cannot play/edit this mission; it is dependent on downloadable content that has been deleted.WW2_Core_c_IF_Gui_c, WW2_Objects_c_Misc_WW2_SimpleObjects_c_CUP, extendedbase
 5:02:14 Mission Exile.Taviana read from directory.
 5:02:15 Roles assigned.
 5:02:15 Reading mission ...
 5:02:15 You cannot play/edit this mission; it is dependent on downloadable content that has been deleted.WW2_Core_c_IF_Gui_c, WW2_Objects_c_Misc_WW2_SimpleObjects_c_CUP, extendedbase
 5:02:15 Mission Exile.Taviana read from directory.
 5:02:15 Roles assigned.
 5:02:15 Reading mission ...
 5:02:16 You cannot play/edit this mission; it is dependent on downloadable content that has been deleted.WW2_Core_c_IF_Gui_c, WW2_Objects_c_Misc_WW2_SimpleObjects_c_CUP, extendedbase
 5:02:16 Mission Exile.Taviana read from directory.
 5:02:16 Roles assigned.
 5:02:16 Reading mission ...
 5:02:16 You cannot play/edit this mission; it is dependent on downloadable content that has been deleted.WW2_Core_c_IF_Gui_c, WW2_Objects_c_Misc_WW2_SimpleObjects_c_CUP, extendedbase
 5:02:17 Mission Exile.Taviana read from directory.
 5:02:17 Roles assigned.
 5:02:17 Reading mission ...
 5:02:17 You cannot play/edit this mission; it is dependent on downloadable content that has been deleted.WW2_Core_c_IF_Gui_c, WW2_Objects_c_Misc_WW2_SimpleObjects_c_CUP, extendedbase
 5:02:17 Mission Exile.Taviana read from directory.
 5:02:18 Roles assigned.
 5:02:18 Reading mission ...
 5:02:18 You cannot play/edit this mission; it is dependent on downloadable content that has been deleted.WW2_Core_c_IF_Gui_c, WW2_Objects_c_Misc_WW2_SimpleObjects_c_CUP, extendedbase
 5:02:18 Mission Exile.Taviana read from directory.
 5:02:19 Roles assigned.
 5:02:19 Reading mission ...
 5:02:19 You cannot play/edit this mission; it is dependent on downloadable content that has been deleted.WW2_Core_c_IF_Gui_c, WW2_Objects_c_Misc_WW2_SimpleObjects_c_CUP, extendedbase
 5:02:19 Mission Exile.Taviana read from directory.
 5:02:20 Roles assigned.
 5:02:20 Reading mission ...
 5:02:20 You cannot play/edit this mission; it is dependent on downloadable content that has been deleted.WW2_Core_c_IF_Gui_c, WW2_Objects_c_Misc_WW2_SimpleObjects_c_CUP, extendedbase
 5:02:20 Mission Exile.Taviana read from directory.
 5:02:21 Roles assigned.
 5:02:21 Reading mission ...
 5:02:21 You cannot play/edit this mission; it is dependent on downloadable content that has been deleted.WW2_Core_c_IF_Gui_c, WW2_Objects_c_Misc_WW2_SimpleObjects_c_CUP, extendedbase
 5:02:21 Mission Exile.Taviana read from directory.
 5:02:22 Roles assigned.
 5:02:22 Reading mission ...
 5:02:22 You cannot play/edit this mission; it is dependent on downloadable content that has been deleted.WW2_Core_c_IF_Gui_c, WW2_Objects_c_Misc_WW2_SimpleObjects_c_CUP, extendedbase
 5:02:22 Mission Exile.Taviana read from directory.
 5:02:23 Roles assigned.
 5:02:23 Reading mission ...
 5:02:23 You cannot play/edit this mission; it is dependent on downloadable content that has been deleted.WW2_Core_c_IF_Gui_c, WW2_Objects_c_Misc_WW2_SimpleObjects_c_CUP, extendedbase
 5:02:23 Mission Exile.Taviana read from directory.
 5:02:24 Roles assigned.
 5:02:24 Reading mission ...
 5:02:24 You cannot play/edit this mission; it is dependent on downloadable content that has been deleted.WW2_Core_c_IF_Gui_c, WW2_Objects_c_Misc_WW2_SimpleObjects_c_CUP, extendedbase
 5:02:24 Mission Exile.Taviana read from directory.
 5:02:25 Roles assigned.
 5:02:25 Reading mission ...
 5:02:25 You cannot play/edit this mission; it is dependent on downloadable content that has been deleted.WW2_Core_c_IF_Gui_c, WW2_Objects_c_Misc_WW2_SimpleObjects_c_CUP, extendedbase
 5:02:25 Mission Exile.Taviana read from directory.
 5:02:26 Roles assigned.
 5:02:26 Reading mission ...
 5:02:26 You cannot play/edit this mission; it is dependent on downloadable content that has been deleted.WW2_Core_c_IF_Gui_c, WW2_Objects_c_Misc_WW2_SimpleObjects_c_CUP, extendedbase
 5:02:26 Mission Exile.Taviana read from directory.
 5:02:27 Roles assigned.
 5:02:27 Reading mission ...
 5:02:27 You cannot play/edit this mission; it is dependent on downloadable content that has been deleted.WW2_Core_c_IF_Gui_c, WW2_Objects_c_Misc_WW2_SimpleObjects_c_CUP, extendedbase
 5:02:27 Mission Exile.Taviana read from directory.
 5:02:28 Roles assigned.
 5:02:28 Reading mission ...
 5:02:28 You cannot play/edit this mission; it is dependent on downloadable content that has been deleted.WW2_Core_c_IF_Gui_c, WW2_Objects_c_Misc_WW2_SimpleObjects_c_CUP, extendedbase
 5:02:28 Mission Exile.Taviana read from directory.
 5:02:29 Roles assigned.
 5:02:29 Reading mission ...
 5:02:29 You cannot play/edit this mission; it is dependent on downloadable content that has been deleted.WW2_Core_c_IF_Gui_c, WW2_Objects_c_Misc_WW2_SimpleObjects_c_CUP, extendedbase
 5:02:29 Mission Exile.Taviana read from directory.
 5:02:30 Roles assigned.
 5:02:30 Reading mission ...
 5:02:30 You cannot play/edit this mission; it is dependent on downloadable content that has been deleted.WW2_Core_c_IF_Gui_c, WW2_Objects_c_Misc_WW2_SimpleObjects_c_CUP, extendedbase
 5:02:30 Mission Exile.Taviana read from directory.
 5:02:31 Roles assigned.
 5:02:31 Reading mission ...
 5:02:31 You cannot play/edit this mission; it is dependent on downloadable content that has been deleted.WW2_Core_c_IF_Gui_c, WW2_Objects_c_Misc_WW2_SimpleObjects_c_CUP, extendedbase
 5:02:31 Mission Exile.Taviana read from directory.
 5:02:32 Roles assigned.
 5:02:32 Reading mission ...
 5:02:32 You cannot play/edit this mission; it is dependent on downloadable content that has been deleted.WW2_Core_c_IF_Gui_c, WW2_Objects_c_Misc_WW2_SimpleObjects_c_CUP, extendedbase
 5:02:32 Mission Exile.Taviana read from directory.
 5:02:33 Roles assigned.
 5:02:33 Reading mission ...
 5:02:33 You cannot play/edit this mission; it is dependent on downloadable content that has been deleted.WW2_Core_c_IF_Gui_c, WW2_Objects_c_Misc_WW2_SimpleObjects_c_CUP, extendedbase
 5:02:33 Mission Exile.Taviana read from directory.
 5:02:34 Roles assigned.
 5:02:34 Reading mission ...
 5:02:34 You cannot play/edit this mission; it is dependent on downloadable content that has been deleted.WW2_Core_c_IF_Gui_c, WW2_Objects_c_Misc_WW2_SimpleObjects_c_CUP, extendedbase
 5:02:34 Mission Exile.Taviana read from directory.
 5:02:35 Roles assigned.
 5:02:35 Reading mission ...
 5:02:35 You cannot play/edit this mission; it is dependent on downloadable content that has been deleted.WW2_Core_c_IF_Gui_c, WW2_Objects_c_Misc_WW2_SimpleObjects_c_CUP, extendedbase
 5:02:35 Mission Exile.Taviana read from directory.
 5:02:36 Roles assigned.
 5:02:36 Reading mission ...
 5:02:36 You cannot play/edit this mission; it is dependent on downloadable content that has been deleted.WW2_Core_c_IF_Gui_c, WW2_Objects_c_Misc_WW2_SimpleObjects_c_CUP, extendedbase
 5:02:36 Mission Exile.Taviana read from directory.
 5:02:37 Roles assigned.
 5:02:37 Reading mission ...
 5:02:37 You cannot play/edit this mission; it is dependent on downloadable content that has been deleted.WW2_Core_c_IF_Gui_c, WW2_Objects_c_Misc_WW2_SimpleObjects_c_CUP, extendedbase
 5:02:37 Mission Exile.Taviana read from directory.
 5:02:38 Roles assigned.
 5:02:38 Reading mission ...
 5:02:38 You cannot play/edit this mission; it is dependent on downloadable content that has been deleted.WW2_Core_c_IF_Gui_c, WW2_Objects_c_Misc_WW2_SimpleObjects_c_CUP, extendedbase
 5:02:38 Mission Exile.Taviana read from directory.
 5:02:39 Roles assigned.
 5:02:39 Reading mission ...
 5:02:39 You cannot play/edit this mission; it is dependent on downloadable content that has been deleted.WW2_Core_c_IF_Gui_c, WW2_Objects_c_Misc_WW2_SimpleObjects_c_CUP, extendedbase
 5:02:39 Mission Exile.Taviana read from directory.
 5:02:40 Roles assigned.
 5:02:40 Reading mission ...
 5:02:40 You cannot play/edit this mission; it is dependent on downloadable content that has been deleted.WW2_Core_c_IF_Gui_c, WW2_Objects_c_Misc_WW2_SimpleObjects_c_CUP, extendedbase
 5:02:40 Mission Exile.Taviana read from directory.
 5:02:41 Roles assigned.
 5:02:41 Reading mission ...
 5:02:41 You cannot play/edit this mission; it is dependent on downloadable content that has been deleted.WW2_Core_c_IF_Gui_c, WW2_Objects_c_Misc_WW2_SimpleObjects_c_CUP, extendedbase
 5:02:41 Mission Exile.Taviana read from directory.
 5:02:42 Roles assigned.
 5:02:42 Reading mission ...
 5:02:42 You cannot play/edit this mission; it is dependent on downloadable content that has been deleted.WW2_Core_c_IF_Gui_c, WW2_Objects_c_Misc_WW2_SimpleObjects_c_CUP, extendedbase
 5:02:42 Mission Exile.Taviana read from directory.
 5:02:43 Roles assigned.
 5:02:43 Reading mission ...
 5:02:43 You cannot play/edit this mission; it is dependent on downloadable content that has been deleted.WW2_Core_c_IF_Gui_c, WW2_Objects_c_Misc_WW2_SimpleObjects_c_CUP, extendedbase
 5:02:43 Mission Exile.Taviana read from directory.
 5:02:44 Roles assigned.
 5:02:44 Reading mission ...
 5:02:44 You cannot play/edit this mission; it is dependent on downloadable content that has been deleted.WW2_Core_c_IF_Gui_c, WW2_Objects_c_Misc_WW2_SimpleObjects_c_CUP, extendedbase
 5:02:44 Mission Exile.Taviana read from directory.
 5:02:45 Roles assigned.
 5:02:45 Reading mission ...
 5:02:45 You cannot play/edit this mission; it is dependent on downloadable content that has been deleted.WW2_Core_c_IF_Gui_c, WW2_Objects_c_Misc_WW2_SimpleObjects_c_CUP, extendedbase
 5:02:45 Mission Exile.Taviana read from directory.
 5:02:46 Roles assigned.
 5:02:46 Reading mission ...
 5:02:46 You cannot play/edit this mission; it is dependent on downloadable content that has been deleted.WW2_Core_c_IF_Gui_c, WW2_Objects_c_Misc_WW2_SimpleObjects_c_CUP, extendedbase
 5:02:46 Mission Exile.Taviana read from directory.
 5:02:47 Roles assigned.
 5:02:47 Reading mission ...
 5:02:47 You cannot play/edit this mission; it is dependent on downloadable content that has been deleted.WW2_Core_c_IF_Gui_c, WW2_Objects_c_Misc_WW2_SimpleObjects_c_CUP, extendedbase
 5:02:47 Mission Exile.Taviana read from directory.
 5:02:48 Roles assigned.
 5:02:48 Reading mission ...
 5:02:48 You cannot play/edit this mission; it is dependent on downloadable content that has been deleted.WW2_Core_c_IF_Gui_c, WW2_Objects_c_Misc_WW2_SimpleObjects_c_CUP, extendedbase
 5:02:48 Mission Exile.Taviana read from directory.
 5:02:49 Roles assigned.
 5:02:49 Reading mission ...
 5:02:49 You cannot play/edit this mission; it is dependent on downloadable content that has been deleted.WW2_Core_c_IF_Gui_c, WW2_Objects_c_Misc_WW2_SimpleObjects_c_CUP, extendedbase
 5:02:49 Mission Exile.Taviana read from directory.
 5:02:50 Roles assigned.
 5:02:50 Reading mission ...
 5:02:50 You cannot play/edit this mission; it is dependent on downloadable content that has been deleted.WW2_Core_c_IF_Gui_c, WW2_Objects_c_Misc_WW2_SimpleObjects_c_CUP, extendedbase
 5:02:50 Mission Exile.Taviana read from directory.
 5:02:51 Roles assigned.
 5:02:51 Reading mission ...
 5:02:51 You cannot play/edit this mission; it is dependent on downloadable content that has been deleted.WW2_Core_c_IF_Gui_c, WW2_Objects_c_Misc_WW2_SimpleObjects_c_CUP, extendedbase
 5:02:51 Mission Exile.Taviana read from directory.
 5:02:52 Roles assigned.
 5:02:52 Reading mission ...
 5:02:52 You cannot play/edit this mission; it is dependent on downloadable content that has been deleted.WW2_Core_c_IF_Gui_c, WW2_Objects_c_Misc_WW2_SimpleObjects_c_CUP, extendedbase
 5:02:52 Mission Exile.Taviana read from directory.
 5:02:53 Roles assigned.
 5:02:53 Reading mission ...
 5:02:53 You cannot play/edit this mission; it is dependent on downloadable content that has been deleted.WW2_Core_c_IF_Gui_c, WW2_Objects_c_Misc_WW2_SimpleObjects_c_CUP, extendedbase
 5:02:53 Mission Exile.Taviana read from directory.
 5:02:54 Roles assigned.
 5:02:54 Reading mission ...
 5:02:54 You cannot play/edit this mission; it is dependent on downloadable content that has been deleted.WW2_Core_c_IF_Gui_c, WW2_Objects_c_Misc_WW2_SimpleObjects_c_CUP, extendedbase
 5:02:54 Mission Exile.Taviana read from directory.
 5:02:55 Roles assigned.
 5:02:55 Reading mission ...
 5:02:55 You cannot play/edit this mission; it is dependent on downloadable content that has been deleted.WW2_Core_c_IF_Gui_c, WW2_Objects_c_Misc_WW2_SimpleObjects_c_CUP, extendedbase
 5:02:55 Mission Exile.Taviana read from directory.
 5:02:56 Roles assigned.
 5:02:56 Reading mission ...
 5:02:56 You cannot play/edit this mission; it is dependent on downloadable content that has been deleted.WW2_Core_c_IF_Gui_c, WW2_Objects_c_Misc_WW2_SimpleObjects_c_CUP, extendedbase
 5:02:56 Mission Exile.Taviana read from directory.
 5:02:57 Roles assigned.
 5:02:57 Reading mission ...
 5:02:57 You cannot play/edit this mission; it is dependent on downloadable content that has been deleted.WW2_Core_c_IF_Gui_c, WW2_Objects_c_Misc_WW2_SimpleObjects_c_CUP, extendedbase
 5:02:57 Mission Exile.Taviana read from directory.
