 6:07:54 BattlEye Server: Initialized (v1.217)
 6:07:55 Game Port: 2302, Steam Query Port: 2303
 6:07:55 Mission Exile.Taviana read from directory.
 6:07:56 Host identity created.
 6:07:57 Roles assigned.
 6:07:57 Reading mission ...
 6:08:09 Mission read.
 6:08:09 Game started.
 6:08:22 Thomas Cale uses modified data file
 6:08:26 BattlEye Server: Player #0 Thomas Cale (192.168.42.42:2316) connected
 6:08:26 Player Thomas Cale connecting.
 6:08:27 BattlEye Server: Connected to BE Master
 6:08:27 BattlEye Server: Player #0 Thomas Cale - BE GUID: 309448eed56a92d91bd96a533d6ad38d
 6:08:57 Player Thomas Cale disconnected.
 6:08:57 BattlEye Server: Player #0 Thomas Cale disconnected
 6:09:27 Thomas Cale uses modified data file
 6:09:32 BattlEye Server: Player #0 Thomas Cale (127.0.0.1:2316) connected
 6:09:32 Player Thomas Cale connecting.
 6:09:33 BattlEye Server: Player #0 Thomas Cale - BE GUID: 309448eed56a92d91bd96a533d6ad38d
 6:10:31 Player Thomas Cale disconnected.
 6:10:31 BattlEye Server: Player #0 Thomas Cale disconnected
 6:11:33 Thomas Cale uses modified data file
 6:11:38 BattlEye Server: Player #0 Thomas Cale (127.0.0.1:2316) connected
 6:11:38 Player Thomas Cale connecting.
 6:11:39 BattlEye Server: Player #0 Thomas Cale - BE GUID: 309448eed56a92d91bd96a533d6ad38d
 6:12:40 Player Thomas Cale connected (id=76561198073016657).
 6:12:40 BattlEye Server: Verified GUID (309448eed56a92d91bd96a533d6ad38d) of player #0 Thomas Cale
 6:12:46 Files C:\Program Files (x86)\Steam\steamapps\common\Arma 3\!Workshop\@ExileMod\addons\dbo_old_bike.pbo are not signed by a key accepted by this server. To play on this server, remove listed files or install additional accepted keys.
 6:12:46 Player Thomas Cale disconnected.
 6:12:46 BattlEye Server: Player #0 Thomas Cale disconnected
